<?xml version="1.0" encoding="UTF-8" ?>
<testsuites name="vitest tests" tests="1466" failures="0" errors="0" time="7.361609088">
    <testsuite name="src/index.test.js" timestamp="2025-07-02T17:04:59.268Z" hostname="Adarshs-MacBook-Pro.local" tests="1" failures="0" errors="0" skipped="0" time="0.001296541">
        <testcase classname="src/index.test.js" name="placeholder tests &gt; should pass" time="0.00066175">
        </testcase>
    </testsuite>
    <testsuite name="src/index.test.ts" timestamp="2025-07-02T17:04:59.269Z" hostname="Adarshs-MacBook-Pro.local" tests="1" failures="0" errors="0" skipped="0" time="0.002876917">
        <testcase classname="src/index.test.ts" name="placeholder tests &gt; should pass" time="0.001602417">
        </testcase>
    </testsuite>
    <testsuite name="src/config/config.test.js" timestamp="2025-07-02T17:04:59.269Z" hostname="Adarshs-MacBook-Pro.local" tests="18" failures="0" errors="0" skipped="0" time="0.048803834">
        <testcase classname="src/config/config.test.js" name="Server Config (config.ts) &gt; Config constructor should store userMemory correctly" time="0.032922417">
        </testcase>
        <testcase classname="src/config/config.test.js" name="Server Config (config.ts) &gt; Config constructor should default userMemory to empty string if not provided" time="0.00089525">
        </testcase>
        <testcase classname="src/config/config.test.js" name="Server Config (config.ts) &gt; Config constructor should call setGeminiMdFilename with contextFileName if provided" time="0.002103875">
        </testcase>
        <testcase classname="src/config/config.test.js" name="Server Config (config.ts) &gt; Config constructor should not call setGeminiMdFilename if contextFileName is not provided" time="0.000786208">
        </testcase>
        <testcase classname="src/config/config.test.js" name="Server Config (config.ts) &gt; should set default file filtering settings when not provided" time="0.001091625">
        </testcase>
        <testcase classname="src/config/config.test.js" name="Server Config (config.ts) &gt; should set custom file filtering settings when provided" time="0.0016625">
        </testcase>
        <testcase classname="src/config/config.test.js" name="Server Config (config.ts) &gt; Config constructor should set telemetry to true when provided as true" time="0.001401375">
        </testcase>
        <testcase classname="src/config/config.test.js" name="Server Config (config.ts) &gt; Config constructor should set telemetry to false when provided as false" time="0.000760833">
        </testcase>
        <testcase classname="src/config/config.test.js" name="Server Config (config.ts) &gt; Config constructor should default telemetry to default value if not provided" time="0.0004925">
        </testcase>
        <testcase classname="src/config/config.test.js" name="Server Config (config.ts) &gt; should have a getFileService method that returns FileDiscoveryService" time="0.001825416">
        </testcase>
        <testcase classname="src/config/config.test.js" name="Server Config (config.ts) &gt; Telemetry Settings &gt; should return default telemetry target if not provided" time="0.0005265">
        </testcase>
        <testcase classname="src/config/config.test.js" name="Server Config (config.ts) &gt; Telemetry Settings &gt; should return provided OTLP endpoint" time="0.000427208">
        </testcase>
        <testcase classname="src/config/config.test.js" name="Server Config (config.ts) &gt; Telemetry Settings &gt; should return default OTLP endpoint if not provided" time="0.000385958">
        </testcase>
        <testcase classname="src/config/config.test.js" name="Server Config (config.ts) &gt; Telemetry Settings &gt; should return provided logPrompts setting" time="0.000381083">
        </testcase>
        <testcase classname="src/config/config.test.js" name="Server Config (config.ts) &gt; Telemetry Settings &gt; should return default logPrompts setting (true) if not provided" time="0.0004775">
        </testcase>
        <testcase classname="src/config/config.test.js" name="Server Config (config.ts) &gt; Telemetry Settings &gt; should return default logPrompts setting (true) if telemetry object is not provided" time="0.000374333">
        </testcase>
        <testcase classname="src/config/config.test.js" name="Server Config (config.ts) &gt; Telemetry Settings &gt; should return default telemetry target if telemetry object is not provided" time="0.000818791">
        </testcase>
        <testcase classname="src/config/config.test.js" name="Server Config (config.ts) &gt; Telemetry Settings &gt; should return default OTLP endpoint if telemetry object is not provided" time="0.000534208">
        </testcase>
    </testsuite>
    <testsuite name="src/config/config.test.ts" timestamp="2025-07-02T17:04:59.273Z" hostname="Adarshs-MacBook-Pro.local" tests="18" failures="0" errors="0" skipped="0" time="0.045381584">
        <testcase classname="src/config/config.test.ts" name="Server Config (config.ts) &gt; Config constructor should store userMemory correctly" time="0.032254084">
        </testcase>
        <testcase classname="src/config/config.test.ts" name="Server Config (config.ts) &gt; Config constructor should default userMemory to empty string if not provided" time="0.001063334">
        </testcase>
        <testcase classname="src/config/config.test.ts" name="Server Config (config.ts) &gt; Config constructor should call setGeminiMdFilename with contextFileName if provided" time="0.002294584">
        </testcase>
        <testcase classname="src/config/config.test.ts" name="Server Config (config.ts) &gt; Config constructor should not call setGeminiMdFilename if contextFileName is not provided" time="0.002022334">
        </testcase>
        <testcase classname="src/config/config.test.ts" name="Server Config (config.ts) &gt; should set default file filtering settings when not provided" time="0.0006855">
        </testcase>
        <testcase classname="src/config/config.test.ts" name="Server Config (config.ts) &gt; should set custom file filtering settings when provided" time="0.000454417">
        </testcase>
        <testcase classname="src/config/config.test.ts" name="Server Config (config.ts) &gt; Config constructor should set telemetry to true when provided as true" time="0.000438792">
        </testcase>
        <testcase classname="src/config/config.test.ts" name="Server Config (config.ts) &gt; Config constructor should set telemetry to false when provided as false" time="0.000429333">
        </testcase>
        <testcase classname="src/config/config.test.ts" name="Server Config (config.ts) &gt; Config constructor should default telemetry to default value if not provided" time="0.000424833">
        </testcase>
        <testcase classname="src/config/config.test.ts" name="Server Config (config.ts) &gt; should have a getFileService method that returns FileDiscoveryService" time="0.000846417">
        </testcase>
        <testcase classname="src/config/config.test.ts" name="Server Config (config.ts) &gt; Telemetry Settings &gt; should return default telemetry target if not provided" time="0.000535667">
        </testcase>
        <testcase classname="src/config/config.test.ts" name="Server Config (config.ts) &gt; Telemetry Settings &gt; should return provided OTLP endpoint" time="0.000438625">
        </testcase>
        <testcase classname="src/config/config.test.ts" name="Server Config (config.ts) &gt; Telemetry Settings &gt; should return default OTLP endpoint if not provided" time="0.000437916">
        </testcase>
        <testcase classname="src/config/config.test.ts" name="Server Config (config.ts) &gt; Telemetry Settings &gt; should return provided logPrompts setting" time="0.000391375">
        </testcase>
        <testcase classname="src/config/config.test.ts" name="Server Config (config.ts) &gt; Telemetry Settings &gt; should return default logPrompts setting (true) if not provided" time="0.000577875">
        </testcase>
        <testcase classname="src/config/config.test.ts" name="Server Config (config.ts) &gt; Telemetry Settings &gt; should return default logPrompts setting (true) if telemetry object is not provided" time="0.000422666">
        </testcase>
        <testcase classname="src/config/config.test.ts" name="Server Config (config.ts) &gt; Telemetry Settings &gt; should return default telemetry target if telemetry object is not provided" time="0.0004065">
        </testcase>
        <testcase classname="src/config/config.test.ts" name="Server Config (config.ts) &gt; Telemetry Settings &gt; should return default OTLP endpoint if telemetry object is not provided" time="0.000374417">
        </testcase>
    </testsuite>
    <testsuite name="src/config/flashFallback.test.js" timestamp="2025-07-02T17:04:59.276Z" hostname="Adarshs-MacBook-Pro.local" tests="10" failures="0" errors="0" skipped="0" time="0.044559292">
        <testcase classname="src/config/flashFallback.test.js" name="Flash Model Fallback Configuration &gt; setModel &gt; should update the model and mark as switched during session" time="0.036561166">
        </testcase>
        <testcase classname="src/config/flashFallback.test.js" name="Flash Model Fallback Configuration &gt; setModel &gt; should handle multiple model switches during session" time="0.0008545">
        </testcase>
        <testcase classname="src/config/flashFallback.test.js" name="Flash Model Fallback Configuration &gt; setModel &gt; should only mark as switched if contentGeneratorConfig exists" time="0.00113725">
        </testcase>
        <testcase classname="src/config/flashFallback.test.js" name="Flash Model Fallback Configuration &gt; getModel &gt; should return contentGeneratorConfig model if available" time="0.000516583">
        </testcase>
        <testcase classname="src/config/flashFallback.test.js" name="Flash Model Fallback Configuration &gt; getModel &gt; should fallback to initial model if contentGeneratorConfig is not available" time="0.000756625">
        </testcase>
        <testcase classname="src/config/flashFallback.test.js" name="Flash Model Fallback Configuration &gt; isModelSwitchedDuringSession &gt; should start as false for new session" time="0.000390125">
        </testcase>
        <testcase classname="src/config/flashFallback.test.js" name="Flash Model Fallback Configuration &gt; isModelSwitchedDuringSession &gt; should remain false if no model switch occurs" time="0.000432959">
        </testcase>
        <testcase classname="src/config/flashFallback.test.js" name="Flash Model Fallback Configuration &gt; isModelSwitchedDuringSession &gt; should persist switched state throughout session" time="0.000370042">
        </testcase>
        <testcase classname="src/config/flashFallback.test.js" name="Flash Model Fallback Configuration &gt; resetModelToDefault &gt; should reset model to default and clear session switch flag" time="0.000469125">
        </testcase>
        <testcase classname="src/config/flashFallback.test.js" name="Flash Model Fallback Configuration &gt; resetModelToDefault &gt; should handle case where contentGeneratorConfig is not initialized" time="0.00201">
        </testcase>
    </testsuite>
    <testsuite name="src/config/flashFallback.test.ts" timestamp="2025-07-02T17:04:59.278Z" hostname="Adarshs-MacBook-Pro.local" tests="10" failures="0" errors="0" skipped="0" time="0.041434667">
        <testcase classname="src/config/flashFallback.test.ts" name="Flash Model Fallback Configuration &gt; setModel &gt; should update the model and mark as switched during session" time="0.032999292">
        </testcase>
        <testcase classname="src/config/flashFallback.test.ts" name="Flash Model Fallback Configuration &gt; setModel &gt; should handle multiple model switches during session" time="0.000936834">
        </testcase>
        <testcase classname="src/config/flashFallback.test.ts" name="Flash Model Fallback Configuration &gt; setModel &gt; should only mark as switched if contentGeneratorConfig exists" time="0.0019535">
        </testcase>
        <testcase classname="src/config/flashFallback.test.ts" name="Flash Model Fallback Configuration &gt; getModel &gt; should return contentGeneratorConfig model if available" time="0.00056125">
        </testcase>
        <testcase classname="src/config/flashFallback.test.ts" name="Flash Model Fallback Configuration &gt; getModel &gt; should fallback to initial model if contentGeneratorConfig is not available" time="0.000732417">
        </testcase>
        <testcase classname="src/config/flashFallback.test.ts" name="Flash Model Fallback Configuration &gt; isModelSwitchedDuringSession &gt; should start as false for new session" time="0.000382916">
        </testcase>
        <testcase classname="src/config/flashFallback.test.ts" name="Flash Model Fallback Configuration &gt; isModelSwitchedDuringSession &gt; should remain false if no model switch occurs" time="0.000425708">
        </testcase>
        <testcase classname="src/config/flashFallback.test.ts" name="Flash Model Fallback Configuration &gt; isModelSwitchedDuringSession &gt; should persist switched state throughout session" time="0.000361625">
        </testcase>
        <testcase classname="src/config/flashFallback.test.ts" name="Flash Model Fallback Configuration &gt; resetModelToDefault &gt; should reset model to default and clear session switch flag" time="0.000492292">
        </testcase>
        <testcase classname="src/config/flashFallback.test.ts" name="Flash Model Fallback Configuration &gt; resetModelToDefault &gt; should handle case where contentGeneratorConfig is not initialized" time="0.001201292">
        </testcase>
    </testsuite>
    <testsuite name="src/core/client.test.js" timestamp="2025-07-02T17:04:59.280Z" hostname="Adarshs-MacBook-Pro.local" tests="18" failures="0" errors="0" skipped="0" time="0.084832916">
        <testcase classname="src/core/client.test.js" name="Gemini Client (client.ts) &gt; generateEmbedding &gt; should call embedContent with correct parameters and return embeddings" time="0.017902959">
        </testcase>
        <testcase classname="src/core/client.test.js" name="Gemini Client (client.ts) &gt; generateEmbedding &gt; should return an empty array if an empty array is passed" time="0.002330292">
        </testcase>
        <testcase classname="src/core/client.test.js" name="Gemini Client (client.ts) &gt; generateEmbedding &gt; should throw an error if API response has no embeddings array" time="0.001160458">
        </testcase>
        <testcase classname="src/core/client.test.js" name="Gemini Client (client.ts) &gt; generateEmbedding &gt; should throw an error if API response has an empty embeddings array" time="0.000505625">
        </testcase>
        <testcase classname="src/core/client.test.js" name="Gemini Client (client.ts) &gt; generateEmbedding &gt; should throw an error if API returns a mismatched number of embeddings" time="0.000491209">
        </testcase>
        <testcase classname="src/core/client.test.js" name="Gemini Client (client.ts) &gt; generateEmbedding &gt; should throw an error if any embedding has nullish values" time="0.000540792">
        </testcase>
        <testcase classname="src/core/client.test.js" name="Gemini Client (client.ts) &gt; generateEmbedding &gt; should throw an error if any embedding has an empty values array" time="0.000497375">
        </testcase>
        <testcase classname="src/core/client.test.js" name="Gemini Client (client.ts) &gt; generateEmbedding &gt; should propagate errors from the API call" time="0.000589125">
        </testcase>
        <testcase classname="src/core/client.test.js" name="Gemini Client (client.ts) &gt; generateContent &gt; should call generateContent with the correct parameters" time="0.007831375">
        </testcase>
        <testcase classname="src/core/client.test.js" name="Gemini Client (client.ts) &gt; generateJson &gt; should call generateContent with the correct parameters" time="0.003393666">
        </testcase>
        <testcase classname="src/core/client.test.js" name="Gemini Client (client.ts) &gt; addHistory &gt; should call chat.addHistory with the provided content" time="0.002762042">
        </testcase>
        <testcase classname="src/core/client.test.js" name="Gemini Client (client.ts) &gt; resetChat &gt; should create a new chat session, clearing the old history" time="0.002731833">
        </testcase>
        <testcase classname="src/core/client.test.js" name="Gemini Client (client.ts) &gt; tryCompressChat &gt; should not trigger summarization if token count is below threshold" time="0.000726042">
        </testcase>
        <testcase classname="src/core/client.test.js" name="Gemini Client (client.ts) &gt; tryCompressChat &gt; should trigger summarization if token count is at threshold" time="0.004508667">
        </testcase>
        <testcase classname="src/core/client.test.js" name="Gemini Client (client.ts) &gt; tryCompressChat &gt; should always trigger summarization when force is true, regardless of token count" time="0.005343334">
        </testcase>
        <testcase classname="src/core/client.test.js" name="Gemini Client (client.ts) &gt; sendMessageStream &gt; should return the turn instance after the stream is complete" time="0.003343917">
        </testcase>
        <testcase classname="src/core/client.test.js" name="Gemini Client (client.ts) &gt; sendMessageStream &gt; should stop infinite loop after MAX_TURNS when nextSpeaker always returns model" time="0.005531291">
            <system-out>
checkNextSpeaker called 100 times - infinite loop protection worked

            </system-out>
        </testcase>
        <testcase classname="src/core/client.test.js" name="Gemini Client (client.ts) &gt; sendMessageStream &gt; should respect MAX_TURNS limit even when turns parameter is set to a large value" time="0.022836833">
            <system-out>
Infinite loop protection working: checkNextSpeaker called 100 times, 1 events generated (properly bounded by MAX_TURNS)

            </system-out>
        </testcase>
    </testsuite>
    <testsuite name="src/core/client.test.ts" timestamp="2025-07-02T17:04:59.283Z" hostname="Adarshs-MacBook-Pro.local" tests="18" failures="0" errors="0" skipped="0" time="0.092841917">
        <testcase classname="src/core/client.test.ts" name="Gemini Client (client.ts) &gt; generateEmbedding &gt; should call embedContent with correct parameters and return embeddings" time="0.03288675">
        </testcase>
        <testcase classname="src/core/client.test.ts" name="Gemini Client (client.ts) &gt; generateEmbedding &gt; should return an empty array if an empty array is passed" time="0.0025155">
        </testcase>
        <testcase classname="src/core/client.test.ts" name="Gemini Client (client.ts) &gt; generateEmbedding &gt; should throw an error if API response has no embeddings array" time="0.003891167">
        </testcase>
        <testcase classname="src/core/client.test.ts" name="Gemini Client (client.ts) &gt; generateEmbedding &gt; should throw an error if API response has an empty embeddings array" time="0.001025584">
        </testcase>
        <testcase classname="src/core/client.test.ts" name="Gemini Client (client.ts) &gt; generateEmbedding &gt; should throw an error if API returns a mismatched number of embeddings" time="0.000533625">
        </testcase>
        <testcase classname="src/core/client.test.ts" name="Gemini Client (client.ts) &gt; generateEmbedding &gt; should throw an error if any embedding has nullish values" time="0.000545875">
        </testcase>
        <testcase classname="src/core/client.test.ts" name="Gemini Client (client.ts) &gt; generateEmbedding &gt; should throw an error if any embedding has an empty values array" time="0.000507208">
        </testcase>
        <testcase classname="src/core/client.test.ts" name="Gemini Client (client.ts) &gt; generateEmbedding &gt; should propagate errors from the API call" time="0.004533542">
        </testcase>
        <testcase classname="src/core/client.test.ts" name="Gemini Client (client.ts) &gt; generateContent &gt; should call generateContent with the correct parameters" time="0.003120667">
        </testcase>
        <testcase classname="src/core/client.test.ts" name="Gemini Client (client.ts) &gt; generateJson &gt; should call generateContent with the correct parameters" time="0.001054583">
        </testcase>
        <testcase classname="src/core/client.test.ts" name="Gemini Client (client.ts) &gt; addHistory &gt; should call chat.addHistory with the provided content" time="0.00188875">
        </testcase>
        <testcase classname="src/core/client.test.ts" name="Gemini Client (client.ts) &gt; resetChat &gt; should create a new chat session, clearing the old history" time="0.006673959">
        </testcase>
        <testcase classname="src/core/client.test.ts" name="Gemini Client (client.ts) &gt; tryCompressChat &gt; should not trigger summarization if token count is below threshold" time="0.003632667">
        </testcase>
        <testcase classname="src/core/client.test.ts" name="Gemini Client (client.ts) &gt; tryCompressChat &gt; should trigger summarization if token count is at threshold" time="0.015688375">
        </testcase>
        <testcase classname="src/core/client.test.ts" name="Gemini Client (client.ts) &gt; tryCompressChat &gt; should always trigger summarization when force is true, regardless of token count" time="0.002283333">
        </testcase>
        <testcase classname="src/core/client.test.ts" name="Gemini Client (client.ts) &gt; sendMessageStream &gt; should return the turn instance after the stream is complete" time="0.001029583">
        </testcase>
        <testcase classname="src/core/client.test.ts" name="Gemini Client (client.ts) &gt; sendMessageStream &gt; should stop infinite loop after MAX_TURNS when nextSpeaker always returns model" time="0.002406583">
            <system-out>
checkNextSpeaker called 100 times - infinite loop protection worked

            </system-out>
        </testcase>
        <testcase classname="src/core/client.test.ts" name="Gemini Client (client.ts) &gt; sendMessageStream &gt; should respect MAX_TURNS limit even when turns parameter is set to a large value" time="0.005726166">
            <system-out>
Infinite loop protection working: checkNextSpeaker called 100 times, 1 events generated (properly bounded by MAX_TURNS)

            </system-out>
        </testcase>
    </testsuite>
    <testsuite name="src/core/contentGenerator.test.js" timestamp="2025-07-02T17:04:59.286Z" hostname="Adarshs-MacBook-Pro.local" tests="2" failures="0" errors="0" skipped="0" time="0.005442">
        <testcase classname="src/core/contentGenerator.test.js" name="contentGenerator &gt; should create a CodeAssistContentGenerator" time="0.002644834">
        </testcase>
        <testcase classname="src/core/contentGenerator.test.js" name="contentGenerator &gt; should create a GoogleGenAI content generator" time="0.001474666">
        </testcase>
    </testsuite>
    <testsuite name="src/core/contentGenerator.test.ts" timestamp="2025-07-02T17:04:59.287Z" hostname="Adarshs-MacBook-Pro.local" tests="2" failures="0" errors="0" skipped="0" time="0.004652875">
        <testcase classname="src/core/contentGenerator.test.ts" name="contentGenerator &gt; should create a CodeAssistContentGenerator" time="0.000965375">
        </testcase>
        <testcase classname="src/core/contentGenerator.test.ts" name="contentGenerator &gt; should create a GoogleGenAI content generator" time="0.0027105">
        </testcase>
    </testsuite>
    <testsuite name="src/core/coreToolScheduler.test.js" timestamp="2025-07-02T17:04:59.288Z" hostname="Adarshs-MacBook-Pro.local" tests="12" failures="0" errors="0" skipped="0" time="0.043391917">
        <testcase classname="src/core/coreToolScheduler.test.js" name="CoreToolScheduler &gt; should cancel a tool call if the signal is aborted before confirmation" time="0.03846875">
        </testcase>
        <testcase classname="src/core/coreToolScheduler.test.js" name="convertToFunctionResponse &gt; should handle simple string llmContent" time="0.001438209">
        </testcase>
        <testcase classname="src/core/coreToolScheduler.test.js" name="convertToFunctionResponse &gt; should handle llmContent as a single Part with text" time="0.000287334">
        </testcase>
        <testcase classname="src/core/coreToolScheduler.test.js" name="convertToFunctionResponse &gt; should handle llmContent as a PartListUnion array with a single text Part" time="0.0002035">
        </testcase>
        <testcase classname="src/core/coreToolScheduler.test.js" name="convertToFunctionResponse &gt; should handle llmContent with inlineData" time="0.000326542">
        </testcase>
        <testcase classname="src/core/coreToolScheduler.test.js" name="convertToFunctionResponse &gt; should handle llmContent with fileData" time="0.000123416">
        </testcase>
        <testcase classname="src/core/coreToolScheduler.test.js" name="convertToFunctionResponse &gt; should handle llmContent as an array of multiple Parts (text and inlineData)" time="0.000087791">
        </testcase>
        <testcase classname="src/core/coreToolScheduler.test.js" name="convertToFunctionResponse &gt; should handle llmContent as an array with a single inlineData Part" time="0.000070666">
        </testcase>
        <testcase classname="src/core/coreToolScheduler.test.js" name="convertToFunctionResponse &gt; should handle llmContent as a generic Part (not text, inlineData, or fileData)" time="0.000067">
        </testcase>
        <testcase classname="src/core/coreToolScheduler.test.js" name="convertToFunctionResponse &gt; should handle empty string llmContent" time="0.0000515">
        </testcase>
        <testcase classname="src/core/coreToolScheduler.test.js" name="convertToFunctionResponse &gt; should handle llmContent as an empty array" time="0.000056125">
        </testcase>
        <testcase classname="src/core/coreToolScheduler.test.js" name="convertToFunctionResponse &gt; should handle llmContent as a Part with undefined inlineData/fileData/text" time="0.000052958">
        </testcase>
    </testsuite>
    <testsuite name="src/core/coreToolScheduler.test.ts" timestamp="2025-07-02T17:04:59.290Z" hostname="Adarshs-MacBook-Pro.local" tests="12" failures="0" errors="0" skipped="0" time="0.057381583">
        <testcase classname="src/core/coreToolScheduler.test.ts" name="CoreToolScheduler &gt; should cancel a tool call if the signal is aborted before confirmation" time="0.054395458">
        </testcase>
        <testcase classname="src/core/coreToolScheduler.test.ts" name="convertToFunctionResponse &gt; should handle simple string llmContent" time="0.000450541">
        </testcase>
        <testcase classname="src/core/coreToolScheduler.test.ts" name="convertToFunctionResponse &gt; should handle llmContent as a single Part with text" time="0.000076667">
        </testcase>
        <testcase classname="src/core/coreToolScheduler.test.ts" name="convertToFunctionResponse &gt; should handle llmContent as a PartListUnion array with a single text Part" time="0.000057833">
        </testcase>
        <testcase classname="src/core/coreToolScheduler.test.ts" name="convertToFunctionResponse &gt; should handle llmContent with inlineData" time="0.000072583">
        </testcase>
        <testcase classname="src/core/coreToolScheduler.test.ts" name="convertToFunctionResponse &gt; should handle llmContent with fileData" time="0.000463958">
        </testcase>
        <testcase classname="src/core/coreToolScheduler.test.ts" name="convertToFunctionResponse &gt; should handle llmContent as an array of multiple Parts (text and inlineData)" time="0.000282875">
        </testcase>
        <testcase classname="src/core/coreToolScheduler.test.ts" name="convertToFunctionResponse &gt; should handle llmContent as an array with a single inlineData Part" time="0.000107708">
        </testcase>
        <testcase classname="src/core/coreToolScheduler.test.ts" name="convertToFunctionResponse &gt; should handle llmContent as a generic Part (not text, inlineData, or fileData)" time="0.000074625">
        </testcase>
        <testcase classname="src/core/coreToolScheduler.test.ts" name="convertToFunctionResponse &gt; should handle empty string llmContent" time="0.000056083">
        </testcase>
        <testcase classname="src/core/coreToolScheduler.test.ts" name="convertToFunctionResponse &gt; should handle llmContent as an empty array" time="0.0000615">
        </testcase>
        <testcase classname="src/core/coreToolScheduler.test.ts" name="convertToFunctionResponse &gt; should handle llmContent as a Part with undefined inlineData/fileData/text" time="0.000055334">
        </testcase>
    </testsuite>
    <testsuite name="src/core/geminiChat.test.js" timestamp="2025-07-02T17:04:59.291Z" hostname="Adarshs-MacBook-Pro.local" tests="21" failures="0" errors="0" skipped="0" time="0.154436083">
        <testcase classname="src/core/geminiChat.test.js" name="GeminiChat &gt; sendMessage &gt; should call generateContent with the correct parameters" time="0.117791166">
        </testcase>
        <testcase classname="src/core/geminiChat.test.js" name="GeminiChat &gt; sendMessageStream &gt; should call generateContentStream with the correct parameters" time="0.008289958">
        </testcase>
        <testcase classname="src/core/geminiChat.test.js" name="GeminiChat &gt; recordHistory &gt; should add user input and a single model output to history" time="0.000286333">
        </testcase>
        <testcase classname="src/core/geminiChat.test.js" name="GeminiChat &gt; recordHistory &gt; should consolidate adjacent model outputs" time="0.000233209">
        </testcase>
        <testcase classname="src/core/geminiChat.test.js" name="GeminiChat &gt; recordHistory &gt; should handle a mix of user and model roles in outputContents (though unusual)" time="0.000202125">
        </testcase>
        <testcase classname="src/core/geminiChat.test.js" name="GeminiChat &gt; recordHistory &gt; should consolidate multiple adjacent model outputs correctly" time="0.0001365">
        </testcase>
        <testcase classname="src/core/geminiChat.test.js" name="GeminiChat &gt; recordHistory &gt; should not consolidate if roles are different between model outputs" time="0.000153042">
        </testcase>
        <testcase classname="src/core/geminiChat.test.js" name="GeminiChat &gt; recordHistory &gt; should merge with last history entry if it is also a model output" time="0.000314333">
        </testcase>
        <testcase classname="src/core/geminiChat.test.js" name="GeminiChat &gt; recordHistory &gt; should correctly merge consolidated new output with existing model history" time="0.00022475">
        </testcase>
        <testcase classname="src/core/geminiChat.test.js" name="GeminiChat &gt; recordHistory &gt; should handle empty modelOutput array" time="0.000289167">
        </testcase>
        <testcase classname="src/core/geminiChat.test.js" name="GeminiChat &gt; recordHistory &gt; should handle aggregating modelOutput" time="0.000266459">
        </testcase>
        <testcase classname="src/core/geminiChat.test.js" name="GeminiChat &gt; recordHistory &gt; should handle modelOutput with parts being undefined or empty (if they pass initial every check)" time="0.000217833">
        </testcase>
        <testcase classname="src/core/geminiChat.test.js" name="GeminiChat &gt; recordHistory &gt; should correctly handle automaticFunctionCallingHistory" time="0.000214375">
        </testcase>
        <testcase classname="src/core/geminiChat.test.js" name="GeminiChat &gt; recordHistory &gt; should add userInput if AFC history is present but empty" time="0.000172375">
        </testcase>
        <testcase classname="src/core/geminiChat.test.js" name="GeminiChat &gt; recordHistory &gt; should skip &quot;thought&quot; content from modelOutput" time="0.000184208">
        </testcase>
        <testcase classname="src/core/geminiChat.test.js" name="GeminiChat &gt; recordHistory &gt; should skip &quot;thought&quot; content even if it is the only content" time="0.000145708">
        </testcase>
        <testcase classname="src/core/geminiChat.test.js" name="GeminiChat &gt; recordHistory &gt; should correctly consolidate text parts when a thought part is in between" time="0.000180709">
        </testcase>
        <testcase classname="src/core/geminiChat.test.js" name="GeminiChat &gt; recordHistory &gt; should handle multiple thought parts correctly" time="0.0170305">
        </testcase>
        <testcase classname="src/core/geminiChat.test.js" name="GeminiChat &gt; recordHistory &gt; should handle thought part at the end of outputContents" time="0.000451792">
        </testcase>
        <testcase classname="src/core/geminiChat.test.js" name="GeminiChat &gt; addHistory &gt; should add a new content item to the history" time="0.004653875">
        </testcase>
        <testcase classname="src/core/geminiChat.test.js" name="GeminiChat &gt; addHistory &gt; should add multiple items correctly" time="0.000243584">
        </testcase>
    </testsuite>
    <testsuite name="src/core/geminiChat.test.ts" timestamp="2025-07-02T17:04:59.294Z" hostname="Adarshs-MacBook-Pro.local" tests="21" failures="0" errors="0" skipped="0" time="0.111428042">
        <testcase classname="src/core/geminiChat.test.ts" name="GeminiChat &gt; sendMessage &gt; should call generateContent with the correct parameters" time="0.088613167">
        </testcase>
        <testcase classname="src/core/geminiChat.test.ts" name="GeminiChat &gt; sendMessageStream &gt; should call generateContentStream with the correct parameters" time="0.002237209">
        </testcase>
        <testcase classname="src/core/geminiChat.test.ts" name="GeminiChat &gt; recordHistory &gt; should add user input and a single model output to history" time="0.002950583">
        </testcase>
        <testcase classname="src/core/geminiChat.test.ts" name="GeminiChat &gt; recordHistory &gt; should consolidate adjacent model outputs" time="0.000377916">
        </testcase>
        <testcase classname="src/core/geminiChat.test.ts" name="GeminiChat &gt; recordHistory &gt; should handle a mix of user and model roles in outputContents (though unusual)" time="0.000964583">
        </testcase>
        <testcase classname="src/core/geminiChat.test.ts" name="GeminiChat &gt; recordHistory &gt; should consolidate multiple adjacent model outputs correctly" time="0.000320625">
        </testcase>
        <testcase classname="src/core/geminiChat.test.ts" name="GeminiChat &gt; recordHistory &gt; should not consolidate if roles are different between model outputs" time="0.000779542">
        </testcase>
        <testcase classname="src/core/geminiChat.test.ts" name="GeminiChat &gt; recordHistory &gt; should merge with last history entry if it is also a model output" time="0.000423708">
        </testcase>
        <testcase classname="src/core/geminiChat.test.ts" name="GeminiChat &gt; recordHistory &gt; should correctly merge consolidated new output with existing model history" time="0.000429292">
        </testcase>
        <testcase classname="src/core/geminiChat.test.ts" name="GeminiChat &gt; recordHistory &gt; should handle empty modelOutput array" time="0.000285209">
        </testcase>
        <testcase classname="src/core/geminiChat.test.ts" name="GeminiChat &gt; recordHistory &gt; should handle aggregating modelOutput" time="0.00210025">
        </testcase>
        <testcase classname="src/core/geminiChat.test.ts" name="GeminiChat &gt; recordHistory &gt; should handle modelOutput with parts being undefined or empty (if they pass initial every check)" time="0.000296916">
        </testcase>
        <testcase classname="src/core/geminiChat.test.ts" name="GeminiChat &gt; recordHistory &gt; should correctly handle automaticFunctionCallingHistory" time="0.004766458">
        </testcase>
        <testcase classname="src/core/geminiChat.test.ts" name="GeminiChat &gt; recordHistory &gt; should add userInput if AFC history is present but empty" time="0.00135875">
        </testcase>
        <testcase classname="src/core/geminiChat.test.ts" name="GeminiChat &gt; recordHistory &gt; should skip &quot;thought&quot; content from modelOutput" time="0.000513584">
        </testcase>
        <testcase classname="src/core/geminiChat.test.ts" name="GeminiChat &gt; recordHistory &gt; should skip &quot;thought&quot; content even if it is the only content" time="0.000167583">
        </testcase>
        <testcase classname="src/core/geminiChat.test.ts" name="GeminiChat &gt; recordHistory &gt; should correctly consolidate text parts when a thought part is in between" time="0.001029959">
        </testcase>
        <testcase classname="src/core/geminiChat.test.ts" name="GeminiChat &gt; recordHistory &gt; should handle multiple thought parts correctly" time="0.002138958">
        </testcase>
        <testcase classname="src/core/geminiChat.test.ts" name="GeminiChat &gt; recordHistory &gt; should handle thought part at the end of outputContents" time="0.000300833">
        </testcase>
        <testcase classname="src/core/geminiChat.test.ts" name="GeminiChat &gt; addHistory &gt; should add a new content item to the history" time="0.000191709">
        </testcase>
        <testcase classname="src/core/geminiChat.test.ts" name="GeminiChat &gt; addHistory &gt; should add multiple items correctly" time="0.000191125">
        </testcase>
    </testsuite>
    <testsuite name="src/core/geminiRequest.test.js" timestamp="2025-07-02T17:04:59.297Z" hostname="Adarshs-MacBook-Pro.local" tests="12" failures="0" errors="0" skipped="0" time="0.002525459">
        <testcase classname="src/core/geminiRequest.test.js" name="partListUnionToString &gt; should return the string value if the input is a string" time="0.000739833">
        </testcase>
        <testcase classname="src/core/geminiRequest.test.js" name="partListUnionToString &gt; should return a concatenated string if the input is an array of strings" time="0.0000765">
        </testcase>
        <testcase classname="src/core/geminiRequest.test.js" name="partListUnionToString &gt; should handle videoMetadata" time="0.00005375">
        </testcase>
        <testcase classname="src/core/geminiRequest.test.js" name="partListUnionToString &gt; should handle thought" time="0.000047333">
        </testcase>
        <testcase classname="src/core/geminiRequest.test.js" name="partListUnionToString &gt; should handle codeExecutionResult" time="0.000042417">
        </testcase>
        <testcase classname="src/core/geminiRequest.test.js" name="partListUnionToString &gt; should handle executableCode" time="0.000039209">
        </testcase>
        <testcase classname="src/core/geminiRequest.test.js" name="partListUnionToString &gt; should handle fileData" time="0.000042542">
        </testcase>
        <testcase classname="src/core/geminiRequest.test.js" name="partListUnionToString &gt; should handle functionCall" time="0.000041">
        </testcase>
        <testcase classname="src/core/geminiRequest.test.js" name="partListUnionToString &gt; should handle functionResponse" time="0.000128083">
        </testcase>
        <testcase classname="src/core/geminiRequest.test.js" name="partListUnionToString &gt; should handle inlineData" time="0.000048084">
        </testcase>
        <testcase classname="src/core/geminiRequest.test.js" name="partListUnionToString &gt; should handle text" time="0.000042458">
        </testcase>
        <testcase classname="src/core/geminiRequest.test.js" name="partListUnionToString &gt; should return an empty string for an unknown part type" time="0.00004075">
        </testcase>
    </testsuite>
    <testsuite name="src/core/geminiRequest.test.ts" timestamp="2025-07-02T17:04:59.299Z" hostname="Adarshs-MacBook-Pro.local" tests="12" failures="0" errors="0" skipped="0" time="0.0021795">
        <testcase classname="src/core/geminiRequest.test.ts" name="partListUnionToString &gt; should return the string value if the input is a string" time="0.000657708">
        </testcase>
        <testcase classname="src/core/geminiRequest.test.ts" name="partListUnionToString &gt; should return a concatenated string if the input is an array of strings" time="0.0000695">
        </testcase>
        <testcase classname="src/core/geminiRequest.test.ts" name="partListUnionToString &gt; should handle videoMetadata" time="0.000049458">
        </testcase>
        <testcase classname="src/core/geminiRequest.test.ts" name="partListUnionToString &gt; should handle thought" time="0.00004575">
        </testcase>
        <testcase classname="src/core/geminiRequest.test.ts" name="partListUnionToString &gt; should handle codeExecutionResult" time="0.000042333">
        </testcase>
        <testcase classname="src/core/geminiRequest.test.ts" name="partListUnionToString &gt; should handle executableCode" time="0.000039084">
        </testcase>
        <testcase classname="src/core/geminiRequest.test.ts" name="partListUnionToString &gt; should handle fileData" time="0.000042458">
        </testcase>
        <testcase classname="src/core/geminiRequest.test.ts" name="partListUnionToString &gt; should handle functionCall" time="0.000040667">
        </testcase>
        <testcase classname="src/core/geminiRequest.test.ts" name="partListUnionToString &gt; should handle functionResponse" time="0.00004925">
        </testcase>
        <testcase classname="src/core/geminiRequest.test.ts" name="partListUnionToString &gt; should handle inlineData" time="0.000044333">
        </testcase>
        <testcase classname="src/core/geminiRequest.test.ts" name="partListUnionToString &gt; should handle text" time="0.000038">
        </testcase>
        <testcase classname="src/core/geminiRequest.test.ts" name="partListUnionToString &gt; should return an empty string for an unknown part type" time="0.000039208">
        </testcase>
    </testsuite>
    <testsuite name="src/core/logger.test.js" timestamp="2025-07-02T17:04:59.300Z" hostname="Adarshs-MacBook-Pro.local" tests="22" failures="0" errors="0" skipped="0" time="0.191233292">
        <testcase classname="src/core/logger.test.js" name="Logger &gt; initialize &gt; should create .gemini directory and an empty log file if none exist" time="0.01006875">
        </testcase>
        <testcase classname="src/core/logger.test.js" name="Logger &gt; initialize &gt; should load existing logs and set correct messageId for the current session" time="0.009958458">
        </testcase>
        <testcase classname="src/core/logger.test.js" name="Logger &gt; initialize &gt; should set messageId to 0 for a new session if log file exists but has no logs for current session" time="0.005970917">
        </testcase>
        <testcase classname="src/core/logger.test.js" name="Logger &gt; initialize &gt; should be idempotent" time="0.003835959">
        </testcase>
        <testcase classname="src/core/logger.test.js" name="Logger &gt; initialize &gt; should handle invalid JSON in log file by backing it up and starting fresh" time="0.011814417">
        </testcase>
        <testcase classname="src/core/logger.test.js" name="Logger &gt; initialize &gt; should handle non-array JSON in log file by backing it up and starting fresh" time="0.005708833">
        </testcase>
        <testcase classname="src/core/logger.test.js" name="Logger &gt; logMessage &gt; should append a message to the log file and update in-memory logs" time="0.004991542">
        </testcase>
        <testcase classname="src/core/logger.test.js" name="Logger &gt; logMessage &gt; should correctly increment messageId for subsequent messages in the same session" time="0.004817791">
        </testcase>
        <testcase classname="src/core/logger.test.js" name="Logger &gt; logMessage &gt; should handle logger not initialized" time="0.006202458">
        </testcase>
        <testcase classname="src/core/logger.test.js" name="Logger &gt; logMessage &gt; should simulate concurrent writes from different logger instances to the same file" time="0.01277425">
        </testcase>
        <testcase classname="src/core/logger.test.js" name="Logger &gt; logMessage &gt; should not throw, not increment messageId, and log error if writing to file fails" time="0.003240125">
        </testcase>
        <testcase classname="src/core/logger.test.js" name="Logger &gt; getPreviousUserMessages &gt; should retrieve all user messages from logs, sorted newest first" time="0.022274667">
        </testcase>
        <testcase classname="src/core/logger.test.js" name="Logger &gt; getPreviousUserMessages &gt; should return empty array if no user messages exist" time="0.007658959">
        </testcase>
        <testcase classname="src/core/logger.test.js" name="Logger &gt; getPreviousUserMessages &gt; should return empty array if logger not initialized" time="0.00630475">
        </testcase>
        <testcase classname="src/core/logger.test.js" name="Logger &gt; saveCheckpoint &gt; should save a checkpoint to a tagged file when a tag is provided" time="0.005031166">
        </testcase>
        <testcase classname="src/core/logger.test.js" name="Logger &gt; saveCheckpoint &gt; should not throw if logger is not initialized" time="0.004112625">
        </testcase>
        <testcase classname="src/core/logger.test.js" name="Logger &gt; loadCheckpoint &gt; should load from a tagged checkpoint file when a tag is provided" time="0.027234208">
        </testcase>
        <testcase classname="src/core/logger.test.js" name="Logger &gt; loadCheckpoint &gt; should return an empty array if a tagged checkpoint file does not exist" time="0.014831166">
            <system-err>
Failed to read or parse checkpoint file /Users/adarshkant/.gemini/tmp/362daa2daaabfffe5dc31852eeb832bf5db151f88d054ae2aaebb69c935712dd/checkpoint-non-existent-tag.json: Error: ENOENT: no such file or directory, open &apos;/Users/adarshkant/.gemini/tmp/362daa2daaabfffe5dc31852eeb832bf5db151f88d054ae2aaebb69c935712dd/checkpoint-non-existent-tag.json&apos;
[90m    at open (node:internal/fs/promises:638:25)[39m
[90m    at Object.readFile (node:internal/fs/promises:1238:14)[39m
    at Logger.loadCheckpoint [90m(/Users/adarshkant/Desktop/linux-mac-os/linuxos-ai/packages/core/[39msrc/core/logger.ts:269:27[90m)[39m
    at [90m/Users/adarshkant/Desktop/linux-mac-os/linuxos-ai/packages/core/[39msrc/core/logger.test.ts:456:22
    at file:///Users/adarshkant/Desktop/linux-mac-os/linuxos-ai/node_modules/[4m@vitest[24m/runner/dist/chunk-hooks.js:752:20 {
  errno: [33m-2[39m,
  code: [32m&apos;ENOENT&apos;[39m,
  syscall: [32m&apos;open&apos;[39m,
  path: [32m&apos;/Users/adarshkant/.gemini/tmp/362daa2daaabfffe5dc31852eeb832bf5db151f88d054ae2aaebb69c935712dd/checkpoint-non-existent-tag.json&apos;[39m
}

            </system-err>
        </testcase>
        <testcase classname="src/core/logger.test.js" name="Logger &gt; loadCheckpoint &gt; should return an empty array if the checkpoint file does not exist" time="0.004067042">
            <system-err>
Failed to read or parse checkpoint file /Users/adarshkant/.gemini/tmp/362daa2daaabfffe5dc31852eeb832bf5db151f88d054ae2aaebb69c935712dd/checkpoint-missing.json: Error: ENOENT: no such file or directory, open &apos;/Users/adarshkant/.gemini/tmp/362daa2daaabfffe5dc31852eeb832bf5db151f88d054ae2aaebb69c935712dd/checkpoint-missing.json&apos;
[90m    at open (node:internal/fs/promises:638:25)[39m
[90m    at Object.readFile (node:internal/fs/promises:1238:14)[39m
    at Logger.loadCheckpoint [90m(/Users/adarshkant/Desktop/linux-mac-os/linuxos-ai/packages/core/[39msrc/core/logger.ts:269:27[90m)[39m
    at [90m/Users/adarshkant/Desktop/linux-mac-os/linuxos-ai/packages/core/[39msrc/core/logger.test.ts:462:22
    at file:///Users/adarshkant/Desktop/linux-mac-os/linuxos-ai/node_modules/[4m@vitest[24m/runner/dist/chunk-hooks.js:752:20 {
  errno: [33m-2[39m,
  code: [32m&apos;ENOENT&apos;[39m,
  syscall: [32m&apos;open&apos;[39m,
  path: [32m&apos;/Users/adarshkant/.gemini/tmp/362daa2daaabfffe5dc31852eeb832bf5db151f88d054ae2aaebb69c935712dd/checkpoint-missing.json&apos;[39m
}

            </system-err>
        </testcase>
        <testcase classname="src/core/logger.test.js" name="Logger &gt; loadCheckpoint &gt; should return an empty array if the file contains invalid JSON" time="0.004100875">
        </testcase>
        <testcase classname="src/core/logger.test.js" name="Logger &gt; loadCheckpoint &gt; should return an empty array if logger is not initialized" time="0.005449125">
        </testcase>
        <testcase classname="src/core/logger.test.js" name="Logger &gt; close &gt; should reset logger state" time="0.008023167">
        </testcase>
    </testsuite>
    <testsuite name="src/core/logger.test.ts" timestamp="2025-07-02T17:04:59.304Z" hostname="Adarshs-MacBook-Pro.local" tests="22" failures="0" errors="0" skipped="0" time="0.421008209">
        <testcase classname="src/core/logger.test.ts" name="Logger &gt; initialize &gt; should create .gemini directory and an empty log file if none exist" time="0.017764666">
        </testcase>
        <testcase classname="src/core/logger.test.ts" name="Logger &gt; initialize &gt; should load existing logs and set correct messageId for the current session" time="0.010293708">
        </testcase>
        <testcase classname="src/core/logger.test.ts" name="Logger &gt; initialize &gt; should set messageId to 0 for a new session if log file exists but has no logs for current session" time="0.022151334">
        </testcase>
        <testcase classname="src/core/logger.test.ts" name="Logger &gt; initialize &gt; should be idempotent" time="0.014680042">
        </testcase>
        <testcase classname="src/core/logger.test.ts" name="Logger &gt; initialize &gt; should handle invalid JSON in log file by backing it up and starting fresh" time="0.033723708">
        </testcase>
        <testcase classname="src/core/logger.test.ts" name="Logger &gt; initialize &gt; should handle non-array JSON in log file by backing it up and starting fresh" time="0.009233666">
        </testcase>
        <testcase classname="src/core/logger.test.ts" name="Logger &gt; logMessage &gt; should append a message to the log file and update in-memory logs" time="0.004452917">
        </testcase>
        <testcase classname="src/core/logger.test.ts" name="Logger &gt; logMessage &gt; should correctly increment messageId for subsequent messages in the same session" time="0.017822041">
        </testcase>
        <testcase classname="src/core/logger.test.ts" name="Logger &gt; logMessage &gt; should handle logger not initialized" time="0.004385834">
        </testcase>
        <testcase classname="src/core/logger.test.ts" name="Logger &gt; logMessage &gt; should simulate concurrent writes from different logger instances to the same file" time="0.010754875">
        </testcase>
        <testcase classname="src/core/logger.test.ts" name="Logger &gt; logMessage &gt; should not throw, not increment messageId, and log error if writing to file fails" time="0.00803375">
        </testcase>
        <testcase classname="src/core/logger.test.ts" name="Logger &gt; getPreviousUserMessages &gt; should retrieve all user messages from logs, sorted newest first" time="0.041906667">
        </testcase>
        <testcase classname="src/core/logger.test.ts" name="Logger &gt; getPreviousUserMessages &gt; should return empty array if no user messages exist" time="0.018934916">
        </testcase>
        <testcase classname="src/core/logger.test.ts" name="Logger &gt; getPreviousUserMessages &gt; should return empty array if logger not initialized" time="0.005451417">
        </testcase>
        <testcase classname="src/core/logger.test.ts" name="Logger &gt; saveCheckpoint &gt; should save a checkpoint to a tagged file when a tag is provided" time="0.029208417">
        </testcase>
        <testcase classname="src/core/logger.test.ts" name="Logger &gt; saveCheckpoint &gt; should not throw if logger is not initialized" time="0.020230959">
        </testcase>
        <testcase classname="src/core/logger.test.ts" name="Logger &gt; loadCheckpoint &gt; should load from a tagged checkpoint file when a tag is provided" time="0.032511042">
        </testcase>
        <testcase classname="src/core/logger.test.ts" name="Logger &gt; loadCheckpoint &gt; should return an empty array if a tagged checkpoint file does not exist" time="0.028955417">
            <system-err>
Failed to read or parse checkpoint file /Users/adarshkant/.gemini/tmp/362daa2daaabfffe5dc31852eeb832bf5db151f88d054ae2aaebb69c935712dd/checkpoint-non-existent-tag.json: Error: ENOENT: no such file or directory, open &apos;/Users/adarshkant/.gemini/tmp/362daa2daaabfffe5dc31852eeb832bf5db151f88d054ae2aaebb69c935712dd/checkpoint-non-existent-tag.json&apos;
[90m    at open (node:internal/fs/promises:638:25)[39m
[90m    at Object.readFile (node:internal/fs/promises:1238:14)[39m
    at Logger.loadCheckpoint [90m(/Users/adarshkant/Desktop/linux-mac-os/linuxos-ai/packages/core/[39msrc/core/logger.ts:269:27[90m)[39m
    at [90m/Users/adarshkant/Desktop/linux-mac-os/linuxos-ai/packages/core/[39msrc/core/logger.test.ts:456:22
    at file:///Users/adarshkant/Desktop/linux-mac-os/linuxos-ai/node_modules/[4m@vitest[24m/runner/dist/chunk-hooks.js:752:20 {
  errno: [33m-2[39m,
  code: [32m&apos;ENOENT&apos;[39m,
  syscall: [32m&apos;open&apos;[39m,
  path: [32m&apos;/Users/adarshkant/.gemini/tmp/362daa2daaabfffe5dc31852eeb832bf5db151f88d054ae2aaebb69c935712dd/checkpoint-non-existent-tag.json&apos;[39m
}

            </system-err>
        </testcase>
        <testcase classname="src/core/logger.test.ts" name="Logger &gt; loadCheckpoint &gt; should return an empty array if the checkpoint file does not exist" time="0.040235917">
            <system-err>
Failed to read or parse checkpoint file /Users/adarshkant/.gemini/tmp/362daa2daaabfffe5dc31852eeb832bf5db151f88d054ae2aaebb69c935712dd/checkpoint-missing.json: Error: ENOENT: no such file or directory, open &apos;/Users/adarshkant/.gemini/tmp/362daa2daaabfffe5dc31852eeb832bf5db151f88d054ae2aaebb69c935712dd/checkpoint-missing.json&apos;
[90m    at open (node:internal/fs/promises:638:25)[39m
[90m    at Object.readFile (node:internal/fs/promises:1238:14)[39m
    at Logger.loadCheckpoint [90m(/Users/adarshkant/Desktop/linux-mac-os/linuxos-ai/packages/core/[39msrc/core/logger.ts:269:27[90m)[39m
    at [90m/Users/adarshkant/Desktop/linux-mac-os/linuxos-ai/packages/core/[39msrc/core/logger.test.ts:462:22
    at file:///Users/adarshkant/Desktop/linux-mac-os/linuxos-ai/node_modules/[4m@vitest[24m/runner/dist/chunk-hooks.js:752:20 {
  errno: [33m-2[39m,
  code: [32m&apos;ENOENT&apos;[39m,
  syscall: [32m&apos;open&apos;[39m,
  path: [32m&apos;/Users/adarshkant/.gemini/tmp/362daa2daaabfffe5dc31852eeb832bf5db151f88d054ae2aaebb69c935712dd/checkpoint-missing.json&apos;[39m
}

            </system-err>
        </testcase>
        <testcase classname="src/core/logger.test.ts" name="Logger &gt; loadCheckpoint &gt; should return an empty array if the file contains invalid JSON" time="0.01164325">
        </testcase>
        <testcase classname="src/core/logger.test.ts" name="Logger &gt; loadCheckpoint &gt; should return an empty array if logger is not initialized" time="0.017331584">
        </testcase>
        <testcase classname="src/core/logger.test.ts" name="Logger &gt; close &gt; should reset logger state" time="0.018007">
        </testcase>
    </testsuite>
    <testsuite name="src/core/nonInteractiveToolExecutor.test.js" timestamp="2025-07-02T17:04:59.307Z" hostname="Adarshs-MacBook-Pro.local" tests="5" failures="0" errors="0" skipped="0" time="0.087495583">
        <testcase classname="src/core/nonInteractiveToolExecutor.test.js" name="executeToolCall &gt; should execute a tool successfully" time="0.082248917">
        </testcase>
        <testcase classname="src/core/nonInteractiveToolExecutor.test.js" name="executeToolCall &gt; should return an error if tool is not found" time="0.001113084">
        </testcase>
        <testcase classname="src/core/nonInteractiveToolExecutor.test.js" name="executeToolCall &gt; should return an error if tool execution fails" time="0.000807125">
        </testcase>
        <testcase classname="src/core/nonInteractiveToolExecutor.test.js" name="executeToolCall &gt; should handle cancellation during tool execution" time="0.00133925">
        </testcase>
        <testcase classname="src/core/nonInteractiveToolExecutor.test.js" name="executeToolCall &gt; should correctly format llmContent with inlineData" time="0.000589167">
        </testcase>
    </testsuite>
    <testsuite name="src/core/nonInteractiveToolExecutor.test.ts" timestamp="2025-07-02T17:04:59.308Z" hostname="Adarshs-MacBook-Pro.local" tests="5" failures="0" errors="0" skipped="0" time="0.040599958">
        <testcase classname="src/core/nonInteractiveToolExecutor.test.ts" name="executeToolCall &gt; should execute a tool successfully" time="0.031457166">
        </testcase>
        <testcase classname="src/core/nonInteractiveToolExecutor.test.ts" name="executeToolCall &gt; should return an error if tool is not found" time="0.003495292">
        </testcase>
        <testcase classname="src/core/nonInteractiveToolExecutor.test.ts" name="executeToolCall &gt; should return an error if tool execution fails" time="0.001265625">
        </testcase>
        <testcase classname="src/core/nonInteractiveToolExecutor.test.ts" name="executeToolCall &gt; should handle cancellation during tool execution" time="0.000784458">
        </testcase>
        <testcase classname="src/core/nonInteractiveToolExecutor.test.ts" name="executeToolCall &gt; should correctly format llmContent with inlineData" time="0.000634917">
        </testcase>
    </testsuite>
    <testsuite name="src/core/prompts.test.js" timestamp="2025-07-02T17:04:59.309Z" hostname="Adarshs-MacBook-Pro.local" tests="9" failures="0" errors="0" skipped="0" time="0.003754125">
        <testcase classname="src/core/prompts.test.js" name="Core System Prompt (prompts.ts) &gt; should return the base prompt when no userMemory is provided" time="0.001721209">
        </testcase>
        <testcase classname="src/core/prompts.test.js" name="Core System Prompt (prompts.ts) &gt; should return the base prompt when userMemory is empty string" time="0.000190667">
        </testcase>
        <testcase classname="src/core/prompts.test.js" name="Core System Prompt (prompts.ts) &gt; should return the base prompt when userMemory is whitespace only" time="0.000123042">
        </testcase>
        <testcase classname="src/core/prompts.test.js" name="Core System Prompt (prompts.ts) &gt; should append userMemory with separator when provided" time="0.000159458">
        </testcase>
        <testcase classname="src/core/prompts.test.js" name="Core System Prompt (prompts.ts) &gt; should include sandbox-specific instructions when SANDBOX env var is set" time="0.000126208">
        </testcase>
        <testcase classname="src/core/prompts.test.js" name="Core System Prompt (prompts.ts) &gt; should include seatbelt-specific instructions when SANDBOX env var is &quot;sandbox-exec&quot;" time="0.000116584">
        </testcase>
        <testcase classname="src/core/prompts.test.js" name="Core System Prompt (prompts.ts) &gt; should include non-sandbox instructions when SANDBOX env var is not set" time="0.000115833">
        </testcase>
        <testcase classname="src/core/prompts.test.js" name="Core System Prompt (prompts.ts) &gt; should include git instructions when in a git repo" time="0.000113833">
        </testcase>
        <testcase classname="src/core/prompts.test.js" name="Core System Prompt (prompts.ts) &gt; should not include git instructions when not in a git repo" time="0.000149667">
        </testcase>
    </testsuite>
    <testsuite name="src/core/prompts.test.ts" timestamp="2025-07-02T17:04:59.310Z" hostname="Adarshs-MacBook-Pro.local" tests="9" failures="0" errors="0" skipped="0" time="0.005191375">
        <testcase classname="src/core/prompts.test.ts" name="Core System Prompt (prompts.ts) &gt; should return the base prompt when no userMemory is provided" time="0.002640958">
        </testcase>
        <testcase classname="src/core/prompts.test.ts" name="Core System Prompt (prompts.ts) &gt; should return the base prompt when userMemory is empty string" time="0.000217166">
        </testcase>
        <testcase classname="src/core/prompts.test.ts" name="Core System Prompt (prompts.ts) &gt; should return the base prompt when userMemory is whitespace only" time="0.000134125">
        </testcase>
        <testcase classname="src/core/prompts.test.ts" name="Core System Prompt (prompts.ts) &gt; should append userMemory with separator when provided" time="0.000162458">
        </testcase>
        <testcase classname="src/core/prompts.test.ts" name="Core System Prompt (prompts.ts) &gt; should include sandbox-specific instructions when SANDBOX env var is set" time="0.000134375">
        </testcase>
        <testcase classname="src/core/prompts.test.ts" name="Core System Prompt (prompts.ts) &gt; should include seatbelt-specific instructions when SANDBOX env var is &quot;sandbox-exec&quot;" time="0.00012125">
        </testcase>
        <testcase classname="src/core/prompts.test.ts" name="Core System Prompt (prompts.ts) &gt; should include non-sandbox instructions when SANDBOX env var is not set" time="0.000120084">
        </testcase>
        <testcase classname="src/core/prompts.test.ts" name="Core System Prompt (prompts.ts) &gt; should include git instructions when in a git repo" time="0.000116333">
        </testcase>
        <testcase classname="src/core/prompts.test.ts" name="Core System Prompt (prompts.ts) &gt; should not include git instructions when not in a git repo" time="0.000104292">
        </testcase>
    </testsuite>
    <testsuite name="src/core/turn.test.js" timestamp="2025-07-02T17:04:59.311Z" hostname="Adarshs-MacBook-Pro.local" tests="7" failures="0" errors="0" skipped="0" time="0.01131625">
        <testcase classname="src/core/turn.test.js" name="Turn &gt; constructor &gt; should initialize pendingToolCalls and debugResponses" time="0.004615167">
        </testcase>
        <testcase classname="src/core/turn.test.js" name="Turn &gt; run &gt; should yield content events for text parts" time="0.002959584">
        </testcase>
        <testcase classname="src/core/turn.test.js" name="Turn &gt; run &gt; should yield tool_call_request events for function calls" time="0.000853042">
        </testcase>
        <testcase classname="src/core/turn.test.js" name="Turn &gt; run &gt; should yield UserCancelled event if signal is aborted" time="0.00038675">
        </testcase>
        <testcase classname="src/core/turn.test.js" name="Turn &gt; run &gt; should yield Error event and report if sendMessageStream throws" time="0.000600542">
        </testcase>
        <testcase classname="src/core/turn.test.js" name="Turn &gt; run &gt; should handle function calls with undefined name or args" time="0.000942">
        </testcase>
        <testcase classname="src/core/turn.test.js" name="Turn &gt; getDebugResponses &gt; should return collected debug responses" time="0.000172875">
        </testcase>
    </testsuite>
    <testsuite name="src/core/turn.test.ts" timestamp="2025-07-02T17:04:59.312Z" hostname="Adarshs-MacBook-Pro.local" tests="7" failures="0" errors="0" skipped="0" time="0.005919834">
        <testcase classname="src/core/turn.test.ts" name="Turn &gt; constructor &gt; should initialize pendingToolCalls and debugResponses" time="0.001269583">
        </testcase>
        <testcase classname="src/core/turn.test.ts" name="Turn &gt; run &gt; should yield content events for text parts" time="0.001517209">
        </testcase>
        <testcase classname="src/core/turn.test.ts" name="Turn &gt; run &gt; should yield tool_call_request events for function calls" time="0.000603042">
        </testcase>
        <testcase classname="src/core/turn.test.ts" name="Turn &gt; run &gt; should yield UserCancelled event if signal is aborted" time="0.000236417">
        </testcase>
        <testcase classname="src/core/turn.test.ts" name="Turn &gt; run &gt; should yield Error event and report if sendMessageStream throws" time="0.000394125">
        </testcase>
        <testcase classname="src/core/turn.test.ts" name="Turn &gt; run &gt; should handle function calls with undefined name or args" time="0.000862959">
        </testcase>
        <testcase classname="src/core/turn.test.ts" name="Turn &gt; getDebugResponses &gt; should return collected debug responses" time="0.000194667">
        </testcase>
    </testsuite>
    <testsuite name="src/code_assist/converter.test.js" timestamp="2025-07-02T17:04:59.312Z" hostname="Adarshs-MacBook-Pro.local" tests="11" failures="0" errors="0" skipped="0" time="0.003912667">
        <testcase classname="src/code_assist/converter.test.js" name="converter &gt; toCodeAssistRequest &gt; should convert a simple request with project" time="0.001339834">
        </testcase>
        <testcase classname="src/code_assist/converter.test.js" name="converter &gt; toCodeAssistRequest &gt; should convert a request without a project" time="0.000119542">
        </testcase>
        <testcase classname="src/code_assist/converter.test.js" name="converter &gt; toCodeAssistRequest &gt; should convert a request with sessionId" time="0.000083583">
        </testcase>
        <testcase classname="src/code_assist/converter.test.js" name="converter &gt; toCodeAssistRequest &gt; should handle string content" time="0.000058958">
        </testcase>
        <testcase classname="src/code_assist/converter.test.js" name="converter &gt; toCodeAssistRequest &gt; should handle Part[] content" time="0.000068083">
        </testcase>
        <testcase classname="src/code_assist/converter.test.js" name="converter &gt; toCodeAssistRequest &gt; should handle system instructions" time="0.000073792">
        </testcase>
        <testcase classname="src/code_assist/converter.test.js" name="converter &gt; toCodeAssistRequest &gt; should handle generation config" time="0.000065375">
        </testcase>
        <testcase classname="src/code_assist/converter.test.js" name="converter &gt; toCodeAssistRequest &gt; should handle all generation config fields" time="0.000083375">
        </testcase>
        <testcase classname="src/code_assist/converter.test.js" name="converter &gt; fromCodeAssistResponse &gt; should convert a simple response" time="0.000158625">
        </testcase>
        <testcase classname="src/code_assist/converter.test.js" name="converter &gt; fromCodeAssistResponse &gt; should handle prompt feedback and usage metadata" time="0.000069708">
        </testcase>
        <testcase classname="src/code_assist/converter.test.js" name="converter &gt; fromCodeAssistResponse &gt; should handle automatic function calling history" time="0.000050333">
        </testcase>
    </testsuite>
    <testsuite name="src/code_assist/converter.test.ts" timestamp="2025-07-02T17:04:59.313Z" hostname="Adarshs-MacBook-Pro.local" tests="11" failures="0" errors="0" skipped="0" time="0.00349725">
        <testcase classname="src/code_assist/converter.test.ts" name="converter &gt; toCodeAssistRequest &gt; should convert a simple request with project" time="0.001454542">
        </testcase>
        <testcase classname="src/code_assist/converter.test.ts" name="converter &gt; toCodeAssistRequest &gt; should convert a request without a project" time="0.0001745">
        </testcase>
        <testcase classname="src/code_assist/converter.test.ts" name="converter &gt; toCodeAssistRequest &gt; should convert a request with sessionId" time="0.000089416">
        </testcase>
        <testcase classname="src/code_assist/converter.test.ts" name="converter &gt; toCodeAssistRequest &gt; should handle string content" time="0.000078791">
        </testcase>
        <testcase classname="src/code_assist/converter.test.ts" name="converter &gt; toCodeAssistRequest &gt; should handle Part[] content" time="0.000075666">
        </testcase>
        <testcase classname="src/code_assist/converter.test.ts" name="converter &gt; toCodeAssistRequest &gt; should handle system instructions" time="0.00010625">
        </testcase>
        <testcase classname="src/code_assist/converter.test.ts" name="converter &gt; toCodeAssistRequest &gt; should handle generation config" time="0.000070584">
        </testcase>
        <testcase classname="src/code_assist/converter.test.ts" name="converter &gt; toCodeAssistRequest &gt; should handle all generation config fields" time="0.000110417">
        </testcase>
        <testcase classname="src/code_assist/converter.test.ts" name="converter &gt; fromCodeAssistResponse &gt; should convert a simple response" time="0.000192333">
        </testcase>
        <testcase classname="src/code_assist/converter.test.ts" name="converter &gt; fromCodeAssistResponse &gt; should handle prompt feedback and usage metadata" time="0.000078833">
        </testcase>
        <testcase classname="src/code_assist/converter.test.ts" name="converter &gt; fromCodeAssistResponse &gt; should handle automatic function calling history" time="0.00007125">
        </testcase>
    </testsuite>
    <testsuite name="src/code_assist/oauth2.test.js" timestamp="2025-07-02T17:04:59.313Z" hostname="Adarshs-MacBook-Pro.local" tests="1" failures="0" errors="0" skipped="0" time="0.0113655">
        <testcase classname="src/code_assist/oauth2.test.js" name="oauth2 &gt; should perform a web login" time="0.010005">
            <system-out>


Code Assist login required.
Attempting to open authentication page in your browser.
Otherwise navigate to:

https://example.com/auth



Waiting for authentication...

            </system-out>
        </testcase>
    </testsuite>
    <testsuite name="src/code_assist/oauth2.test.ts" timestamp="2025-07-02T17:04:59.313Z" hostname="Adarshs-MacBook-Pro.local" tests="1" failures="0" errors="0" skipped="0" time="0.017653875">
        <testcase classname="src/code_assist/oauth2.test.ts" name="oauth2 &gt; should perform a web login" time="0.016154416">
            <system-out>


Code Assist login required.
Attempting to open authentication page in your browser.
Otherwise navigate to:

https://example.com/auth



Waiting for authentication...

            </system-out>
        </testcase>
    </testsuite>
    <testsuite name="src/code_assist/server.test.js" timestamp="2025-07-02T17:04:59.314Z" hostname="Adarshs-MacBook-Pro.local" tests="7" failures="0" errors="0" skipped="0" time="0.017264792">
        <testcase classname="src/code_assist/server.test.js" name="CodeAssistServer &gt; should be able to be constructed" time="0.002341833">
        </testcase>
        <testcase classname="src/code_assist/server.test.js" name="CodeAssistServer &gt; should call the generateContent endpoint" time="0.00381325">
        </testcase>
        <testcase classname="src/code_assist/server.test.js" name="CodeAssistServer &gt; should call the generateContentStream endpoint" time="0.0009015">
        </testcase>
        <testcase classname="src/code_assist/server.test.js" name="CodeAssistServer &gt; should call the onboardUser endpoint" time="0.000656459">
        </testcase>
        <testcase classname="src/code_assist/server.test.js" name="CodeAssistServer &gt; should call the loadCodeAssist endpoint" time="0.00069525">
        </testcase>
        <testcase classname="src/code_assist/server.test.js" name="CodeAssistServer &gt; should return 0 for countTokens" time="0.00088725">
        </testcase>
        <testcase classname="src/code_assist/server.test.js" name="CodeAssistServer &gt; should throw an error for embedContent" time="0.007224334">
        </testcase>
    </testsuite>
    <testsuite name="src/code_assist/server.test.ts" timestamp="2025-07-02T17:04:59.314Z" hostname="Adarshs-MacBook-Pro.local" tests="7" failures="0" errors="0" skipped="0" time="0.015085167">
        <testcase classname="src/code_assist/server.test.ts" name="CodeAssistServer &gt; should be able to be constructed" time="0.001689209">
        </testcase>
        <testcase classname="src/code_assist/server.test.ts" name="CodeAssistServer &gt; should call the generateContent endpoint" time="0.002784625">
        </testcase>
        <testcase classname="src/code_assist/server.test.ts" name="CodeAssistServer &gt; should call the generateContentStream endpoint" time="0.002541334">
        </testcase>
        <testcase classname="src/code_assist/server.test.ts" name="CodeAssistServer &gt; should call the onboardUser endpoint" time="0.002323458">
        </testcase>
        <testcase classname="src/code_assist/server.test.ts" name="CodeAssistServer &gt; should call the loadCodeAssist endpoint" time="0.001264334">
        </testcase>
        <testcase classname="src/code_assist/server.test.ts" name="CodeAssistServer &gt; should return 0 for countTokens" time="0.001353916">
        </testcase>
        <testcase classname="src/code_assist/server.test.ts" name="CodeAssistServer &gt; should throw an error for embedContent" time="0.001867125">
        </testcase>
    </testsuite>
    <testsuite name="src/services/fileDiscoveryService.test.js" timestamp="2025-07-02T17:04:59.315Z" hostname="Adarshs-MacBook-Pro.local" tests="9" failures="0" errors="0" skipped="0" time="0.009566334">
        <testcase classname="src/services/fileDiscoveryService.test.js" name="FileDiscoveryService &gt; initialization &gt; should initialize git ignore parser by default" time="0.002407125">
        </testcase>
        <testcase classname="src/services/fileDiscoveryService.test.js" name="FileDiscoveryService &gt; initialization &gt; should not initialize git ignore parser when not a git repo" time="0.000217625">
        </testcase>
        <testcase classname="src/services/fileDiscoveryService.test.js" name="FileDiscoveryService &gt; filterFiles &gt; should filter out git-ignored files by default" time="0.001312209">
        </testcase>
        <testcase classname="src/services/fileDiscoveryService.test.js" name="FileDiscoveryService &gt; filterFiles &gt; should not filter files when respectGitIgnore is false" time="0.001151541">
        </testcase>
        <testcase classname="src/services/fileDiscoveryService.test.js" name="FileDiscoveryService &gt; filterFiles &gt; should handle empty file list" time="0.000568333">
        </testcase>
        <testcase classname="src/services/fileDiscoveryService.test.js" name="FileDiscoveryService &gt; shouldGitIgnoreFile &gt; should return true for git-ignored files" time="0.00107875">
        </testcase>
        <testcase classname="src/services/fileDiscoveryService.test.js" name="FileDiscoveryService &gt; shouldGitIgnoreFile &gt; should return false for non-ignored files" time="0.000241375">
        </testcase>
        <testcase classname="src/services/fileDiscoveryService.test.js" name="FileDiscoveryService &gt; edge cases &gt; should handle relative project root paths" time="0.001252333">
        </testcase>
        <testcase classname="src/services/fileDiscoveryService.test.js" name="FileDiscoveryService &gt; edge cases &gt; should handle filterFiles with undefined options" time="0.000275542">
        </testcase>
    </testsuite>
    <testsuite name="src/services/fileDiscoveryService.test.ts" timestamp="2025-07-02T17:04:59.315Z" hostname="Adarshs-MacBook-Pro.local" tests="9" failures="0" errors="0" skipped="0" time="0.006691625">
        <testcase classname="src/services/fileDiscoveryService.test.ts" name="FileDiscoveryService &gt; initialization &gt; should initialize git ignore parser by default" time="0.002250625">
        </testcase>
        <testcase classname="src/services/fileDiscoveryService.test.ts" name="FileDiscoveryService &gt; initialization &gt; should not initialize git ignore parser when not a git repo" time="0.000781708">
        </testcase>
        <testcase classname="src/services/fileDiscoveryService.test.ts" name="FileDiscoveryService &gt; filterFiles &gt; should filter out git-ignored files by default" time="0.001113958">
        </testcase>
        <testcase classname="src/services/fileDiscoveryService.test.ts" name="FileDiscoveryService &gt; filterFiles &gt; should not filter files when respectGitIgnore is false" time="0.0002925">
        </testcase>
        <testcase classname="src/services/fileDiscoveryService.test.ts" name="FileDiscoveryService &gt; filterFiles &gt; should handle empty file list" time="0.000149708">
        </testcase>
        <testcase classname="src/services/fileDiscoveryService.test.ts" name="FileDiscoveryService &gt; shouldGitIgnoreFile &gt; should return true for git-ignored files" time="0.000206">
        </testcase>
        <testcase classname="src/services/fileDiscoveryService.test.ts" name="FileDiscoveryService &gt; shouldGitIgnoreFile &gt; should return false for non-ignored files" time="0.000143625">
        </testcase>
        <testcase classname="src/services/fileDiscoveryService.test.ts" name="FileDiscoveryService &gt; edge cases &gt; should handle relative project root paths" time="0.000189084">
        </testcase>
        <testcase classname="src/services/fileDiscoveryService.test.ts" name="FileDiscoveryService &gt; edge cases &gt; should handle filterFiles with undefined options" time="0.00015325">
        </testcase>
    </testsuite>
    <testsuite name="src/services/gitService.test.js" timestamp="2025-07-02T17:04:59.316Z" hostname="Adarshs-MacBook-Pro.local" tests="14" failures="0" errors="0" skipped="0" time="0.010983125">
        <testcase classname="src/services/gitService.test.js" name="GitService &gt; constructor &gt; should successfully create an instance if projectRoot is a Git repository" time="0.003249208">
        </testcase>
        <testcase classname="src/services/gitService.test.js" name="GitService &gt; verifyGitAvailability &gt; should resolve true if git --version command succeeds" time="0.001567834">
        </testcase>
        <testcase classname="src/services/gitService.test.js" name="GitService &gt; verifyGitAvailability &gt; should resolve false if git --version command fails" time="0.000753834">
        </testcase>
        <testcase classname="src/services/gitService.test.js" name="GitService &gt; initialize &gt; should throw an error if projectRoot is not a Git repository" time="0.000648875">
        </testcase>
        <testcase classname="src/services/gitService.test.js" name="GitService &gt; initialize &gt; should throw an error if Git is not available" time="0.000167166">
        </testcase>
        <testcase classname="src/services/gitService.test.js" name="GitService &gt; initialize &gt; should call setupShadowGitRepository if Git is available" time="0.000337375">
        </testcase>
        <testcase classname="src/services/gitService.test.js" name="GitService &gt; setupShadowGitRepository &gt; should create a .gitconfig file with the correct content" time="0.000818667">
        </testcase>
        <testcase classname="src/services/gitService.test.js" name="GitService &gt; setupShadowGitRepository &gt; should create history and repository directories" time="0.000540292">
        </testcase>
        <testcase classname="src/services/gitService.test.js" name="GitService &gt; setupShadowGitRepository &gt; should initialize git repo in historyDir if not already initialized" time="0.000181917">
        </testcase>
        <testcase classname="src/services/gitService.test.js" name="GitService &gt; setupShadowGitRepository &gt; should not initialize git repo if already initialized" time="0.000108416">
        </testcase>
[...]
  status: [33m500[39m
}

Attempt 3 failed with status 500. Retrying with backoff... Error: Simulated error attempt 3
    at [90m/Users/adarshkant/Desktop/linux-mac-os/linuxos-ai/packages/core/[39msrc/utils/retry.test.ts:27:32
    at mockCall (file:///Users/adarshkant/Desktop/linux-mac-os/linuxos-ai/node_modules/[4m@vitest[24m/spy/dist/index.js:96:15)
    at spy (file:///Users/adarshkant/Desktop/linux-mac-os/linuxos-ai/node_modules/[4mtinyspy[24m/dist/index.js:47:103)
    at retryWithBackoff [90m(/Users/adarshkant/Desktop/linux-mac-os/linuxos-ai/packages/core/[39msrc/utils/retry.ts:85:20[90m)[39m {
  status: [33m500[39m
}

            </system-err>
        </testcase>
        <testcase classname="src/utils/retry.test.js" name="retryWithBackoff &gt; should handle jitter correctly, ensuring varied delays" time="0.007121">
            <system-err>
Attempt 1 failed with status 500. Retrying with backoff... Error: Simulated error attempt 1
    at [90m/Users/adarshkant/Desktop/linux-mac-os/linuxos-ai/packages/core/[39msrc/utils/retry.test.ts:27:32
    at mockCall (file:///Users/adarshkant/Desktop/linux-mac-os/linuxos-ai/node_modules/[4m@vitest[24m/spy/dist/index.js:96:15)
    at spy (file:///Users/adarshkant/Desktop/linux-mac-os/linuxos-ai/node_modules/[4mtinyspy[24m/dist/index.js:47:103)
    at retryWithBackoff [90m(/Users/adarshkant/Desktop/linux-mac-os/linuxos-ai/packages/core/[39msrc/utils/retry.ts:85:20[90m)[39m
    at runRetry [90m(/Users/adarshkant/Desktop/linux-mac-os/linuxos-ai/packages/core/[39msrc/utils/retry.test.ts:193:23[90m)[39m
    at [90m/Users/adarshkant/Desktop/linux-mac-os/linuxos-ai/packages/core/[39msrc/utils/retry.test.ts:200:22
    at file:///Users/adarshkant/Desktop/linux-mac-os/linuxos-ai/node_modules/[4m@vitest[24m/runner/dist/chunk-hooks.js:155:11
    at file:///Users/adarshkant/Desktop/linux-mac-os/linuxos-ai/node_modules/[4m@vitest[24m/runner/dist/chunk-hooks.js:752:26
    at file:///Users/adarshkant/Desktop/linux-mac-os/linuxos-ai/node_modules/[4m@vitest[24m/runner/dist/chunk-hooks.js:1897:20
    at new Promise (&lt;anonymous&gt;) {
  status: [33m500[39m
}

Attempt 1 failed with status 500. Retrying with backoff... Error: Simulated error attempt 1
    at [90m/Users/adarshkant/Desktop/linux-mac-os/linuxos-ai/packages/core/[39msrc/utils/retry.test.ts:27:32
    at mockCall (file:///Users/adarshkant/Desktop/linux-mac-os/linuxos-ai/node_modules/[4m@vitest[24m/spy/dist/index.js:96:15)
    at spy (file:///Users/adarshkant/Desktop/linux-mac-os/linuxos-ai/node_modules/[4mtinyspy[24m/dist/index.js:47:103)
    at retryWithBackoff [90m(/Users/adarshkant/Desktop/linux-mac-os/linuxos-ai/packages/core/[39msrc/utils/retry.ts:85:20[90m)[39m
    at runRetry [90m(/Users/adarshkant/Desktop/linux-mac-os/linuxos-ai/packages/core/[39msrc/utils/retry.test.ts:193:23[90m)[39m
    at [90m/Users/adarshkant/Desktop/linux-mac-os/linuxos-ai/packages/core/[39msrc/utils/retry.test.ts:214:22
    at file:///Users/adarshkant/Desktop/linux-mac-os/linuxos-ai/node_modules/[4m@vitest[24m/runner/dist/chunk-hooks.js:752:20 {
  status: [33m500[39m
}

            </system-err>
        </testcase>
        <testcase classname="src/utils/retry.test.js" name="retryWithBackoff &gt; Flash model fallback for OAuth users &gt; should trigger fallback for OAuth personal users after persistent 429 errors" time="0.003413542">
        </testcase>
        <testcase classname="src/utils/retry.test.js" name="retryWithBackoff &gt; Flash model fallback for OAuth users &gt; should NOT trigger fallback for API key users" time="0.0022625">
        </testcase>
        <testcase classname="src/utils/retry.test.js" name="retryWithBackoff &gt; Flash model fallback for OAuth users &gt; should reset attempt counter and continue after successful fallback" time="0.001821833">
        </testcase>
        <testcase classname="src/utils/retry.test.js" name="retryWithBackoff &gt; Flash model fallback for OAuth users &gt; should continue with original error if fallback is rejected" time="0.003558167">
        </testcase>
        <testcase classname="src/utils/retry.test.js" name="retryWithBackoff &gt; Flash model fallback for OAuth users &gt; should handle mixed error types (only count consecutive 429s)" time="0.002668125">
            <system-err>
Attempt 1 failed with status 500. Retrying with backoff... Error: Server error
    at [90m/Users/adarshkant/Desktop/linux-mac-os/linuxos-ai/packages/core/[39msrc/utils/retry.test.ts:375:36
    at mockCall (file:///Users/adarshkant/Desktop/linux-mac-os/linuxos-ai/node_modules/[4m@vitest[24m/spy/dist/index.js:96:15)
    at spy (file:///Users/adarshkant/Desktop/linux-mac-os/linuxos-ai/node_modules/[4mtinyspy[24m/dist/index.js:47:103)
    at retryWithBackoff [90m(/Users/adarshkant/Desktop/linux-mac-os/linuxos-ai/packages/core/[39msrc/utils/retry.ts:85:20[90m)[39m
    at [90m/Users/adarshkant/Desktop/linux-mac-os/linuxos-ai/packages/core/[39msrc/utils/retry.test.ts:386:39
    at file:///Users/adarshkant/Desktop/linux-mac-os/linuxos-ai/node_modules/[4m@vitest[24m/runner/dist/chunk-hooks.js:155:11
    at file:///Users/adarshkant/Desktop/linux-mac-os/linuxos-ai/node_modules/[4m@vitest[24m/runner/dist/chunk-hooks.js:752:26
    at file:///Users/adarshkant/Desktop/linux-mac-os/linuxos-ai/node_modules/[4m@vitest[24m/runner/dist/chunk-hooks.js:1897:20
    at new Promise (&lt;anonymous&gt;)
    at runWithTimeout (file:///Users/adarshkant/Desktop/linux-mac-os/linuxos-ai/node_modules/[4m@vitest[24m/runner/dist/chunk-hooks.js:1863:10) {
  status: [33m500[39m
}

            </system-err>
        </testcase>
    </testsuite>
    <testsuite name="src/utils/retry.test.ts" timestamp="2025-07-02T17:04:59.387Z" hostname="Adarshs-MacBook-Pro.local" tests="13" failures="0" errors="0" skipped="0" time="0.047064292">
        <testcase classname="src/utils/retry.test.ts" name="retryWithBackoff &gt; should return the result on the first attempt if successful" time="0.003092042">
        </testcase>
        <testcase classname="src/utils/retry.test.ts" name="retryWithBackoff &gt; should retry and succeed if failures are within maxAttempts" time="0.008688875">
            <system-err>
Attempt 1 failed with status 500. Retrying with backoff... Error: Simulated error attempt 1
    at [90m/Users/adarshkant/Desktop/linux-mac-os/linuxos-ai/packages/core/[39msrc/utils/retry.test.ts:27:32
    at mockCall (file:///Users/adarshkant/Desktop/linux-mac-os/linuxos-ai/node_modules/[4m@vitest[24m/spy/dist/index.js:96:15)
    at spy (file:///Users/adarshkant/Desktop/linux-mac-os/linuxos-ai/node_modules/[4mtinyspy[24m/dist/index.js:47:103)
    at retryWithBackoff [90m(/Users/adarshkant/Desktop/linux-mac-os/linuxos-ai/packages/core/[39msrc/utils/retry.ts:85:20[90m)[39m
    at [90m/Users/adarshkant/Desktop/linux-mac-os/linuxos-ai/packages/core/[39msrc/utils/retry.test.ts:66:21
    at file:///Users/adarshkant/Desktop/linux-mac-os/linuxos-ai/node_modules/[4m@vitest[24m/runner/dist/chunk-hooks.js:155:11
    at file:///Users/adarshkant/Desktop/linux-mac-os/linuxos-ai/node_modules/[4m@vitest[24m/runner/dist/chunk-hooks.js:752:26
    at file:///Users/adarshkant/Desktop/linux-mac-os/linuxos-ai/node_modules/[4m@vitest[24m/runner/dist/chunk-hooks.js:1897:20
    at new Promise (&lt;anonymous&gt;)
    at runWithTimeout (file:///Users/adarshkant/Desktop/linux-mac-os/linuxos-ai/node_modules/[4m@vitest[24m/runner/dist/chunk-hooks.js:1863:10) {
  status: [33m500[39m
}

Attempt 2 failed with status 500. Retrying with backoff... Error: Simulated error attempt 2
    at [90m/Users/adarshkant/Desktop/linux-mac-os/linuxos-ai/packages/core/[39msrc/utils/retry.test.ts:27:32
    at mockCall (file:///Users/adarshkant/Desktop/linux-mac-os/linuxos-ai/node_modules/[4m@vitest[24m/spy/dist/index.js:96:15)
    at spy (file:///Users/adarshkant/Desktop/linux-mac-os/linuxos-ai/node_modules/[4mtinyspy[24m/dist/index.js:47:103)
    at retryWithBackoff [90m(/Users/adarshkant/Desktop/linux-mac-os/linuxos-ai/packages/core/[39msrc/utils/retry.ts:85:20[90m)[39m {
  status: [33m500[39m
}

            </system-err>
        </testcase>
        <testcase classname="src/utils/retry.test.ts" name="retryWithBackoff &gt; should throw an error if all attempts fail" time="0.002810792">
            <system-err>
Attempt 1 failed with status 500. Retrying with backoff... Error: Simulated error attempt 1
    at [90m/Users/adarshkant/Desktop/linux-mac-os/linuxos-ai/packages/core/[39msrc/utils/retry.test.ts:27:32
    at mockCall (file:///Users/adarshkant/Desktop/linux-mac-os/linuxos-ai/node_modules/[4m@vitest[24m/spy/dist/index.js:96:15)
    at spy (file:///Users/adarshkant/Desktop/linux-mac-os/linuxos-ai/node_modules/[4mtinyspy[24m/dist/index.js:47:103)
    at retryWithBackoff [90m(/Users/adarshkant/Desktop/linux-mac-os/linuxos-ai/packages/core/[39msrc/utils/retry.ts:85:20[90m)[39m
    at [90m/Users/adarshkant/Desktop/linux-mac-os/linuxos-ai/packages/core/[39msrc/utils/retry.test.ts:82:21
    at file:///Users/adarshkant/Desktop/linux-mac-os/linuxos-ai/node_modules/[4m@vitest[24m/runner/dist/chunk-hooks.js:155:11
    at file:///Users/adarshkant/Desktop/linux-mac-os/linuxos-ai/node_modules/[4m@vitest[24m/runner/dist/chunk-hooks.js:752:26
    at file:///Users/adarshkant/Desktop/linux-mac-os/linuxos-ai/node_modules/[4m@vitest[24m/runner/dist/chunk-hooks.js:1897:20
    at new Promise (&lt;anonymous&gt;)
    at runWithTimeout (file:///Users/adarshkant/Desktop/linux-mac-os/linuxos-ai/node_modules/[4m@vitest[24m/runner/dist/chunk-hooks.js:1863:10) {
  status: [33m500[39m
}

Attempt 2 failed with status 500. Retrying with backoff... Error: Simulated error attempt 2
    at [90m/Users/adarshkant/Desktop/linux-mac-os/linuxos-ai/packages/core/[39msrc/utils/retry.test.ts:27:32
    at mockCall (file:///Users/adarshkant/Desktop/linux-mac-os/linuxos-ai/node_modules/[4m@vitest[24m/spy/dist/index.js:96:15)
    at spy (file:///Users/adarshkant/Desktop/linux-mac-os/linuxos-ai/node_modules/[4mtinyspy[24m/dist/index.js:47:103)
    at retryWithBackoff [90m(/Users/adarshkant/Desktop/linux-mac-os/linuxos-ai/packages/core/[39msrc/utils/retry.ts:85:20[90m)[39m {
  status: [33m500[39m
}

            </system-err>
        </testcase>
        <testcase classname="src/utils/retry.test.ts" name="retryWithBackoff &gt; should not retry if shouldRetry returns false" time="0.000345459">
        </testcase>
        <testcase classname="src/utils/retry.test.ts" name="retryWithBackoff &gt; should use default shouldRetry if not provided, retrying on 429" time="0.000559875">
        </testcase>
        <testcase classname="src/utils/retry.test.ts" name="retryWithBackoff &gt; should use default shouldRetry if not provided, not retrying on 400" time="0.000981458">
        </testcase>
        <testcase classname="src/utils/retry.test.ts" name="retryWithBackoff &gt; should respect maxDelayMs" time="0.003805542">
            <system-err>
Attempt 1 failed with status 500. Retrying with backoff... Error: Simulated error attempt 1
    at [90m/Users/adarshkant/Desktop/linux-mac-os/linuxos-ai/packages/core/[39msrc/utils/retry.test.ts:27:32
    at mockCall (file:///Users/adarshkant/Desktop/linux-mac-os/linuxos-ai/node_modules/[4m@vitest[24m/spy/dist/index.js:96:15)
    at spy (file:///Users/adarshkant/Desktop/linux-mac-os/linuxos-ai/node_modules/[4mtinyspy[24m/dist/index.js:47:103)
    at retryWithBackoff [90m(/Users/adarshkant/Desktop/linux-mac-os/linuxos-ai/packages/core/[39msrc/utils/retry.ts:85:20[90m)[39m
    at [90m/Users/adarshkant/Desktop/linux-mac-os/linuxos-ai/packages/core/[39msrc/utils/retry.test.ts:164:21
    at file:///Users/adarshkant/Desktop/linux-mac-os/linuxos-ai/node_modules/[4m@vitest[24m/runner/dist/chunk-hooks.js:155:11
    at file:///Users/adarshkant/Desktop/linux-mac-os/linuxos-ai/node_modules/[4m@vitest[24m/runner/dist/chunk-hooks.js:752:26
    at file:///Users/adarshkant/Desktop/linux-mac-os/linuxos-ai/node_modules/[4m@vitest[24m/runner/dist/chunk-hooks.js:1897:20
    at new Promise (&lt;anonymous&gt;)
    at runWithTimeout (file:///Users/adarshkant/Desktop/linux-mac-os/linuxos-ai/node_modules/[4m@vitest[24m/runner/dist/chunk-hooks.js:1863:10) {
  status: [33m500[39m
}

Attempt 2 failed with status 500. Retrying with backoff... Error: Simulated error attempt 2
    at [90m/Users/adarshkant/Desktop/linux-mac-os/linuxos-ai/packages/core/[39msrc/utils/retry.test.ts:27:32
    at mockCall (file:///Users/adarshkant/Desktop/linux-mac-os/linuxos-ai/node_modules/[4m@vitest[24m/spy/dist/index.js:96:15)
    at spy (file:///Users/adarshkant/Desktop/linux-mac-os/linuxos-ai/node_modules/[4mtinyspy[24m/dist/index.js:47:103)
    at retryWithBackoff [90m(/Users/adarshkant/Desktop/linux-mac-os/linuxos-ai/packages/core/[39msrc/utils/retry.ts:85:20[90m)[39m {
  status: [33m500[39m
}

Attempt 3 failed with status 500. Retrying with backoff... Error: Simulated error attempt 3
    at [90m/Users/adarshkant/Desktop/linux-mac-os/linuxos-ai/packages/core/[39msrc/utils/retry.test.ts:27:32
    at mockCall (file:///Users/adarshkant/Desktop/linux-mac-os/linuxos-ai/node_modules/[4m@vitest[24m/spy/dist/index.js:96:15)
    at spy (file:///Users/adarshkant/Desktop/linux-mac-os/linuxos-ai/node_modules/[4mtinyspy[24m/dist/index.js:47:103)
    at retryWithBackoff [90m(/Users/adarshkant/Desktop/linux-mac-os/linuxos-ai/packages/core/[39msrc/utils/retry.ts:85:20[90m)[39m {
  status: [33m500[39m
}

            </system-err>
        </testcase>
        <testcase classname="src/utils/retry.test.ts" name="retryWithBackoff &gt; should handle jitter correctly, ensuring varied delays" time="0.006841166">
            <system-err>
Attempt 1 failed with status 500. Retrying with backoff... Error: Simulated error attempt 1
    at [90m/Users/adarshkant/Desktop/linux-mac-os/linuxos-ai/packages/core/[39msrc/utils/retry.test.ts:27:32
    at mockCall (file:///Users/adarshkant/Desktop/linux-mac-os/linuxos-ai/node_modules/[4m@vitest[24m/spy/dist/index.js:96:15)
    at spy (file:///Users/adarshkant/Desktop/linux-mac-os/linuxos-ai/node_modules/[4mtinyspy[24m/dist/index.js:47:103)
    at retryWithBackoff [90m(/Users/adarshkant/Desktop/linux-mac-os/linuxos-ai/packages/core/[39msrc/utils/retry.ts:85:20[90m)[39m
    at runRetry [90m(/Users/adarshkant/Desktop/linux-mac-os/linuxos-ai/packages/core/[39msrc/utils/retry.test.ts:193:7[90m)[39m
    at [90m/Users/adarshkant/Desktop/linux-mac-os/linuxos-ai/packages/core/[39msrc/utils/retry.test.ts:200:22
    at file:///Users/adarshkant/Desktop/linux-mac-os/linuxos-ai/node_modules/[4m@vitest[24m/runner/dist/chunk-hooks.js:155:11
    at file:///Users/adarshkant/Desktop/linux-mac-os/linuxos-ai/node_modules/[4m@vitest[24m/runner/dist/chunk-hooks.js:752:26
    at file:///Users/adarshkant/Desktop/linux-mac-os/linuxos-ai/node_modules/[4m@vitest[24m/runner/dist/chunk-hooks.js:1897:20
    at new Promise (&lt;anonymous&gt;) {
  status: [33m500[39m
}

Attempt 1 failed with status 500. Retrying with backoff... Error: Simulated error attempt 1
    at [90m/Users/adarshkant/Desktop/linux-mac-os/linuxos-ai/packages/core/[39msrc/utils/retry.test.ts:27:32
    at mockCall (file:///Users/adarshkant/Desktop/linux-mac-os/linuxos-ai/node_modules/[4m@vitest[24m/spy/dist/index.js:96:15)
    at spy (file:///Users/adarshkant/Desktop/linux-mac-os/linuxos-ai/node_modules/[4mtinyspy[24m/dist/index.js:47:103)
    at retryWithBackoff [90m(/Users/adarshkant/Desktop/linux-mac-os/linuxos-ai/packages/core/[39msrc/utils/retry.ts:85:20[90m)[39m
    at runRetry [90m(/Users/adarshkant/Desktop/linux-mac-os/linuxos-ai/packages/core/[39msrc/utils/retry.test.ts:193:7[90m)[39m
    at [90m/Users/adarshkant/Desktop/linux-mac-os/linuxos-ai/packages/core/[39msrc/utils/retry.test.ts:214:22
    at file:///Users/adarshkant/Desktop/linux-mac-os/linuxos-ai/node_modules/[4m@vitest[24m/runner/dist/chunk-hooks.js:752:20 {
  status: [33m500[39m
}

            </system-err>
        </testcase>
        <testcase classname="src/utils/retry.test.ts" name="retryWithBackoff &gt; Flash model fallback for OAuth users &gt; should trigger fallback for OAuth personal users after persistent 429 errors" time="0.002455625">
        </testcase>
        <testcase classname="src/utils/retry.test.ts" name="retryWithBackoff &gt; Flash model fallback for OAuth users &gt; should NOT trigger fallback for API key users" time="0.004844208">
        </testcase>
        <testcase classname="src/utils/retry.test.ts" name="retryWithBackoff &gt; Flash model fallback for OAuth users &gt; should reset attempt counter and continue after successful fallback" time="0.005110334">
        </testcase>
        <testcase classname="src/utils/retry.test.ts" name="retryWithBackoff &gt; Flash model fallback for OAuth users &gt; should continue with original error if fallback is rejected" time="0.003585959">
        </testcase>
        <testcase classname="src/utils/retry.test.ts" name="retryWithBackoff &gt; Flash model fallback for OAuth users &gt; should handle mixed error types (only count consecutive 429s)" time="0.001813334">
            <system-err>
Attempt 1 failed with status 500. Retrying with backoff... Error: Server error
    at [90m/Users/adarshkant/Desktop/linux-mac-os/linuxos-ai/packages/core/[39msrc/utils/retry.test.ts:375:36
    at mockCall (file:///Users/adarshkant/Desktop/linux-mac-os/linuxos-ai/node_modules/[4m@vitest[24m/spy/dist/index.js:96:15)
    at spy (file:///Users/adarshkant/Desktop/linux-mac-os/linuxos-ai/node_modules/[4mtinyspy[24m/dist/index.js:47:103)
    at retryWithBackoff [90m(/Users/adarshkant/Desktop/linux-mac-os/linuxos-ai/packages/core/[39msrc/utils/retry.ts:85:20[90m)[39m
    at [90m/Users/adarshkant/Desktop/linux-mac-os/linuxos-ai/packages/core/[39msrc/utils/retry.test.ts:386:23
    at file:///Users/adarshkant/Desktop/linux-mac-os/linuxos-ai/node_modules/[4m@vitest[24m/runner/dist/chunk-hooks.js:155:11
    at file:///Users/adarshkant/Desktop/linux-mac-os/linuxos-ai/node_modules/[4m@vitest[24m/runner/dist/chunk-hooks.js:752:26
    at file:///Users/adarshkant/Desktop/linux-mac-os/linuxos-ai/node_modules/[4m@vitest[24m/runner/dist/chunk-hooks.js:1897:20
    at new Promise (&lt;anonymous&gt;)
    at runWithTimeout (file:///Users/adarshkant/Desktop/linux-mac-os/linuxos-ai/node_modules/[4m@vitest[24m/runner/dist/chunk-hooks.js:1863:10) {
  status: [33m500[39m
}

            </system-err>
        </testcase>
    </testsuite>
    <testsuite name="src/utils/user_id.test.js" timestamp="2025-07-02T17:04:59.388Z" hostname="Adarshs-MacBook-Pro.local" tests="3" failures="0" errors="0" skipped="0" time="0.005275875">
        <testcase classname="src/utils/user_id.test.js" name="user_id &gt; getInstallationId &gt; should return a valid UUID format string" time="0.002863">
        </testcase>
        <testcase classname="src/utils/user_id.test.js" name="user_id &gt; getObfuscatedGoogleAccountId &gt; should return a non-empty string" time="0.000697083">
        </testcase>
        <testcase classname="src/utils/user_id.test.js" name="user_id &gt; getObfuscatedGoogleAccountId &gt; should return empty string when no Google Account ID is cached" time="0.00014975">
        </testcase>
    </testsuite>
    <testsuite name="src/utils/user_id.test.ts" timestamp="2025-07-02T17:04:59.388Z" hostname="Adarshs-MacBook-Pro.local" tests="3" failures="0" errors="0" skipped="0" time="0.002707084">
        <testcase classname="src/utils/user_id.test.ts" name="user_id &gt; getInstallationId &gt; should return a valid UUID format string" time="0.000911333">
        </testcase>
        <testcase classname="src/utils/user_id.test.ts" name="user_id &gt; getObfuscatedGoogleAccountId &gt; should return a non-empty string" time="0.000510125">
        </testcase>
        <testcase classname="src/utils/user_id.test.ts" name="user_id &gt; getObfuscatedGoogleAccountId &gt; should return empty string when no Google Account ID is cached" time="0.0001315">
        </testcase>
    </testsuite>
</testsuites>
