<?xml version="1.0" encoding="UTF-8" ?>
<testsuites name="vitest tests" tests="760" failures="34" errors="0" time="4.254098585">
    <testsuite name="src/gemini.test.js" timestamp="2025-07-02T17:04:50.251Z" hostname="Adarshs-MacBook-Pro.local" tests="1" failures="1" errors="0" skipped="0" time="0">
        <testcase classname="src/gemini.test.js" name="src/gemini.test.js" time="0">
            <failure message="Failed to parse source for import analysis because the content contains invalid JS syntax. If you are using JSX, make sure to name the file with the .jsx or .tsx extension." type="Error">
Error: Failed to parse source for import analysis because the content contains invalid JS syntax. If you are using JSX, make sure to name the file with the .jsx or .tsx extension.
  Plugin: vite:import-analysis
  File: /Users/adarshkant/Desktop/linux-mac-os/linuxos-ai/packages/cli/src/gemini.js:182:6
  133|          render(&lt;React.StrictMode&gt;
  134|          &lt;AppWrapper config={config} settings={settings} startupWarnings={startupWarnings}/&gt;
  135|        &lt;/React.StrictMode&gt;, { exitOnCtrlC: false });
     |                                                     ^
  136|          return;
  137|      }
 ❯ TransformPluginContext._formatLog ../../node_modules/vite/dist/node/chunks/dep-Bsx9IwL8.js:31446:43
 ❯ TransformPluginContext.error ../../node_modules/vite/dist/node/chunks/dep-Bsx9IwL8.js:31443:14
 ❯ TransformPluginContext.transform ../../node_modules/vite/dist/node/chunks/dep-Bsx9IwL8.js:29955:10
 ❯ EnvironmentPluginContainer.transform ../../node_modules/vite/dist/node/chunks/dep-Bsx9IwL8.js:31260:14
 ❯ loadAndTransform ../../node_modules/vite/dist/node/chunks/dep-Bsx9IwL8.js:26434:26
            </failure>
        </testcase>
    </testsuite>
    <testsuite name="src/gemini.test.tsx" timestamp="2025-07-02T17:04:50.252Z" hostname="Adarshs-MacBook-Pro.local" tests="1" failures="1" errors="0" skipped="0" time="0">
        <testcase classname="src/gemini.test.tsx" name="src/gemini.test.tsx" time="0">
            <failure message="Failed to parse source for import analysis because the content contains invalid JS syntax. If you are using JSX, make sure to name the file with the .jsx or .tsx extension." type="Error">
Error: Failed to parse source for import analysis because the content contains invalid JS syntax. If you are using JSX, make sure to name the file with the .jsx or .tsx extension.
  Plugin: vite:import-analysis
  File: /Users/adarshkant/Desktop/linux-mac-os/linuxos-ai/packages/cli/src/gemini.js:182:6
  133|          render(&lt;React.StrictMode&gt;
  134|          &lt;AppWrapper config={config} settings={settings} startupWarnings={startupWarnings}/&gt;
  135|        &lt;/React.StrictMode&gt;, { exitOnCtrlC: false });
     |                                                     ^
  136|          return;
  137|      }
 ❯ TransformPluginContext._formatLog ../../node_modules/vite/dist/node/chunks/dep-Bsx9IwL8.js:31446:43
 ❯ TransformPluginContext.error ../../node_modules/vite/dist/node/chunks/dep-Bsx9IwL8.js:31443:14
 ❯ TransformPluginContext.transform ../../node_modules/vite/dist/node/chunks/dep-Bsx9IwL8.js:29955:10
 ❯ EnvironmentPluginContainer.transform ../../node_modules/vite/dist/node/chunks/dep-Bsx9IwL8.js:31260:14
 ❯ loadAndTransform ../../node_modules/vite/dist/node/chunks/dep-Bsx9IwL8.js:26434:26
            </failure>
        </testcase>
    </testsuite>
    <testsuite name="src/nonInteractiveCli.test.js" timestamp="2025-07-02T17:04:50.252Z" hostname="Adarshs-MacBook-Pro.local" tests="5" failures="0" errors="0" skipped="0" time="0.012820375">
        <testcase classname="src/nonInteractiveCli.test.js" name="runNonInteractive &gt; should process input and write text output" time="0.008259">
        </testcase>
        <testcase classname="src/nonInteractiveCli.test.js" name="runNonInteractive &gt; should handle a single tool call and respond" time="0.002181125">
        </testcase>
        <testcase classname="src/nonInteractiveCli.test.js" name="runNonInteractive &gt; should handle error during tool execution" time="0.000568542">
        </testcase>
        <testcase classname="src/nonInteractiveCli.test.js" name="runNonInteractive &gt; should exit with error if sendMessageStream throws initially" time="0.000336917">
        </testcase>
        <testcase classname="src/nonInteractiveCli.test.js" name="runNonInteractive &gt; should not exit if a tool is not found, and should send error back to model" time="0.000404042">
        </testcase>
    </testsuite>
    <testsuite name="src/nonInteractiveCli.test.ts" timestamp="2025-07-02T17:04:50.253Z" hostname="Adarshs-MacBook-Pro.local" tests="5" failures="0" errors="0" skipped="0" time="0.01095275">
        <testcase classname="src/nonInteractiveCli.test.ts" name="runNonInteractive &gt; should process input and write text output" time="0.006948292">
        </testcase>
        <testcase classname="src/nonInteractiveCli.test.ts" name="runNonInteractive &gt; should handle a single tool call and respond" time="0.001177625">
        </testcase>
        <testcase classname="src/nonInteractiveCli.test.ts" name="runNonInteractive &gt; should handle error during tool execution" time="0.000583042">
        </testcase>
        <testcase classname="src/nonInteractiveCli.test.ts" name="runNonInteractive &gt; should exit with error if sendMessageStream throws initially" time="0.0003375">
        </testcase>
        <testcase classname="src/nonInteractiveCli.test.ts" name="runNonInteractive &gt; should not exit if a tool is not found, and should send error back to model" time="0.00072775">
        </testcase>
    </testsuite>
    <testsuite name="src/config/config.integration.test.js" timestamp="2025-07-02T17:04:50.253Z" hostname="Adarshs-MacBook-Pro.local" tests="11" failures="0" errors="0" skipped="0" time="0.13738925">
        <testcase classname="src/config/config.integration.test.js" name="Configuration Integration Tests &gt; File Filtering Configuration &gt; should load default file filtering settings" time="0.117638292">
        </testcase>
        <testcase classname="src/config/config.integration.test.js" name="Configuration Integration Tests &gt; File Filtering Configuration &gt; should load custom file filtering settings from configuration" time="0.004489666">
        </testcase>
        <testcase classname="src/config/config.integration.test.js" name="Configuration Integration Tests &gt; File Filtering Configuration &gt; should merge user and workspace file filtering settings" time="0.004459791">
        </testcase>
        <testcase classname="src/config/config.integration.test.js" name="Configuration Integration Tests &gt; Configuration Integration &gt; should handle partial configuration objects gracefully" time="0.001259">
        </testcase>
        <testcase classname="src/config/config.integration.test.js" name="Configuration Integration Tests &gt; Configuration Integration &gt; should handle empty configuration objects gracefully" time="0.001593375">
        </testcase>
        <testcase classname="src/config/config.integration.test.js" name="Configuration Integration Tests &gt; Configuration Integration &gt; should handle missing configuration sections gracefully" time="0.000839833">
        </testcase>
        <testcase classname="src/config/config.integration.test.js" name="Configuration Integration Tests &gt; Real-world Configuration Scenarios &gt; should handle a security-focused configuration" time="0.001323917">
        </testcase>
        <testcase classname="src/config/config.integration.test.js" name="Configuration Integration Tests &gt; Real-world Configuration Scenarios &gt; should handle a CI/CD environment configuration" time="0.000919875">
        </testcase>
        <testcase classname="src/config/config.integration.test.js" name="Configuration Integration Tests &gt; Checkpointing Configuration &gt; should enable checkpointing when the setting is true" time="0.001528125">
        </testcase>
        <testcase classname="src/config/config.integration.test.js" name="Configuration Integration Tests &gt; Extension Context Files &gt; should have an empty array for extension context files by default" time="0.001454875">
        </testcase>
        <testcase classname="src/config/config.integration.test.js" name="Configuration Integration Tests &gt; Extension Context Files &gt; should correctly store and return extension context file paths" time="0.000888625">
        </testcase>
    </testsuite>
    <testsuite name="src/config/config.integration.test.ts" timestamp="2025-07-02T17:04:50.254Z" hostname="Adarshs-MacBook-Pro.local" tests="11" failures="0" errors="0" skipped="0" time="0.062199541">
        <testcase classname="src/config/config.integration.test.ts" name="Configuration Integration Tests &gt; File Filtering Configuration &gt; should load default file filtering settings" time="0.0461015">
        </testcase>
        <testcase classname="src/config/config.integration.test.ts" name="Configuration Integration Tests &gt; File Filtering Configuration &gt; should load custom file filtering settings from configuration" time="0.001032875">
        </testcase>
        <testcase classname="src/config/config.integration.test.ts" name="Configuration Integration Tests &gt; File Filtering Configuration &gt; should merge user and workspace file filtering settings" time="0.0016625">
        </testcase>
        <testcase classname="src/config/config.integration.test.ts" name="Configuration Integration Tests &gt; Configuration Integration &gt; should handle partial configuration objects gracefully" time="0.002731042">
        </testcase>
        <testcase classname="src/config/config.integration.test.ts" name="Configuration Integration Tests &gt; Configuration Integration &gt; should handle empty configuration objects gracefully" time="0.001179291">
        </testcase>
        <testcase classname="src/config/config.integration.test.ts" name="Configuration Integration Tests &gt; Configuration Integration &gt; should handle missing configuration sections gracefully" time="0.000776167">
        </testcase>
        <testcase classname="src/config/config.integration.test.ts" name="Configuration Integration Tests &gt; Real-world Configuration Scenarios &gt; should handle a security-focused configuration" time="0.000721916">
        </testcase>
        <testcase classname="src/config/config.integration.test.ts" name="Configuration Integration Tests &gt; Real-world Configuration Scenarios &gt; should handle a CI/CD environment configuration" time="0.001097958">
        </testcase>
        <testcase classname="src/config/config.integration.test.ts" name="Configuration Integration Tests &gt; Checkpointing Configuration &gt; should enable checkpointing when the setting is true" time="0.001020834">
        </testcase>
        <testcase classname="src/config/config.integration.test.ts" name="Configuration Integration Tests &gt; Extension Context Files &gt; should have an empty array for extension context files by default" time="0.00202325">
        </testcase>
        <testcase classname="src/config/config.integration.test.ts" name="Configuration Integration Tests &gt; Extension Context Files &gt; should correctly store and return extension context file paths" time="0.002700916">
        </testcase>
    </testsuite>
    <testsuite name="src/config/config.test.js" timestamp="2025-07-02T17:04:50.254Z" hostname="Adarshs-MacBook-Pro.local" tests="30" failures="0" errors="0" skipped="0" time="0.246652291">
        <testcase classname="src/config/config.test.js" name="loadCliConfig &gt; should set showMemoryUsage to true when --memory flag is present" time="0.078343166">
            <system-err>
Error accessing installation ID file, generating ephemeral ID: Error: ENOENT: no such file or directory, mkdir &apos;/mock/home/user/.gemini&apos;
[90m    at Proxy.mkdirSync (node:fs:1363:26)[39m
    at ensureGeminiDirExists (/Users/adarshkant/Desktop/linux-mac-os/linuxos-ai/packages/core/src/utils/user_id.ts:19:8)
    at getInstallationId (/Users/adarshkant/Desktop/linux-mac-os/linuxos-ai/packages/core/src/utils/user_id.ts:42:5)
    at ClearcutLogger.createLogEvent (/Users/adarshkant/Desktop/linux-mac-os/linuxos-ai/packages/core/src/telemetry/clearcut-logger/clearcut-logger.ts:74:43)
    at ClearcutLogger.logStartSessionEvent (/Users/adarshkant/Desktop/linux-mac-os/linuxos-ai/packages/core/src/telemetry/clearcut-logger/clearcut-logger.ts:245:31)
    at new Config (/Users/adarshkant/Desktop/linux-mac-os/linuxos-ai/packages/core/src/config/config.ts:224:41)
    at Module.loadCliConfig [90m(/Users/adarshkant/Desktop/linux-mac-os/linuxos-ai/packages/cli/[39msrc/config/config.ts:201:10[90m)[39m
[90m    at processTicksAndRejections (node:internal/process/task_queues:105:5)[39m
    at [90m/Users/adarshkant/Desktop/linux-mac-os/linuxos-ai/packages/cli/[39msrc/config/config.test.ts:68:20
    at file:///Users/adarshkant/Desktop/linux-mac-os/linuxos-ai/node_modules/[4m@vitest[24m/runner/dist/chunk-hooks.js:752:20 {
  errno: [33m-2[39m,
  code: [32m&apos;ENOENT&apos;[39m,
  syscall: [32m&apos;mkdir&apos;[39m,
  path: [32m&apos;/mock/home/user/.gemini&apos;[39m
}

            </system-err>
        </testcase>
        <testcase classname="src/config/config.test.js" name="loadCliConfig &gt; should set showMemoryUsage to false when --memory flag is not present" time="0.006961292">
            <system-err>
Error accessing installation ID file, generating ephemeral ID: Error: ENOENT: no such file or directory, mkdir &apos;/mock/home/user/.gemini&apos;
[90m    at Proxy.mkdirSync (node:fs:1363:26)[39m
    at ensureGeminiDirExists (/Users/adarshkant/Desktop/linux-mac-os/linuxos-ai/packages/core/src/utils/user_id.ts:19:8)
    at getInstallationId (/Users/adarshkant/Desktop/linux-mac-os/linuxos-ai/packages/core/src/utils/user_id.ts:42:5)
    at ClearcutLogger.createLogEvent (/Users/adarshkant/Desktop/linux-mac-os/linuxos-ai/packages/core/src/telemetry/clearcut-logger/clearcut-logger.ts:74:43)
    at ClearcutLogger.logStartSessionEvent (/Users/adarshkant/Desktop/linux-mac-os/linuxos-ai/packages/core/src/telemetry/clearcut-logger/clearcut-logger.ts:245:31)
    at new Config (/Users/adarshkant/Desktop/linux-mac-os/linuxos-ai/packages/core/src/config/config.ts:224:41)
    at Module.loadCliConfig [90m(/Users/adarshkant/Desktop/linux-mac-os/linuxos-ai/packages/cli/[39msrc/config/config.ts:201:10[90m)[39m
[90m    at processTicksAndRejections (node:internal/process/task_queues:105:5)[39m
    at [90m/Users/adarshkant/Desktop/linux-mac-os/linuxos-ai/packages/cli/[39msrc/config/config.test.ts:75:20
    at file:///Users/adarshkant/Desktop/linux-mac-os/linuxos-ai/node_modules/[4m@vitest[24m/runner/dist/chunk-hooks.js:752:20 {
  errno: [33m-2[39m,
  code: [32m&apos;ENOENT&apos;[39m,
  syscall: [32m&apos;mkdir&apos;[39m,
  path: [32m&apos;/mock/home/user/.gemini&apos;[39m
}

            </system-err>
        </testcase>
        <testcase classname="src/config/config.test.js" name="loadCliConfig &gt; should set showMemoryUsage to false by default from settings if CLI flag is not present" time="0.001959042">
            <system-err>
Error accessing installation ID file, generating ephemeral ID: Error: ENOENT: no such file or directory, mkdir &apos;/mock/home/user/.gemini&apos;
[90m    at Proxy.mkdirSync (node:fs:1363:26)[39m
    at ensureGeminiDirExists (/Users/adarshkant/Desktop/linux-mac-os/linuxos-ai/packages/core/src/utils/user_id.ts:19:8)
    at getInstallationId (/Users/adarshkant/Desktop/linux-mac-os/linuxos-ai/packages/core/src/utils/user_id.ts:42:5)
    at ClearcutLogger.createLogEvent (/Users/adarshkant/Desktop/linux-mac-os/linuxos-ai/packages/core/src/telemetry/clearcut-logger/clearcut-logger.ts:74:43)
    at ClearcutLogger.logStartSessionEvent (/Users/adarshkant/Desktop/linux-mac-os/linuxos-ai/packages/core/src/telemetry/clearcut-logger/clearcut-logger.ts:245:31)
    at new Config (/Users/adarshkant/Desktop/linux-mac-os/linuxos-ai/packages/core/src/config/config.ts:224:41)
    at Module.loadCliConfig [90m(/Users/adarshkant/Desktop/linux-mac-os/linuxos-ai/packages/cli/[39msrc/config/config.ts:201:10[90m)[39m
[90m    at processTicksAndRejections (node:internal/process/task_queues:105:5)[39m
    at [90m/Users/adarshkant/Desktop/linux-mac-os/linuxos-ai/packages/cli/[39msrc/config/config.test.ts:82:20
    at file:///Users/adarshkant/Desktop/linux-mac-os/linuxos-ai/node_modules/[4m@vitest[24m/runner/dist/chunk-hooks.js:752:20 {
  errno: [33m-2[39m,
  code: [32m&apos;ENOENT&apos;[39m,
  syscall: [32m&apos;mkdir&apos;[39m,
  path: [32m&apos;/mock/home/user/.gemini&apos;[39m
}

            </system-err>
        </testcase>
        <testcase classname="src/config/config.test.js" name="loadCliConfig &gt; should prioritize CLI flag over settings for showMemoryUsage (CLI true, settings false)" time="0.00759875">
            <system-err>
Error accessing installation ID file, generating ephemeral ID: Error: ENOENT: no such file or directory, mkdir &apos;/mock/home/user/.gemini&apos;
[90m    at Proxy.mkdirSync (node:fs:1363:26)[39m
    at ensureGeminiDirExists (/Users/adarshkant/Desktop/linux-mac-os/linuxos-ai/packages/core/src/utils/user_id.ts:19:8)
    at getInstallationId (/Users/adarshkant/Desktop/linux-mac-os/linuxos-ai/packages/core/src/utils/user_id.ts:42:5)
    at ClearcutLogger.createLogEvent (/Users/adarshkant/Desktop/linux-mac-os/linuxos-ai/packages/core/src/telemetry/clearcut-logger/clearcut-logger.ts:74:43)
    at ClearcutLogger.logStartSessionEvent (/Users/adarshkant/Desktop/linux-mac-os/linuxos-ai/packages/core/src/telemetry/clearcut-logger/clearcut-logger.ts:245:31)
    at new Config (/Users/adarshkant/Desktop/linux-mac-os/linuxos-ai/packages/core/src/config/config.ts:224:41)
    at Module.loadCliConfig [90m(/Users/adarshkant/Desktop/linux-mac-os/linuxos-ai/packages/cli/[39msrc/config/config.ts:201:10[90m)[39m
[90m    at processTicksAndRejections (node:internal/process/task_queues:105:5)[39m
    at [90m/Users/adarshkant/Desktop/linux-mac-os/linuxos-ai/packages/cli/[39msrc/config/config.test.ts:89:20
    at file:///Users/adarshkant/Desktop/linux-mac-os/linuxos-ai/node_modules/[4m@vitest[24m/runner/dist/chunk-hooks.js:752:20 {
  errno: [33m-2[39m,
  code: [32m&apos;ENOENT&apos;[39m,
  syscall: [32m&apos;mkdir&apos;[39m,
  path: [32m&apos;/mock/home/user/.gemini&apos;[39m
}

            </system-err>
        </testcase>
        <testcase classname="src/config/config.test.js" name="loadCliConfig telemetry &gt; should set telemetry to false by default when no flag or setting is present" time="0.003408125">
            <system-err>
Error accessing installation ID file, generating ephemeral ID: Error: ENOENT: no such file or directory, mkdir &apos;/mock/home/user/.gemini&apos;
[90m    at Proxy.mkdirSync (node:fs:1363:26)[39m
    at ensureGeminiDirExists (/Users/adarshkant/Desktop/linux-mac-os/linuxos-ai/packages/core/src/utils/user_id.ts:19:8)
    at getInstallationId (/Users/adarshkant/Desktop/linux-mac-os/linuxos-ai/packages/core/src/utils/user_id.ts:42:5)
    at ClearcutLogger.createLogEvent (/Users/adarshkant/Desktop/linux-mac-os/linuxos-ai/packages/core/src/telemetry/clearcut-logger/clearcut-logger.ts:74:43)
    at ClearcutLogger.logStartSessionEvent (/Users/adarshkant/Desktop/linux-mac-os/linuxos-ai/packages/core/src/telemetry/clearcut-logger/clearcut-logger.ts:245:31)
    at new Config (/Users/adarshkant/Desktop/linux-mac-os/linuxos-ai/packages/core/src/config/config.ts:224:41)
    at Module.loadCliConfig [90m(/Users/adarshkant/Desktop/linux-mac-os/linuxos-ai/packages/cli/[39msrc/config/config.ts:201:10[90m)[39m
[90m    at processTicksAndRejections (node:internal/process/task_queues:105:5)[39m
    at [90m/Users/adarshkant/Desktop/linux-mac-os/linuxos-ai/packages/cli/[39msrc/config/config.test.ts:113:20
    at file:///Users/adarshkant/Desktop/linux-mac-os/linuxos-ai/node_modules/[4m@vitest[24m/runner/dist/chunk-hooks.js:752:20 {
  errno: [33m-2[39m,
  code: [32m&apos;ENOENT&apos;[39m,
  syscall: [32m&apos;mkdir&apos;[39m,
  path: [32m&apos;/mock/home/user/.gemini&apos;[39m
}

            </system-err>
        </testcase>
        <testcase classname="src/config/config.test.js" name="loadCliConfig telemetry &gt; should set telemetry to true when --telemetry flag is present" time="0.018104667">
            <system-out>
OpenTelemetry SDK started successfully.

            </system-out>
            <system-err>
Error accessing installation ID file, generating ephemeral ID: Error: ENOENT: no such file or directory, mkdir &apos;/mock/home/user/.gemini&apos;
[90m    at Proxy.mkdirSync (node:fs:1363:26)[39m
    at ensureGeminiDirExists (/Users/adarshkant/Desktop/linux-mac-os/linuxos-ai/packages/core/src/utils/user_id.ts:19:8)
    at getInstallationId (/Users/adarshkant/Desktop/linux-mac-os/linuxos-ai/packages/core/src/utils/user_id.ts:42:5)
    at ClearcutLogger.createLogEvent (/Users/adarshkant/Desktop/linux-mac-os/linuxos-ai/packages/core/src/telemetry/clearcut-logger/clearcut-logger.ts:74:43)
    at ClearcutLogger.logStartSessionEvent (/Users/adarshkant/Desktop/linux-mac-os/linuxos-ai/packages/core/src/telemetry/clearcut-logger/clearcut-logger.ts:245:31)
    at new Config (/Users/adarshkant/Desktop/linux-mac-os/linuxos-ai/packages/core/src/config/config.ts:224:41)
    at Module.loadCliConfig [90m(/Users/adarshkant/Desktop/linux-mac-os/linuxos-ai/packages/cli/[39msrc/config/config.ts:201:10[90m)[39m
[90m    at processTicksAndRejections (node:internal/process/task_queues:105:5)[39m
    at [90m/Users/adarshkant/Desktop/linux-mac-os/linuxos-ai/packages/cli/[39msrc/config/config.test.ts:120:20
    at file:///Users/adarshkant/Desktop/linux-mac-os/linuxos-ai/node_modules/[4m@vitest[24m/runner/dist/chunk-hooks.js:752:20 {
  errno: [33m-2[39m,
  code: [32m&apos;ENOENT&apos;[39m,
  syscall: [32m&apos;mkdir&apos;[39m,
  path: [32m&apos;/mock/home/user/.gemini&apos;[39m
}
Accessing resource attributes before async attributes settled

            </system-err>
        </testcase>
        <testcase classname="src/config/config.test.js" name="loadCliConfig telemetry &gt; should set telemetry to false when --no-telemetry flag is present" time="0.019153583">
            <system-err>
Error accessing installation ID file, generating ephemeral ID: Error: ENOENT: no such file or directory, mkdir &apos;/mock/home/user/.gemini&apos;
[90m    at Proxy.mkdirSync (node:fs:1363:26)[39m
    at ensureGeminiDirExists (/Users/adarshkant/Desktop/linux-mac-os/linuxos-ai/packages/core/src/utils/user_id.ts:19:8)
    at getInstallationId (/Users/adarshkant/Desktop/linux-mac-os/linuxos-ai/packages/core/src/utils/user_id.ts:42:5)
    at ClearcutLogger.createLogEvent (/Users/adarshkant/Desktop/linux-mac-os/linuxos-ai/packages/core/src/telemetry/clearcut-logger/clearcut-logger.ts:74:43)
    at ClearcutLogger.logStartSessionEvent (/Users/adarshkant/Desktop/linux-mac-os/linuxos-ai/packages/core/src/telemetry/clearcut-logger/clearcut-logger.ts:245:31)
    at new Config (/Users/adarshkant/Desktop/linux-mac-os/linuxos-ai/packages/core/src/config/config.ts:224:41)
    at Module.loadCliConfig [90m(/Users/adarshkant/Desktop/linux-mac-os/linuxos-ai/packages/cli/[39msrc/config/config.ts:201:10[90m)[39m
[90m    at processTicksAndRejections (node:internal/process/task_queues:105:5)[39m
    at [90m/Users/adarshkant/Desktop/linux-mac-os/linuxos-ai/packages/cli/[39msrc/config/config.test.ts:127:20
    at file:///Users/adarshkant/Desktop/linux-mac-os/linuxos-ai/node_modules/[4m@vitest[24m/runner/dist/chunk-hooks.js:752:20 {
  errno: [33m-2[39m,
  code: [32m&apos;ENOENT&apos;[39m,
  syscall: [32m&apos;mkdir&apos;[39m,
  path: [32m&apos;/mock/home/user/.gemini&apos;[39m
}

            </system-err>
        </testcase>
        <testcase classname="src/config/config.test.js" name="loadCliConfig telemetry &gt; should use telemetry value from settings if CLI flag is not present (settings true)" time="0.002890708">
            <system-err>
Error accessing installation ID file, generating ephemeral ID: Error: ENOENT: no such file or directory, mkdir &apos;/mock/home/user/.gemini&apos;
[90m    at Proxy.mkdirSync (node:fs:1363:26)[39m
    at ensureGeminiDirExists (/Users/adarshkant/Desktop/linux-mac-os/linuxos-ai/packages/core/src/utils/user_id.ts:19:8)
    at getInstallationId (/Users/adarshkant/Desktop/linux-mac-os/linuxos-ai/packages/core/src/utils/user_id.ts:42:5)
    at ClearcutLogger.createLogEvent (/Users/adarshkant/Desktop/linux-mac-os/linuxos-ai/packages/core/src/telemetry/clearcut-logger/clearcut-logger.ts:74:43)
    at ClearcutLogger.logStartSessionEvent (/Users/adarshkant/Desktop/linux-mac-os/linuxos-ai/packages/core/src/telemetry/clearcut-logger/clearcut-logger.ts:245:31)
    at new Config (/Users/adarshkant/Desktop/linux-mac-os/linuxos-ai/packages/core/src/config/config.ts:224:41)
    at Module.loadCliConfig [90m(/Users/adarshkant/Desktop/linux-mac-os/linuxos-ai/packages/cli/[39msrc/config/config.ts:201:10[90m)[39m
[90m    at processTicksAndRejections (node:internal/process/task_queues:105:5)[39m
    at [90m/Users/adarshkant/Desktop/linux-mac-os/linuxos-ai/packages/cli/[39msrc/config/config.test.ts:134:20
    at file:///Users/adarshkant/Desktop/linux-mac-os/linuxos-ai/node_modules/[4m@vitest[24m/runner/dist/chunk-hooks.js:752:20 {
  errno: [33m-2[39m,
  code: [32m&apos;ENOENT&apos;[39m,
  syscall: [32m&apos;mkdir&apos;[39m,
  path: [32m&apos;/mock/home/user/.gemini&apos;[39m
}

            </system-err>
        </testcase>
        <testcase classname="src/config/config.test.js" name="loadCliConfig telemetry &gt; should use telemetry value from settings if CLI flag is not present (settings false)" time="0.004761125">
            <system-err>
Error accessing installation ID file, generating ephemeral ID: Error: ENOENT: no such file or directory, mkdir &apos;/mock/home/user/.gemini&apos;
[90m    at Proxy.mkdirSync (node:fs:1363:26)[39m
    at ensureGeminiDirExists (/Users/adarshkant/Desktop/linux-mac-os/linuxos-ai/packages/core/src/utils/user_id.ts:19:8)
    at getInstallationId (/Users/adarshkant/Desktop/linux-mac-os/linuxos-ai/packages/core/src/utils/user_id.ts:42:5)
    at ClearcutLogger.createLogEvent (/Users/adarshkant/Desktop/linux-mac-os/linuxos-ai/packages/core/src/telemetry/clearcut-logger/clearcut-logger.ts:74:43)
    at ClearcutLogger.logStartSessionEvent (/Users/adarshkant/Desktop/linux-mac-os/linuxos-ai/packages/core/src/telemetry/clearcut-logger/clearcut-logger.ts:245:31)
    at new Config (/Users/adarshkant/Desktop/linux-mac-os/linuxos-ai/packages/core/src/config/config.ts:224:41)
    at Module.loadCliConfig [90m(/Users/adarshkant/Desktop/linux-mac-os/linuxos-ai/packages/cli/[39msrc/config/config.ts:201:10[90m)[39m
[90m    at processTicksAndRejections (node:internal/process/task_queues:105:5)[39m
    at [90m/Users/adarshkant/Desktop/linux-mac-os/linuxos-ai/packages/cli/[39msrc/config/config.test.ts:141:20
    at file:///Users/adarshkant/Desktop/linux-mac-os/linuxos-ai/node_modules/[4m@vitest[24m/runner/dist/chunk-hooks.js:752:20 {
  errno: [33m-2[39m,
  code: [32m&apos;ENOENT&apos;[39m,
  syscall: [32m&apos;mkdir&apos;[39m,
  path: [32m&apos;/mock/home/user/.gemini&apos;[39m
}

            </system-err>
        </testcase>
        <testcase classname="src/config/config.test.js" name="loadCliConfig telemetry &gt; should prioritize --telemetry CLI flag (true) over settings (false)" time="0.003435958">
            <system-err>
Error accessing installation ID file, generating ephemeral ID: Error: ENOENT: no such file or directory, mkdir &apos;/mock/home/user/.gemini&apos;
[90m    at Proxy.mkdirSync (node:fs:1363:26)[39m
    at ensureGeminiDirExists (/Users/adarshkant/Desktop/linux-mac-os/linuxos-ai/packages/core/src/utils/user_id.ts:19:8)
    at getInstallationId (/Users/adarshkant/Desktop/linux-mac-os/linuxos-ai/packages/core/src/utils/user_id.ts:42:5)
    at ClearcutLogger.createLogEvent (/Users/adarshkant/Desktop/linux-mac-os/linuxos-ai/packages/core/src/telemetry/clearcut-logger/clearcut-logger.ts:74:43)
    at ClearcutLogger.logStartSessionEvent (/Users/adarshkant/Desktop/linux-mac-os/linuxos-ai/packages/core/src/telemetry/clearcut-logger/clearcut-logger.ts:245:31)
    at new Config (/Users/adarshkant/Desktop/linux-mac-os/linuxos-ai/packages/core/src/config/config.ts:224:41)
    at Module.loadCliConfig [90m(/Users/adarshkant/Desktop/linux-mac-os/linuxos-ai/packages/cli/[39msrc/config/config.ts:201:10[90m)[39m
[90m    at processTicksAndRejections (node:internal/process/task_queues:105:5)[39m
    at [90m/Users/adarshkant/Desktop/linux-mac-os/linuxos-ai/packages/cli/[39msrc/config/config.test.ts:148:20
    at file:///Users/adarshkant/Desktop/linux-mac-os/linuxos-ai/node_modules/[4m@vitest[24m/runner/dist/chunk-hooks.js:752:20 {
  errno: [33m-2[39m,
  code: [32m&apos;ENOENT&apos;[39m,
  syscall: [32m&apos;mkdir&apos;[39m,
  path: [32m&apos;/mock/home/user/.gemini&apos;[39m
}

            </system-err>
        </testcase>
        <testcase classname="src/config/config.test.js" name="loadCliConfig telemetry &gt; should prioritize --no-telemetry CLI flag (false) over settings (true)" time="0.003061083">
            <system-err>
Error accessing installation ID file, generating ephemeral ID: Error: ENOENT: no such file or directory, mkdir &apos;/mock/home/user/.gemini&apos;
[90m    at Proxy.mkdirSync (node:fs:1363:26)[39m
    at ensureGeminiDirExists (/Users/adarshkant/Desktop/linux-mac-os/linuxos-ai/packages/core/src/utils/user_id.ts:19:8)
    at getInstallationId (/Users/adarshkant/Desktop/linux-mac-os/linuxos-ai/packages/core/src/utils/user_id.ts:42:5)
    at ClearcutLogger.createLogEvent (/Users/adarshkant/Desktop/linux-mac-os/linuxos-ai/packages/core/src/telemetry/clearcut-logger/clearcut-logger.ts:74:43)
    at ClearcutLogger.logStartSessionEvent (/Users/adarshkant/Desktop/linux-mac-os/linuxos-ai/packages/core/src/telemetry/clearcut-logger/clearcut-logger.ts:245:31)
    at new Config (/Users/adarshkant/Desktop/linux-mac-os/linuxos-ai/packages/core/src/config/config.ts:224:41)
    at Module.loadCliConfig [90m(/Users/adarshkant/Desktop/linux-mac-os/linuxos-ai/packages/cli/[39msrc/config/config.ts:201:10[90m)[39m
[90m    at processTicksAndRejections (node:internal/process/task_queues:105:5)[39m
    at [90m/Users/adarshkant/Desktop/linux-mac-os/linuxos-ai/packages/cli/[39msrc/config/config.test.ts:155:20
    at file:///Users/adarshkant/Desktop/linux-mac-os/linuxos-ai/node_modules/[4m@vitest[24m/runner/dist/chunk-hooks.js:752:20 {
  errno: [33m-2[39m,
  code: [32m&apos;ENOENT&apos;[39m,
  syscall: [32m&apos;mkdir&apos;[39m,
  path: [32m&apos;/mock/home/user/.gemini&apos;[39m
}

            </system-err>
        </testcase>
        <testcase classname="src/config/config.test.js" name="loadCliConfig telemetry &gt; should use telemetry OTLP endpoint from settings if CLI flag is not present" time="0.0017245">
            <system-err>
Error accessing installation ID file, generating ephemeral ID: Error: ENOENT: no such file or directory, mkdir &apos;/mock/home/user/.gemini&apos;
[90m    at Proxy.mkdirSync (node:fs:1363:26)[39m
    at ensureGeminiDirExists (/Users/adarshkant/Desktop/linux-mac-os/linuxos-ai/packages/core/src/utils/user_id.ts:19:8)
    at getInstallationId (/Users/adarshkant/Desktop/linux-mac-os/linuxos-ai/packages/core/src/utils/user_id.ts:42:5)
    at ClearcutLogger.createLogEvent (/Users/adarshkant/Desktop/linux-mac-os/linuxos-ai/packages/core/src/telemetry/clearcut-logger/clearcut-logger.ts:74:43)
    at ClearcutLogger.logStartSessionEvent (/Users/adarshkant/Desktop/linux-mac-os/linuxos-ai/packages/core/src/telemetry/clearcut-logger/clearcut-logger.ts:245:31)
    at new Config (/Users/adarshkant/Desktop/linux-mac-os/linuxos-ai/packages/core/src/config/config.ts:224:41)
    at Module.loadCliConfig [90m(/Users/adarshkant/Desktop/linux-mac-os/linuxos-ai/packages/cli/[39msrc/config/config.ts:201:10[90m)[39m
[90m    at processTicksAndRejections (node:internal/process/task_queues:105:5)[39m
    at [90m/Users/adarshkant/Desktop/linux-mac-os/linuxos-ai/packages/cli/[39msrc/config/config.test.ts:164:20
    at file:///Users/adarshkant/Desktop/linux-mac-os/linuxos-ai/node_modules/[4m@vitest[24m/runner/dist/chunk-hooks.js:752:20 {
  errno: [33m-2[39m,
  code: [32m&apos;ENOENT&apos;[39m,
  syscall: [32m&apos;mkdir&apos;[39m,
  path: [32m&apos;/mock/home/user/.gemini&apos;[39m
}

            </system-err>
        </testcase>
        <testcase classname="src/config/config.test.js" name="loadCliConfig telemetry &gt; should prioritize --telemetry-otlp-endpoint CLI flag over settings" time="0.009420667">
            <system-err>
Error accessing installation ID file, generating ephemeral ID: Error: ENOENT: no such file or directory, mkdir &apos;/mock/home/user/.gemini&apos;
[90m    at Proxy.mkdirSync (node:fs:1363:26)[39m
    at ensureGeminiDirExists (/Users/adarshkant/Desktop/linux-mac-os/linuxos-ai/packages/core/src/utils/user_id.ts:19:8)
    at getInstallationId (/Users/adarshkant/Desktop/linux-mac-os/linuxos-ai/packages/core/src/utils/user_id.ts:42:5)
    at ClearcutLogger.createLogEvent (/Users/adarshkant/Desktop/linux-mac-os/linuxos-ai/packages/core/src/telemetry/clearcut-logger/clearcut-logger.ts:74:43)
    at ClearcutLogger.logStartSessionEvent (/Users/adarshkant/Desktop/linux-mac-os/linuxos-ai/packages/core/src/telemetry/clearcut-logger/clearcut-logger.ts:245:31)
    at new Config (/Users/adarshkant/Desktop/linux-mac-os/linuxos-ai/packages/core/src/config/config.ts:224:41)
    at Module.loadCliConfig [90m(/Users/adarshkant/Desktop/linux-mac-os/linuxos-ai/packages/cli/[39msrc/config/config.ts:201:10[90m)[39m
[90m    at processTicksAndRejections (node:internal/process/task_queues:105:5)[39m
    at [90m/Users/adarshkant/Desktop/linux-mac-os/linuxos-ai/packages/cli/[39msrc/config/config.test.ts:180:20
    at file:///Users/adarshkant/Desktop/linux-mac-os/linuxos-ai/node_modules/[4m@vitest[24m/runner/dist/chunk-hooks.js:752:20 {
  errno: [33m-2[39m,
  code: [32m&apos;ENOENT&apos;[39m,
  syscall: [32m&apos;mkdir&apos;[39m,
  path: [32m&apos;/mock/home/user/.gemini&apos;[39m
}

            </system-err>
        </testcase>
        <testcase classname="src/config/config.test.js" name="loadCliConfig telemetry &gt; should use default endpoint if no OTLP endpoint is provided via CLI or settings" time="0.005774042">
            <system-err>
Error accessing installation ID file, generating ephemeral ID: Error: ENOENT: no such file or directory, mkdir &apos;/mock/home/user/.gemini&apos;
[90m    at Proxy.mkdirSync (node:fs:1363:26)[39m
    at ensureGeminiDirExists (/Users/adarshkant/Desktop/linux-mac-os/linuxos-ai/packages/core/src/utils/user_id.ts:19:8)
    at getInstallationId (/Users/adarshkant/Desktop/linux-mac-os/linuxos-ai/packages/core/src/utils/user_id.ts:42:5)
    at ClearcutLogger.createLogEvent (/Users/adarshkant/Desktop/linux-mac-os/linuxos-ai/packages/core/src/telemetry/clearcut-logger/clearcut-logger.ts:74:43)
    at ClearcutLogger.logStartSessionEvent (/Users/adarshkant/Desktop/linux-mac-os/linuxos-ai/packages/core/src/telemetry/clearcut-logger/clearcut-logger.ts:245:31)
    at new Config (/Users/adarshkant/Desktop/linux-mac-os/linuxos-ai/packages/core/src/config/config.ts:224:41)
    at Module.loadCliConfig [90m(/Users/adarshkant/Desktop/linux-mac-os/linuxos-ai/packages/cli/[39msrc/config/config.ts:201:10[90m)[39m
[90m    at processTicksAndRejections (node:internal/process/task_queues:105:5)[39m
    at [90m/Users/adarshkant/Desktop/linux-mac-os/linuxos-ai/packages/cli/[39msrc/config/config.test.ts:187:20
    at file:///Users/adarshkant/Desktop/linux-mac-os/linuxos-ai/node_modules/[4m@vitest[24m/runner/dist/chunk-hooks.js:752:20 {
  errno: [33m-2[39m,
  code: [32m&apos;ENOENT&apos;[39m,
  syscall: [32m&apos;mkdir&apos;[39m,
  path: [32m&apos;/mock/home/user/.gemini&apos;[39m
}

            </system-err>
        </testcase>
        <testcase classname="src/config/config.test.js" name="loadCliConfig telemetry &gt; should use telemetry target from settings if CLI flag is not present" time="0.004267958">
            <system-err>
Error accessing installation ID file, generating ephemeral ID: Error: ENOENT: no such file or directory, mkdir &apos;/mock/home/user/.gemini&apos;
[90m    at Proxy.mkdirSync (node:fs:1363:26)[39m
    at ensureGeminiDirExists (/Users/adarshkant/Desktop/linux-mac-os/linuxos-ai/packages/core/src/utils/user_id.ts:19:8)
    at getInstallationId (/Users/adarshkant/Desktop/linux-mac-os/linuxos-ai/packages/core/src/utils/user_id.ts:42:5)
    at ClearcutLogger.createLogEvent (/Users/adarshkant/Desktop/linux-mac-os/linuxos-ai/packages/core/src/telemetry/clearcut-logger/clearcut-logger.ts:74:43)
    at ClearcutLogger.logStartSessionEvent (/Users/adarshkant/Desktop/linux-mac-os/linuxos-ai/packages/core/src/telemetry/clearcut-logger/clearcut-logger.ts:245:31)
    at new Config (/Users/adarshkant/Desktop/linux-mac-os/linuxos-ai/packages/core/src/config/config.ts:224:41)
    at Module.loadCliConfig [90m(/Users/adarshkant/Desktop/linux-mac-os/linuxos-ai/packages/cli/[39msrc/config/config.ts:201:10[90m)[39m
[90m    at processTicksAndRejections (node:internal/process/task_queues:105:5)[39m
    at [90m/Users/adarshkant/Desktop/linux-mac-os/linuxos-ai/packages/cli/[39msrc/config/config.test.ts:196:20
    at file:///Users/adarshkant/Desktop/linux-mac-os/linuxos-ai/node_modules/[4m@vitest[24m/runner/dist/chunk-hooks.js:752:20 {
  errno: [33m-2[39m,
  code: [32m&apos;ENOENT&apos;[39m,
  syscall: [32m&apos;mkdir&apos;[39m,
  path: [32m&apos;/mock/home/user/.gemini&apos;[39m
}

            </system-err>
        </testcase>
        <testcase classname="src/config/config.test.js" name="loadCliConfig telemetry &gt; should prioritize --telemetry-target CLI flag over settings" time="0.002502209">
            <system-err>
Error accessing installation ID file, generating ephemeral ID: Error: ENOENT: no such file or directory, mkdir &apos;/mock/home/user/.gemini&apos;
[90m    at Proxy.mkdirSync (node:fs:1363:26)[39m
    at ensureGeminiDirExists (/Users/adarshkant/Desktop/linux-mac-os/linuxos-ai/packages/core/src/utils/user_id.ts:19:8)
    at getInstallationId (/Users/adarshkant/Desktop/linux-mac-os/linuxos-ai/packages/core/src/utils/user_id.ts:42:5)
    at ClearcutLogger.createLogEvent (/Users/adarshkant/Desktop/linux-mac-os/linuxos-ai/packages/core/src/telemetry/clearcut-logger/clearcut-logger.ts:74:43)
    at ClearcutLogger.logStartSessionEvent (/Users/adarshkant/Desktop/linux-mac-os/linuxos-ai/packages/core/src/telemetry/clearcut-logger/clearcut-logger.ts:245:31)
    at new Config (/Users/adarshkant/Desktop/linux-mac-os/linuxos-ai/packages/core/src/config/config.ts:224:41)
    at Module.loadCliConfig [90m(/Users/adarshkant/Desktop/linux-mac-os/linuxos-ai/packages/cli/[39msrc/config/config.ts:201:10[90m)[39m
[90m    at processTicksAndRejections (node:internal/process/task_queues:105:5)[39m
    at [90m/Users/adarshkant/Desktop/linux-mac-os/linuxos-ai/packages/cli/[39msrc/config/config.test.ts:207:20
    at file:///Users/adarshkant/Desktop/linux-mac-os/linuxos-ai/node_modules/[4m@vitest[24m/runner/dist/chunk-hooks.js:752:20 {
  errno: [33m-2[39m,
  code: [32m&apos;ENOENT&apos;[39m,
  syscall: [32m&apos;mkdir&apos;[39m,
  path: [32m&apos;/mock/home/user/.gemini&apos;[39m
}

            </system-err>
        </testcase>
        <testcase classname="src/config/config.test.js" name="loadCliConfig telemetry &gt; should use default target if no target is provided via CLI or settings" time="0.001836125">
            <system-err>
Error accessing installation ID file, generating ephemeral ID: Error: ENOENT: no such file or directory, mkdir &apos;/mock/home/user/.gemini&apos;
[90m    at Proxy.mkdirSync (node:fs:1363:26)[39m
    at ensureGeminiDirExists (/Users/adarshkant/Desktop/linux-mac-os/linuxos-ai/packages/core/src/utils/user_id.ts:19:8)
    at getInstallationId (/Users/adarshkant/Desktop/linux-mac-os/linuxos-ai/packages/core/src/utils/user_id.ts:42:5)
    at ClearcutLogger.createLogEvent (/Users/adarshkant/Desktop/linux-mac-os/linuxos-ai/packages/core/src/telemetry/clearcut-logger/clearcut-logger.ts:74:43)
    at ClearcutLogger.logStartSessionEvent (/Users/adarshkant/Desktop/linux-mac-os/linuxos-ai/packages/core/src/telemetry/clearcut-logger/clearcut-logger.ts:245:31)
    at new Config (/Users/adarshkant/Desktop/linux-mac-os/linuxos-ai/packages/core/src/config/config.ts:224:41)
    at Module.loadCliConfig [90m(/Users/adarshkant/Desktop/linux-mac-os/linuxos-ai/packages/cli/[39msrc/config/config.ts:201:10[90m)[39m
[90m    at processTicksAndRejections (node:internal/process/task_queues:105:5)[39m
    at [90m/Users/adarshkant/Desktop/linux-mac-os/linuxos-ai/packages/cli/[39msrc/config/config.test.ts:214:20
    at file:///Users/adarshkant/Desktop/linux-mac-os/linuxos-ai/node_modules/[4m@vitest[24m/runner/dist/chunk-hooks.js:752:20 {
  errno: [33m-2[39m,
  code: [32m&apos;ENOENT&apos;[39m,
  syscall: [32m&apos;mkdir&apos;[39m,
  path: [32m&apos;/mock/home/user/.gemini&apos;[39m
}

            </system-err>
        </testcase>
        <testcase classname="src/config/config.test.js" name="loadCliConfig telemetry &gt; should use telemetry log prompts from settings if CLI flag is not present" time="0.0018035">
            <system-err>
Error accessing installation ID file, generating ephemeral ID: Error: ENOENT: no such file or directory, mkdir &apos;/mock/home/user/.gemini&apos;
[90m    at Proxy.mkdirSync (node:fs:1363:26)[39m
    at ensureGeminiDirExists (/Users/adarshkant/Desktop/linux-mac-os/linuxos-ai/packages/core/src/utils/user_id.ts:19:8)
    at getInstallationId (/Users/adarshkant/Desktop/linux-mac-os/linuxos-ai/packages/core/src/utils/user_id.ts:42:5)
    at ClearcutLogger.createLogEvent (/Users/adarshkant/Desktop/linux-mac-os/linuxos-ai/packages/core/src/telemetry/clearcut-logger/clearcut-logger.ts:74:43)
    at ClearcutLogger.logStartSessionEvent (/Users/adarshkant/Desktop/linux-mac-os/linuxos-ai/packages/core/src/telemetry/clearcut-logger/clearcut-logger.ts:245:31)
    at new Config (/Users/adarshkant/Desktop/linux-mac-os/linuxos-ai/packages/core/src/config/config.ts:224:41)
    at Module.loadCliConfig [90m(/Users/adarshkant/Desktop/linux-mac-os/linuxos-ai/packages/cli/[39msrc/config/config.ts:201:10[90m)[39m
[90m    at processTicksAndRejections (node:internal/process/task_queues:105:5)[39m
    at [90m/Users/adarshkant/Desktop/linux-mac-os/linuxos-ai/packages/cli/[39msrc/config/config.test.ts:223:20
    at file:///Users/adarshkant/Desktop/linux-mac-os/linuxos-ai/node_modules/[4m@vitest[24m/runner/dist/chunk-hooks.js:752:20 {
  errno: [33m-2[39m,
  code: [32m&apos;ENOENT&apos;[39m,
  syscall: [32m&apos;mkdir&apos;[39m,
  path: [32m&apos;/mock/home/user/.gemini&apos;[39m
}

            </system-err>
        </testcase>
        <testcase classname="src/config/config.test.js" name="loadCliConfig telemetry &gt; should prioritize --telemetry-log-prompts CLI flag (true) over settings (false)" time="0.001475417">
            <system-err>
Error accessing installation ID file, generating ephemeral ID: Error: ENOENT: no such file or directory, mkdir &apos;/mock/home/user/.gemini&apos;
[90m    at Proxy.mkdirSync (node:fs:1363:26)[39m
    at ensureGeminiDirExists (/Users/adarshkant/Desktop/linux-mac-os/linuxos-ai/packages/core/src/utils/user_id.ts:19:8)
    at getInstallationId (/Users/adarshkant/Desktop/linux-mac-os/linuxos-ai/packages/core/src/utils/user_id.ts:42:5)
    at ClearcutLogger.createLogEvent (/Users/adarshkant/Desktop/linux-mac-os/linuxos-ai/packages/core/src/telemetry/clearcut-logger/clearcut-logger.ts:74:43)
    at ClearcutLogger.logStartSessionEvent (/Users/adarshkant/Desktop/linux-mac-os/linuxos-ai/packages/core/src/telemetry/clearcut-logger/clearcut-logger.ts:245:31)
    at new Config (/Users/adarshkant/Desktop/linux-mac-os/linuxos-ai/packages/core/src/config/config.ts:224:41)
    at Module.loadCliConfig [90m(/Users/adarshkant/Desktop/linux-mac-os/linuxos-ai/packages/cli/[39msrc/config/config.ts:201:10[90m)[39m
[90m    at processTicksAndRejections (node:internal/process/task_queues:105:5)[39m
    at [90m/Users/adarshkant/Desktop/linux-mac-os/linuxos-ai/packages/cli/[39msrc/config/config.test.ts:230:20
    at file:///Users/adarshkant/Desktop/linux-mac-os/linuxos-ai/node_modules/[4m@vitest[24m/runner/dist/chunk-hooks.js:752:20 {
  errno: [33m-2[39m,
  code: [32m&apos;ENOENT&apos;[39m,
  syscall: [32m&apos;mkdir&apos;[39m,
  path: [32m&apos;/mock/home/user/.gemini&apos;[39m
}

            </system-err>
        </testcase>
        <testcase classname="src/config/config.test.js" name="loadCliConfig telemetry &gt; should prioritize --no-telemetry-log-prompts CLI flag (false) over settings (true)" time="0.004377958">
            <system-err>
Error accessing installation ID file, generating ephemeral ID: Error: ENOENT: no such file or directory, mkdir &apos;/mock/home/user/.gemini&apos;
[90m    at Proxy.mkdirSync (node:fs:1363:26)[39m
    at ensureGeminiDirExists (/Users/adarshkant/Desktop/linux-mac-os/linuxos-ai/packages/core/src/utils/user_id.ts:19:8)
    at getInstallationId (/Users/adarshkant/Desktop/linux-mac-os/linuxos-ai/packages/core/src/utils/user_id.ts:42:5)
    at ClearcutLogger.createLogEvent (/Users/adarshkant/Desktop/linux-mac-os/linuxos-ai/packages/core/src/telemetry/clearcut-logger/clearcut-logger.ts:74:43)
    at ClearcutLogger.logStartSessionEvent (/Users/adarshkant/Desktop/linux-mac-os/linuxos-ai/packages/core/src/telemetry/clearcut-logger/clearcut-logger.ts:245:31)
    at new Config (/Users/adarshkant/Desktop/linux-mac-os/linuxos-ai/packages/core/src/config/config.ts:224:41)
    at Module.loadCliConfig [90m(/Users/adarshkant/Desktop/linux-mac-os/linuxos-ai/packages/cli/[39msrc/config/config.ts:201:10[90m)[39m
[90m    at processTicksAndRejections (node:internal/process/task_queues:105:5)[39m
    at [90m/Users/adarshkant/Desktop/linux-mac-os/linuxos-ai/packages/cli/[39msrc/config/config.test.ts:237:20
    at file:///Users/adarshkant/Desktop/linux-mac-os/linuxos-ai/node_modules/[4m@vitest[24m/runner/dist/chunk-hooks.js:752:20 {
  errno: [33m-2[39m,
  code: [32m&apos;ENOENT&apos;[39m,
  syscall: [32m&apos;mkdir&apos;[39m,
  path: [32m&apos;/mock/home/user/.gemini&apos;[39m
}

            </system-err>
        </testcase>
        <testcase classname="src/config/config.test.js" name="loadCliConfig telemetry &gt; should use default log prompts (true) if no value is provided via CLI or settings" time="0.002936834">
            <system-err>
Error accessing installation ID file, generating ephemeral ID: Error: ENOENT: no such file or directory, mkdir &apos;/mock/home/user/.gemini&apos;
[90m    at Proxy.mkdirSync (node:fs:1363:26)[39m
    at ensureGeminiDirExists (/Users/adarshkant/Desktop/linux-mac-os/linuxos-ai/packages/core/src/utils/user_id.ts:19:8)
    at getInstallationId (/Users/adarshkant/Desktop/linux-mac-os/linuxos-ai/packages/core/src/utils/user_id.ts:42:5)
    at ClearcutLogger.createLogEvent (/Users/adarshkant/Desktop/linux-mac-os/linuxos-ai/packages/core/src/telemetry/clearcut-logger/clearcut-logger.ts:74:43)
    at ClearcutLogger.logStartSessionEvent (/Users/adarshkant/Desktop/linux-mac-os/linuxos-ai/packages/core/src/telemetry/clearcut-logger/clearcut-logger.ts:245:31)
    at new Config (/Users/adarshkant/Desktop/linux-mac-os/linuxos-ai/packages/core/src/config/config.ts:224:41)
    at Module.loadCliConfig [90m(/Users/adarshkant/Desktop/linux-mac-os/linuxos-ai/packages/cli/[39msrc/config/config.ts:201:10[90m)[39m
[90m    at processTicksAndRejections (node:internal/process/task_queues:105:5)[39m
    at [90m/Users/adarshkant/Desktop/linux-mac-os/linuxos-ai/packages/cli/[39msrc/config/config.test.ts:244:20
    at file:///Users/adarshkant/Desktop/linux-mac-os/linuxos-ai/node_modules/[4m@vitest[24m/runner/dist/chunk-hooks.js:752:20 {
  errno: [33m-2[39m,
  code: [32m&apos;ENOENT&apos;[39m,
  syscall: [32m&apos;mkdir&apos;[39m,
  path: [32m&apos;/mock/home/user/.gemini&apos;[39m
}

            </system-err>
        </testcase>
        <testcase classname="src/config/config.test.js" name="Hierarchical Memory Loading (config.ts) - Placeholder Suite &gt; should pass extension context file paths to loadServerHierarchicalMemory" time="0.029508083">
            <system-err>
Error accessing installation ID file, generating ephemeral ID: Error: ENOENT: no such file or directory, mkdir &apos;/mock/home/user/.gemini&apos;
[90m    at Proxy.mkdirSync (node:fs:1363:26)[39m
    at ensureGeminiDirExists (/Users/adarshkant/Desktop/linux-mac-os/linuxos-ai/packages/core/src/utils/user_id.ts:19:8)
    at getInstallationId (/Users/adarshkant/Desktop/linux-mac-os/linuxos-ai/packages/core/src/utils/user_id.ts:42:5)
    at ClearcutLogger.createLogEvent (/Users/adarshkant/Desktop/linux-mac-os/linuxos-ai/packages/core/src/telemetry/clearcut-logger/clearcut-logger.ts:74:43)
    at ClearcutLogger.logStartSessionEvent (/Users/adarshkant/Desktop/linux-mac-os/linuxos-ai/packages/core/src/telemetry/clearcut-logger/clearcut-logger.ts:245:31)
    at new Config (/Users/adarshkant/Desktop/linux-mac-os/linuxos-ai/packages/core/src/config/config.ts:224:41)
    at Module.loadCliConfig [90m(/Users/adarshkant/Desktop/linux-mac-os/linuxos-ai/packages/cli/[39msrc/config/config.ts:201:10[90m)[39m
[90m    at processTicksAndRejections (node:internal/process/task_queues:105:5)[39m
    at [90m/Users/adarshkant/Desktop/linux-mac-os/linuxos-ai/packages/cli/[39msrc/config/config.test.ts:289:5
    at file:///Users/adarshkant/Desktop/linux-mac-os/linuxos-ai/node_modules/[4m@vitest[24m/runner/dist/chunk-hooks.js:752:20 {
  errno: [33m-2[39m,
  code: [32m&apos;ENOENT&apos;[39m,
  syscall: [32m&apos;mkdir&apos;[39m,
  path: [32m&apos;/mock/home/user/.gemini&apos;[39m
}

            </system-err>
        </testcase>
        <testcase classname="src/config/config.test.js" name="mergeMcpServers &gt; should not modify the original settings object" time="0.012378917">
            <system-err>
Error accessing installation ID file, generating ephemeral ID: Error: ENOENT: no such file or directory, mkdir &apos;/mock/home/user/.gemini&apos;
[90m    at Proxy.mkdirSync (node:fs:1363:26)[39m
    at ensureGeminiDirExists (/Users/adarshkant/Desktop/linux-mac-os/linuxos-ai/packages/core/src/utils/user_id.ts:19:8)
    at getInstallationId (/Users/adarshkant/Desktop/linux-mac-os/linuxos-ai/packages/core/src/utils/user_id.ts:42:5)
    at ClearcutLogger.createLogEvent (/Users/adarshkant/Desktop/linux-mac-os/linuxos-ai/packages/core/src/telemetry/clearcut-logger/clearcut-logger.ts:74:43)
    at ClearcutLogger.logStartSessionEvent (/Users/adarshkant/Desktop/linux-mac-os/linuxos-ai/packages/core/src/telemetry/clearcut-logger/clearcut-logger.ts:245:31)
    at new Config (/Users/adarshkant/Desktop/linux-mac-os/linuxos-ai/packages/core/src/config/config.ts:224:41)
    at Module.loadCliConfig [90m(/Users/adarshkant/Desktop/linux-mac-os/linuxos-ai/packages/cli/[39msrc/config/config.ts:201:10[90m)[39m
[90m    at processTicksAndRejections (node:internal/process/task_queues:105:5)[39m
    at [90m/Users/adarshkant/Desktop/linux-mac-os/linuxos-ai/packages/cli/[39msrc/config/config.test.ts:349:5
    at file:///Users/adarshkant/Desktop/linux-mac-os/linuxos-ai/node_modules/[4m@vitest[24m/runner/dist/chunk-hooks.js:752:20 {
  errno: [33m-2[39m,
  code: [32m&apos;ENOENT&apos;[39m,
  syscall: [32m&apos;mkdir&apos;[39m,
  path: [32m&apos;/mock/home/user/.gemini&apos;[39m
}

            </system-err>
        </testcase>
        <testcase classname="src/config/config.test.js" name="mergeExcludeTools &gt; should merge excludeTools from settings and extensions" time="0.006609625">
            <system-err>
Error accessing installation ID file, generating ephemeral ID: Error: ENOENT: no such file or directory, mkdir &apos;/mock/home/user/.gemini&apos;
[90m    at Proxy.mkdirSync (node:fs:1363:26)[39m
    at ensureGeminiDirExists (/Users/adarshkant/Desktop/linux-mac-os/linuxos-ai/packages/core/src/utils/user_id.ts:19:8)
    at getInstallationId (/Users/adarshkant/Desktop/linux-mac-os/linuxos-ai/packages/core/src/utils/user_id.ts:42:5)
    at ClearcutLogger.createLogEvent (/Users/adarshkant/Desktop/linux-mac-os/linuxos-ai/packages/core/src/telemetry/clearcut-logger/clearcut-logger.ts:74:43)
    at ClearcutLogger.logStartSessionEvent (/Users/adarshkant/Desktop/linux-mac-os/linuxos-ai/packages/core/src/telemetry/clearcut-logger/clearcut-logger.ts:245:31)
    at new Config (/Users/adarshkant/Desktop/linux-mac-os/linuxos-ai/packages/core/src/config/config.ts:224:41)
    at Module.loadCliConfig [90m(/Users/adarshkant/Desktop/linux-mac-os/linuxos-ai/packages/cli/[39msrc/config/config.ts:201:10[90m)[39m
[90m    at processTicksAndRejections (node:internal/process/task_queues:105:5)[39m
    at [90m/Users/adarshkant/Desktop/linux-mac-os/linuxos-ai/packages/cli/[39msrc/config/config.test.ts:375:20
    at file:///Users/adarshkant/Desktop/linux-mac-os/linuxos-ai/node_modules/[4m@vitest[24m/runner/dist/chunk-hooks.js:752:20 {
  errno: [33m-2[39m,
  code: [32m&apos;ENOENT&apos;[39m,
  syscall: [32m&apos;mkdir&apos;[39m,
  path: [32m&apos;/mock/home/user/.gemini&apos;[39m
}

            </system-err>
        </testcase>
        <testcase classname="src/config/config.test.js" name="mergeExcludeTools &gt; should handle overlapping excludeTools between settings and extensions" time="0.002076083">
            <system-err>
Error accessing installation ID file, generating ephemeral ID: Error: ENOENT: no such file or directory, mkdir &apos;/mock/home/user/.gemini&apos;
[90m    at Proxy.mkdirSync (node:fs:1363:26)[39m
    at ensureGeminiDirExists (/Users/adarshkant/Desktop/linux-mac-os/linuxos-ai/packages/core/src/utils/user_id.ts:19:8)
    at getInstallationId (/Users/adarshkant/Desktop/linux-mac-os/linuxos-ai/packages/core/src/utils/user_id.ts:42:5)
    at ClearcutLogger.createLogEvent (/Users/adarshkant/Desktop/linux-mac-os/linuxos-ai/packages/core/src/telemetry/clearcut-logger/clearcut-logger.ts:74:43)
    at ClearcutLogger.logStartSessionEvent (/Users/adarshkant/Desktop/linux-mac-os/linuxos-ai/packages/core/src/telemetry/clearcut-logger/clearcut-logger.ts:245:31)
    at new Config (/Users/adarshkant/Desktop/linux-mac-os/linuxos-ai/packages/core/src/config/config.ts:224:41)
    at Module.loadCliConfig [90m(/Users/adarshkant/Desktop/linux-mac-os/linuxos-ai/packages/cli/[39msrc/config/config.ts:201:10[90m)[39m
[90m    at processTicksAndRejections (node:internal/process/task_queues:105:5)[39m
    at [90m/Users/adarshkant/Desktop/linux-mac-os/linuxos-ai/packages/cli/[39msrc/config/config.test.ts:394:20
    at file:///Users/adarshkant/Desktop/linux-mac-os/linuxos-ai/node_modules/[4m@vitest[24m/runner/dist/chunk-hooks.js:752:20 {
  errno: [33m-2[39m,
  code: [32m&apos;ENOENT&apos;[39m,
  syscall: [32m&apos;mkdir&apos;[39m,
  path: [32m&apos;/mock/home/user/.gemini&apos;[39m
}

            </system-err>
        </testcase>
        <testcase classname="src/config/config.test.js" name="mergeExcludeTools &gt; should handle overlapping excludeTools between extensions" time="0.002356625">
            <system-err>
Error accessing installation ID file, generating ephemeral ID: Error: ENOENT: no such file or directory, mkdir &apos;/mock/home/user/.gemini&apos;
[90m    at Proxy.mkdirSync (node:fs:1363:26)[39m
    at ensureGeminiDirExists (/Users/adarshkant/Desktop/linux-mac-os/linuxos-ai/packages/core/src/utils/user_id.ts:19:8)
    at getInstallationId (/Users/adarshkant/Desktop/linux-mac-os/linuxos-ai/packages/core/src/utils/user_id.ts:42:5)
    at ClearcutLogger.createLogEvent (/Users/adarshkant/Desktop/linux-mac-os/linuxos-ai/packages/core/src/telemetry/clearcut-logger/clearcut-logger.ts:74:43)
    at ClearcutLogger.logStartSessionEvent (/Users/adarshkant/Desktop/linux-mac-os/linuxos-ai/packages/core/src/telemetry/clearcut-logger/clearcut-logger.ts:245:31)
    at new Config (/Users/adarshkant/Desktop/linux-mac-os/linuxos-ai/packages/core/src/config/config.ts:224:41)
    at Module.loadCliConfig [90m(/Users/adarshkant/Desktop/linux-mac-os/linuxos-ai/packages/cli/[39msrc/config/config.ts:201:10[90m)[39m
[90m    at processTicksAndRejections (node:internal/process/task_queues:105:5)[39m
    at [90m/Users/adarshkant/Desktop/linux-mac-os/linuxos-ai/packages/cli/[39msrc/config/config.test.ts:421:20
    at file:///Users/adarshkant/Desktop/linux-mac-os/linuxos-ai/node_modules/[4m@vitest[24m/runner/dist/chunk-hooks.js:752:20 {
  errno: [33m-2[39m,
  code: [32m&apos;ENOENT&apos;[39m,
  syscall: [32m&apos;mkdir&apos;[39m,
  path: [32m&apos;/mock/home/user/.gemini&apos;[39m
}

            </system-err>
        </testcase>
        <testcase classname="src/config/config.test.js" name="mergeExcludeTools &gt; should return an empty array when no excludeTools are specified" time="0.001755625">
            <system-err>
Error accessing installation ID file, generating ephemeral ID: Error: ENOENT: no such file or directory, mkdir &apos;/mock/home/user/.gemini&apos;
[90m    at Proxy.mkdirSync (node:fs:1363:26)[39m
    at ensureGeminiDirExists (/Users/adarshkant/Desktop/linux-mac-os/linuxos-ai/packages/core/src/utils/user_id.ts:19:8)
    at getInstallationId (/Users/adarshkant/Desktop/linux-mac-os/linuxos-ai/packages/core/src/utils/user_id.ts:42:5)
    at ClearcutLogger.createLogEvent (/Users/adarshkant/Desktop/linux-mac-os/linuxos-ai/packages/core/src/telemetry/clearcut-logger/clearcut-logger.ts:74:43)
    at ClearcutLogger.logStartSessionEvent (/Users/adarshkant/Desktop/linux-mac-os/linuxos-ai/packages/core/src/telemetry/clearcut-logger/clearcut-logger.ts:245:31)
    at new Config (/Users/adarshkant/Desktop/linux-mac-os/linuxos-ai/packages/core/src/config/config.ts:224:41)
    at Module.loadCliConfig [90m(/Users/adarshkant/Desktop/linux-mac-os/linuxos-ai/packages/cli/[39msrc/config/config.ts:201:10[90m)[39m
[90m    at processTicksAndRejections (node:internal/process/task_queues:105:5)[39m
    at [90m/Users/adarshkant/Desktop/linux-mac-os/linuxos-ai/packages/cli/[39msrc/config/config.test.ts:431:20
    at file:///Users/adarshkant/Desktop/linux-mac-os/linuxos-ai/node_modules/[4m@vitest[24m/runner/dist/chunk-hooks.js:752:20 {
  errno: [33m-2[39m,
  code: [32m&apos;ENOENT&apos;[39m,
  syscall: [32m&apos;mkdir&apos;[39m,
  path: [32m&apos;/mock/home/user/.gemini&apos;[39m
}

            </system-err>
        </testcase>
        <testcase classname="src/config/config.test.js" name="mergeExcludeTools &gt; should handle settings with excludeTools but no extensions" time="0.001504375">
            <system-err>
Error accessing installation ID file, generating ephemeral ID: Error: ENOENT: no such file or directory, mkdir &apos;/mock/home/user/.gemini&apos;
[90m    at Proxy.mkdirSync (node:fs:1363:26)[39m
    at ensureGeminiDirExists (/Users/adarshkant/Desktop/linux-mac-os/linuxos-ai/packages/core/src/utils/user_id.ts:19:8)
    at getInstallationId (/Users/adarshkant/Desktop/linux-mac-os/linuxos-ai/packages/core/src/utils/user_id.ts:42:5)
    at ClearcutLogger.createLogEvent (/Users/adarshkant/Desktop/linux-mac-os/linuxos-ai/packages/core/src/telemetry/clearcut-logger/clearcut-logger.ts:74:43)
    at ClearcutLogger.logStartSessionEvent (/Users/adarshkant/Desktop/linux-mac-os/linuxos-ai/packages/core/src/telemetry/clearcut-logger/clearcut-logger.ts:245:31)
    at new Config (/Users/adarshkant/Desktop/linux-mac-os/linuxos-ai/packages/core/src/config/config.ts:224:41)
    at Module.loadCliConfig [90m(/Users/adarshkant/Desktop/linux-mac-os/linuxos-ai/packages/cli/[39msrc/config/config.ts:201:10[90m)[39m
[90m    at processTicksAndRejections (node:internal/process/task_queues:105:5)[39m
    at [90m/Users/adarshkant/Desktop/linux-mac-os/linuxos-ai/packages/cli/[39msrc/config/config.test.ts:438:20
    at file:///Users/adarshkant/Desktop/linux-mac-os/linuxos-ai/node_modules/[4m@vitest[24m/runner/dist/chunk-hooks.js:752:20 {
  errno: [33m-2[39m,
  code: [32m&apos;ENOENT&apos;[39m,
  syscall: [32m&apos;mkdir&apos;[39m,
  path: [32m&apos;/mock/home/user/.gemini&apos;[39m
}

            </system-err>
        </testcase>
        <testcase classname="src/config/config.test.js" name="mergeExcludeTools &gt; should handle extensions with excludeTools but no settings" time="0.001336875">
            <system-err>
Error accessing installation ID file, generating ephemeral ID: Error: ENOENT: no such file or directory, mkdir &apos;/mock/home/user/.gemini&apos;
[90m    at Proxy.mkdirSync (node:fs:1363:26)[39m
    at ensureGeminiDirExists (/Users/adarshkant/Desktop/linux-mac-os/linuxos-ai/packages/core/src/utils/user_id.ts:19:8)
    at getInstallationId (/Users/adarshkant/Desktop/linux-mac-os/linuxos-ai/packages/core/src/utils/user_id.ts:42:5)
    at ClearcutLogger.createLogEvent (/Users/adarshkant/Desktop/linux-mac-os/linuxos-ai/packages/core/src/telemetry/clearcut-logger/clearcut-logger.ts:74:43)
    at ClearcutLogger.logStartSessionEvent (/Users/adarshkant/Desktop/linux-mac-os/linuxos-ai/packages/core/src/telemetry/clearcut-logger/clearcut-logger.ts:245:31)
    at new Config (/Users/adarshkant/Desktop/linux-mac-os/linuxos-ai/packages/core/src/config/config.ts:224:41)
    at Module.loadCliConfig [90m(/Users/adarshkant/Desktop/linux-mac-os/linuxos-ai/packages/cli/[39msrc/config/config.ts:201:10[90m)[39m
[90m    at processTicksAndRejections (node:internal/process/task_queues:105:5)[39m
    at [90m/Users/adarshkant/Desktop/linux-mac-os/linuxos-ai/packages/cli/[39msrc/config/config.test.ts:457:20
    at file:///Users/adarshkant/Desktop/linux-mac-os/linuxos-ai/node_modules/[4m@vitest[24m/runner/dist/chunk-hooks.js:752:20 {
  errno: [33m-2[39m,
  code: [32m&apos;ENOENT&apos;[39m,
  syscall: [32m&apos;mkdir&apos;[39m,
  path: [32m&apos;/mock/home/user/.gemini&apos;[39m
}

            </system-err>
        </testcase>
        <testcase classname="src/config/config.test.js" name="mergeExcludeTools &gt; should not modify the original settings object" time="0.001510834">
            <system-err>
Error accessing installation ID file, generating ephemeral ID: Error: ENOENT: no such file or directory, mkdir &apos;/mock/home/user/.gemini&apos;
[90m    at Proxy.mkdirSync (node:fs:1363:26)[39m
    at ensureGeminiDirExists (/Users/adarshkant/Desktop/linux-mac-os/linuxos-ai/packages/core/src/utils/user_id.ts:19:8)
    at getInstallationId (/Users/adarshkant/Desktop/linux-mac-os/linuxos-ai/packages/core/src/utils/user_id.ts:42:5)
    at ClearcutLogger.createLogEvent (/Users/adarshkant/Desktop/linux-mac-os/linuxos-ai/packages/core/src/telemetry/clearcut-logger/clearcut-logger.ts:74:43)
    at ClearcutLogger.logStartSessionEvent (/Users/adarshkant/Desktop/linux-mac-os/linuxos-ai/packages/core/src/telemetry/clearcut-logger/clearcut-logger.ts:245:31)
    at new Config (/Users/adarshkant/Desktop/linux-mac-os/linuxos-ai/packages/core/src/config/config.ts:224:41)
    at Module.loadCliConfig [90m(/Users/adarshkant/Desktop/linux-mac-os/linuxos-ai/packages/cli/[39msrc/config/config.ts:201:10[90m)[39m
[90m    at processTicksAndRejections (node:internal/process/task_queues:105:5)[39m
    at [90m/Users/adarshkant/Desktop/linux-mac-os/linuxos-ai/packages/cli/[39msrc/config/config.test.ts:477:5
    at file:///Users/adarshkant/Desktop/linux-mac-os/linuxos-ai/node_modules/[4m@vitest[24m/runner/dist/chunk-hooks.js:752:20 {
  errno: [33m-2[39m,
  code: [32m&apos;ENOENT&apos;[39m,
  syscall: [32m&apos;mkdir&apos;[39m,
  path: [32m&apos;/mock/home/user/.gemini&apos;[39m
}

            </system-err>
        </testcase>
    </testsuite>
    <testsuite name="src/config/config.test.ts" timestamp="2025-07-02T17:04:50.257Z" hostname="Adarshs-MacBook-Pro.local" tests="30" failures="0" errors="0" skipped="0" time="0.197216834">
        <testcase classname="src/config/config.test.ts" name="loadCliConfig &gt; should set showMemoryUsage to true when --memory flag is present" time="0.038435292">
            <system-err>
Error accessing installation ID file, generating ephemeral ID: Error: ENOENT: no such file or directory, mkdir &apos;/mock/home/user/.gemini&apos;
[90m    at Proxy.mkdirSync (node:fs:1363:26)[39m
    at ensureGeminiDirExists (/Users/adarshkant/Desktop/linux-mac-os/linuxos-ai/packages/core/src/utils/user_id.ts:19:8)
    at getInstallationId (/Users/adarshkant/Desktop/linux-mac-os/linuxos-ai/packages/core/src/utils/user_id.ts:42:5)
    at ClearcutLogger.createLogEvent (/Users/adarshkant/Desktop/linux-mac-os/linuxos-ai/packages/core/src/telemetry/clearcut-logger/clearcut-logger.ts:74:43)
    at ClearcutLogger.logStartSessionEvent (/Users/adarshkant/Desktop/linux-mac-os/linuxos-ai/packages/core/src/telemetry/clearcut-logger/clearcut-logger.ts:245:31)
    at new Config (/Users/adarshkant/Desktop/linux-mac-os/linuxos-ai/packages/core/src/config/config.ts:224:41)
    at Module.loadCliConfig [90m(/Users/adarshkant/Desktop/linux-mac-os/linuxos-ai/packages/cli/[39msrc/config/config.ts:201:10[90m)[39m
[90m    at processTicksAndRejections (node:internal/process/task_queues:105:5)[39m
    at [90m/Users/adarshkant/Desktop/linux-mac-os/linuxos-ai/packages/cli/[39msrc/config/config.test.ts:68:20
    at file:///Users/adarshkant/Desktop/linux-mac-os/linuxos-ai/node_modules/[4m@vitest[24m/runner/dist/chunk-hooks.js:752:20 {
  errno: [33m-2[39m,
  code: [32m&apos;ENOENT&apos;[39m,
  syscall: [32m&apos;mkdir&apos;[39m,
  path: [32m&apos;/mock/home/user/.gemini&apos;[39m
}

            </system-err>
        </testcase>
        <testcase classname="src/config/config.test.ts" name="loadCliConfig &gt; should set showMemoryUsage to false when --memory flag is not present" time="0.002668916">
            <system-err>
Error accessing installation ID file, generating ephemeral ID: Error: ENOENT: no such file or directory, mkdir &apos;/mock/home/user/.gemini&apos;
[90m    at Proxy.mkdirSync (node:fs:1363:26)[39m
    at ensureGeminiDirExists (/Users/adarshkant/Desktop/linux-mac-os/linuxos-ai/packages/core/src/utils/user_id.ts:19:8)
    at getInstallationId (/Users/adarshkant/Desktop/linux-mac-os/linuxos-ai/packages/core/src/utils/user_id.ts:42:5)
    at ClearcutLogger.createLogEvent (/Users/adarshkant/Desktop/linux-mac-os/linuxos-ai/packages/core/src/telemetry/clearcut-logger/clearcut-logger.ts:74:43)
    at ClearcutLogger.logStartSessionEvent (/Users/adarshkant/Desktop/linux-mac-os/linuxos-ai/packages/core/src/telemetry/clearcut-logger/clearcut-logger.ts:245:31)
    at new Config (/Users/adarshkant/Desktop/linux-mac-os/linuxos-ai/packages/core/src/config/config.ts:224:41)
    at Module.loadCliConfig [90m(/Users/adarshkant/Desktop/linux-mac-os/linuxos-ai/packages/cli/[39msrc/config/config.ts:201:10[90m)[39m
[90m    at processTicksAndRejections (node:internal/process/task_queues:105:5)[39m
    at [90m/Users/adarshkant/Desktop/linux-mac-os/linuxos-ai/packages/cli/[39msrc/config/config.test.ts:75:20
    at file:///Users/adarshkant/Desktop/linux-mac-os/linuxos-ai/node_modules/[4m@vitest[24m/runner/dist/chunk-hooks.js:752:20 {
  errno: [33m-2[39m,
  code: [32m&apos;ENOENT&apos;[39m,
  syscall: [32m&apos;mkdir&apos;[39m,
  path: [32m&apos;/mock/home/user/.gemini&apos;[39m
}

            </system-err>
        </testcase>
        <testcase classname="src/config/config.test.ts" name="loadCliConfig &gt; should set showMemoryUsage to false by default from settings if CLI flag is not present" time="0.002898">
            <system-err>
Error accessing installation ID file, generating ephemeral ID: Error: ENOENT: no such file or directory, mkdir &apos;/mock/home/user/.gemini&apos;
[90m    at Proxy.mkdirSync (node:fs:1363:26)[39m
    at ensureGeminiDirExists (/Users/adarshkant/Desktop/linux-mac-os/linuxos-ai/packages/core/src/utils/user_id.ts:19:8)
    at getInstallationId (/Users/adarshkant/Desktop/linux-mac-os/linuxos-ai/packages/core/src/utils/user_id.ts:42:5)
    at ClearcutLogger.createLogEvent (/Users/adarshkant/Desktop/linux-mac-os/linuxos-ai/packages/core/src/telemetry/clearcut-logger/clearcut-logger.ts:74:43)
    at ClearcutLogger.logStartSessionEvent (/Users/adarshkant/Desktop/linux-mac-os/linuxos-ai/packages/core/src/telemetry/clearcut-logger/clearcut-logger.ts:245:31)
    at new Config (/Users/adarshkant/Desktop/linux-mac-os/linuxos-ai/packages/core/src/config/config.ts:224:41)
    at Module.loadCliConfig [90m(/Users/adarshkant/Desktop/linux-mac-os/linuxos-ai/packages/cli/[39msrc/config/config.ts:201:10[90m)[39m
[90m    at processTicksAndRejections (node:internal/process/task_queues:105:5)[39m
    at [90m/Users/adarshkant/Desktop/linux-mac-os/linuxos-ai/packages/cli/[39msrc/config/config.test.ts:82:20
    at file:///Users/adarshkant/Desktop/linux-mac-os/linuxos-ai/node_modules/[4m@vitest[24m/runner/dist/chunk-hooks.js:752:20 {
  errno: [33m-2[39m,
  code: [32m&apos;ENOENT&apos;[39m,
  syscall: [32m&apos;mkdir&apos;[39m,
  path: [32m&apos;/mock/home/user/.gemini&apos;[39m
}

            </system-err>
        </testcase>
        <testcase classname="src/config/config.test.ts" name="loadCliConfig &gt; should prioritize CLI flag over settings for showMemoryUsage (CLI true, settings false)" time="0.005318333">
            <system-err>
Error accessing installation ID file, generating ephemeral ID: Error: ENOENT: no such file or directory, mkdir &apos;/mock/home/user/.gemini&apos;
[90m    at Proxy.mkdirSync (node:fs:1363:26)[39m
    at ensureGeminiDirExists (/Users/adarshkant/Desktop/linux-mac-os/linuxos-ai/packages/core/src/utils/user_id.ts:19:8)
    at getInstallationId (/Users/adarshkant/Desktop/linux-mac-os/linuxos-ai/packages/core/src/utils/user_id.ts:42:5)
    at ClearcutLogger.createLogEvent (/Users/adarshkant/Desktop/linux-mac-os/linuxos-ai/packages/core/src/telemetry/clearcut-logger/clearcut-logger.ts:74:43)
    at ClearcutLogger.logStartSessionEvent (/Users/adarshkant/Desktop/linux-mac-os/linuxos-ai/packages/core/src/telemetry/clearcut-logger/clearcut-logger.ts:245:31)
    at new Config (/Users/adarshkant/Desktop/linux-mac-os/linuxos-ai/packages/core/src/config/config.ts:224:41)
    at Module.loadCliConfig [90m(/Users/adarshkant/Desktop/linux-mac-os/linuxos-ai/packages/cli/[39msrc/config/config.ts:201:10[90m)[39m
[90m    at processTicksAndRejections (node:internal/process/task_queues:105:5)[39m
    at [90m/Users/adarshkant/Desktop/linux-mac-os/linuxos-ai/packages/cli/[39msrc/config/config.test.ts:89:20
    at file:///Users/adarshkant/Desktop/linux-mac-os/linuxos-ai/node_modules/[4m@vitest[24m/runner/dist/chunk-hooks.js:752:20 {
  errno: [33m-2[39m,
  code: [32m&apos;ENOENT&apos;[39m,
  syscall: [32m&apos;mkdir&apos;[39m,
  path: [32m&apos;/mock/home/user/.gemini&apos;[39m
}

            </system-err>
        </testcase>
        <testcase classname="src/config/config.test.ts" name="loadCliConfig telemetry &gt; should set telemetry to false by default when no flag or setting is present" time="0.004641125">
            <system-err>
Error accessing installation ID file, generating ephemeral ID: Error: ENOENT: no such file or directory, mkdir &apos;/mock/home/user/.gemini&apos;
[90m    at Proxy.mkdirSync (node:fs:1363:26)[39m
    at ensureGeminiDirExists (/Users/adarshkant/Desktop/linux-mac-os/linuxos-ai/packages/core/src/utils/user_id.ts:19:8)
    at getInstallationId (/Users/adarshkant/Desktop/linux-mac-os/linuxos-ai/packages/core/src/utils/user_id.ts:42:5)
    at ClearcutLogger.createLogEvent (/Users/adarshkant/Desktop/linux-mac-os/linuxos-ai/packages/core/src/telemetry/clearcut-logger/clearcut-logger.ts:74:43)
    at ClearcutLogger.logStartSessionEvent (/Users/adarshkant/Desktop/linux-mac-os/linuxos-ai/packages/core/src/telemetry/clearcut-logger/clearcut-logger.ts:245:31)
    at new Config (/Users/adarshkant/Desktop/linux-mac-os/linuxos-ai/packages/core/src/config/config.ts:224:41)
    at Module.loadCliConfig [90m(/Users/adarshkant/Desktop/linux-mac-os/linuxos-ai/packages/cli/[39msrc/config/config.ts:201:10[90m)[39m
[90m    at processTicksAndRejections (node:internal/process/task_queues:105:5)[39m
    at [90m/Users/adarshkant/Desktop/linux-mac-os/linuxos-ai/packages/cli/[39msrc/config/config.test.ts:113:20
    at file:///Users/adarshkant/Desktop/linux-mac-os/linuxos-ai/node_modules/[4m@vitest[24m/runner/dist/chunk-hooks.js:752:20 {
  errno: [33m-2[39m,
  code: [32m&apos;ENOENT&apos;[39m,
  syscall: [32m&apos;mkdir&apos;[39m,
  path: [32m&apos;/mock/home/user/.gemini&apos;[39m
}

            </system-err>
        </testcase>
        <testcase classname="src/config/config.test.ts" name="loadCliConfig telemetry &gt; should set telemetry to true when --telemetry flag is present" time="0.027958083">
            <system-out>
OpenTelemetry SDK started successfully.

            </system-out>
            <system-err>
Error accessing installation ID file, generating ephemeral ID: Error: ENOENT: no such file or directory, mkdir &apos;/mock/home/user/.gemini&apos;
[90m    at Proxy.mkdirSync (node:fs:1363:26)[39m
    at ensureGeminiDirExists (/Users/adarshkant/Desktop/linux-mac-os/linuxos-ai/packages/core/src/utils/user_id.ts:19:8)
    at getInstallationId (/Users/adarshkant/Desktop/linux-mac-os/linuxos-ai/packages/core/src/utils/user_id.ts:42:5)
    at ClearcutLogger.createLogEvent (/Users/adarshkant/Desktop/linux-mac-os/linuxos-ai/packages/core/src/telemetry/clearcut-logger/clearcut-logger.ts:74:43)
    at ClearcutLogger.logStartSessionEvent (/Users/adarshkant/Desktop/linux-mac-os/linuxos-ai/packages/core/src/telemetry/clearcut-logger/clearcut-logger.ts:245:31)
    at new Config (/Users/adarshkant/Desktop/linux-mac-os/linuxos-ai/packages/core/src/config/config.ts:224:41)
    at Module.loadCliConfig [90m(/Users/adarshkant/Desktop/linux-mac-os/linuxos-ai/packages/cli/[39msrc/config/config.ts:201:10[90m)[39m
[90m    at processTicksAndRejections (node:internal/process/task_queues:105:5)[39m
    at [90m/Users/adarshkant/Desktop/linux-mac-os/linuxos-ai/packages/cli/[39msrc/config/config.test.ts:120:20
    at file:///Users/adarshkant/Desktop/linux-mac-os/linuxos-ai/node_modules/[4m@vitest[24m/runner/dist/chunk-hooks.js:752:20 {
  errno: [33m-2[39m,
  code: [32m&apos;ENOENT&apos;[39m,
  syscall: [32m&apos;mkdir&apos;[39m,
  path: [32m&apos;/mock/home/user/.gemini&apos;[39m
}
Accessing resource attributes before async attributes settled

            </system-err>
        </testcase>
        <testcase classname="src/config/config.test.ts" name="loadCliConfig telemetry &gt; should set telemetry to false when --no-telemetry flag is present" time="0.003189791">
            <system-err>
Error accessing installation ID file, generating ephemeral ID: Error: ENOENT: no such file or directory, mkdir &apos;/mock/home/user/.gemini&apos;
[90m    at Proxy.mkdirSync (node:fs:1363:26)[39m
    at ensureGeminiDirExists (/Users/adarshkant/Desktop/linux-mac-os/linuxos-ai/packages/core/src/utils/user_id.ts:19:8)
    at getInstallationId (/Users/adarshkant/Desktop/linux-mac-os/linuxos-ai/packages/core/src/utils/user_id.ts:42:5)
    at ClearcutLogger.createLogEvent (/Users/adarshkant/Desktop/linux-mac-os/linuxos-ai/packages/core/src/telemetry/clearcut-logger/clearcut-logger.ts:74:43)
    at ClearcutLogger.logStartSessionEvent (/Users/adarshkant/Desktop/linux-mac-os/linuxos-ai/packages/core/src/telemetry/clearcut-logger/clearcut-logger.ts:245:31)
    at new Config (/Users/adarshkant/Desktop/linux-mac-os/linuxos-ai/packages/core/src/config/config.ts:224:41)
    at Module.loadCliConfig [90m(/Users/adarshkant/Desktop/linux-mac-os/linuxos-ai/packages/cli/[39msrc/config/config.ts:201:10[90m)[39m
[90m    at processTicksAndRejections (node:internal/process/task_queues:105:5)[39m
    at [90m/Users/adarshkant/Desktop/linux-mac-os/linuxos-ai/packages/cli/[39msrc/config/config.test.ts:127:20
    at file:///Users/adarshkant/Desktop/linux-mac-os/linuxos-ai/node_modules/[4m@vitest[24m/runner/dist/chunk-hooks.js:752:20 {
  errno: [33m-2[39m,
  code: [32m&apos;ENOENT&apos;[39m,
  syscall: [32m&apos;mkdir&apos;[39m,
  path: [32m&apos;/mock/home/user/.gemini&apos;[39m
}

            </system-err>
        </testcase>
        <testcase classname="src/config/config.test.ts" name="loadCliConfig telemetry &gt; should use telemetry value from settings if CLI flag is not present (settings true)" time="0.003074209">
            <system-err>
Error accessing installation ID file, generating ephemeral ID: Error: ENOENT: no such file or directory, mkdir &apos;/mock/home/user/.gemini&apos;
[90m    at Proxy.mkdirSync (node:fs:1363:26)[39m
    at ensureGeminiDirExists (/Users/adarshkant/Desktop/linux-mac-os/linuxos-ai/packages/core/src/utils/user_id.ts:19:8)
    at getInstallationId (/Users/adarshkant/Desktop/linux-mac-os/linuxos-ai/packages/core/src/utils/user_id.ts:42:5)
    at ClearcutLogger.createLogEvent (/Users/adarshkant/Desktop/linux-mac-os/linuxos-ai/packages/core/src/telemetry/clearcut-logger/clearcut-logger.ts:74:43)
    at ClearcutLogger.logStartSessionEvent (/Users/adarshkant/Desktop/linux-mac-os/linuxos-ai/packages/core/src/telemetry/clearcut-logger/clearcut-logger.ts:245:31)
    at new Config (/Users/adarshkant/Desktop/linux-mac-os/linuxos-ai/packages/core/src/config/config.ts:224:41)
    at Module.loadCliConfig [90m(/Users/adarshkant/Desktop/linux-mac-os/linuxos-ai/packages/cli/[39msrc/config/config.ts:201:10[90m)[39m
[90m    at processTicksAndRejections (node:internal/process/task_queues:105:5)[39m
    at [90m/Users/adarshkant/Desktop/linux-mac-os/linuxos-ai/packages/cli/[39msrc/config/config.test.ts:134:20
    at file:///Users/adarshkant/Desktop/linux-mac-os/linuxos-ai/node_modules/[4m@vitest[24m/runner/dist/chunk-hooks.js:752:20 {
  errno: [33m-2[39m,
  code: [32m&apos;ENOENT&apos;[39m,
  syscall: [32m&apos;mkdir&apos;[39m,
  path: [32m&apos;/mock/home/user/.gemini&apos;[39m
}

            </system-err>
        </testcase>
        <testcase classname="src/config/config.test.ts" name="loadCliConfig telemetry &gt; should use telemetry value from settings if CLI flag is not present (settings false)" time="0.003934542">
            <system-err>
Error accessing installation ID file, generating ephemeral ID: Error: ENOENT: no such file or directory, mkdir &apos;/mock/home/user/.gemini&apos;
[90m    at Proxy.mkdirSync (node:fs:1363:26)[39m
    at ensureGeminiDirExists (/Users/adarshkant/Desktop/linux-mac-os/linuxos-ai/packages/core/src/utils/user_id.ts:19:8)
    at getInstallationId (/Users/adarshkant/Desktop/linux-mac-os/linuxos-ai/packages/core/src/utils/user_id.ts:42:5)
    at ClearcutLogger.createLogEvent (/Users/adarshkant/Desktop/linux-mac-os/linuxos-ai/packages/core/src/telemetry/clearcut-logger/clearcut-logger.ts:74:43)
    at ClearcutLogger.logStartSessionEvent (/Users/adarshkant/Desktop/linux-mac-os/linuxos-ai/packages/core/src/telemetry/clearcut-logger/clearcut-logger.ts:245:31)
    at new Config (/Users/adarshkant/Desktop/linux-mac-os/linuxos-ai/packages/core/src/config/config.ts:224:41)
    at Module.loadCliConfig [90m(/Users/adarshkant/Desktop/linux-mac-os/linuxos-ai/packages/cli/[39msrc/config/config.ts:201:10[90m)[39m
[90m    at processTicksAndRejections (node:internal/process/task_queues:105:5)[39m
    at [90m/Users/adarshkant/Desktop/linux-mac-os/linuxos-ai/packages/cli/[39msrc/config/config.test.ts:141:20
    at file:///Users/adarshkant/Desktop/linux-mac-os/linuxos-ai/node_modules/[4m@vitest[24m/runner/dist/chunk-hooks.js:752:20 {
  errno: [33m-2[39m,
  code: [32m&apos;ENOENT&apos;[39m,
  syscall: [32m&apos;mkdir&apos;[39m,
  path: [32m&apos;/mock/home/user/.gemini&apos;[39m
}

            </system-err>
        </testcase>
        <testcase classname="src/config/config.test.ts" name="loadCliConfig telemetry &gt; should prioritize --telemetry CLI flag (true) over settings (false)" time="0.003718041">
            <system-err>
Error accessing installation ID file, generating ephemeral ID: Error: ENOENT: no such file or directory, mkdir &apos;/mock/home/user/.gemini&apos;
[90m    at Proxy.mkdirSync (node:fs:1363:26)[39m
[...]
        </testcase>
        <testcase classname="src/ui/components/shared/text-buffer.test.ts" name="useTextBuffer &gt; Visual Layout &amp; Viewport &gt; should wrap long lines correctly into visualLines" time="0.002417667">
        </testcase>
        <testcase classname="src/ui/components/shared/text-buffer.test.ts" name="useTextBuffer &gt; Visual Layout &amp; Viewport &gt; should update visualScrollRow when visualCursor moves out of viewport" time="0.003670084">
        </testcase>
        <testcase classname="src/ui/components/shared/text-buffer.test.ts" name="useTextBuffer &gt; Undo/Redo &gt; should undo and redo an insert operation" time="0.002438084">
        </testcase>
        <testcase classname="src/ui/components/shared/text-buffer.test.ts" name="useTextBuffer &gt; Undo/Redo &gt; should undo and redo a newline operation" time="0.004467458">
        </testcase>
        <testcase classname="src/ui/components/shared/text-buffer.test.ts" name="useTextBuffer &gt; Unicode Handling &gt; insert: should correctly handle multi-byte unicode characters" time="0.001194166">
        </testcase>
        <testcase classname="src/ui/components/shared/text-buffer.test.ts" name="useTextBuffer &gt; Unicode Handling &gt; backspace: should correctly delete multi-byte unicode characters" time="0.001242708">
        </testcase>
        <testcase classname="src/ui/components/shared/text-buffer.test.ts" name="useTextBuffer &gt; Unicode Handling &gt; move: left/right should treat multi-byte chars as single units for visual cursor" time="0.001116042">
        </testcase>
        <testcase classname="src/ui/components/shared/text-buffer.test.ts" name="useTextBuffer &gt; handleInput &gt; should insert printable characters" time="0.018463959">
        </testcase>
        <testcase classname="src/ui/components/shared/text-buffer.test.ts" name="useTextBuffer &gt; handleInput &gt; should handle &quot;Enter&quot; key as newline" time="0.006988583">
        </testcase>
        <testcase classname="src/ui/components/shared/text-buffer.test.ts" name="useTextBuffer &gt; handleInput &gt; should handle &quot;Backspace&quot; key" time="0.003740667">
        </testcase>
        <testcase classname="src/ui/components/shared/text-buffer.test.ts" name="useTextBuffer &gt; handleInput &gt; should handle multiple delete characters in one input" time="0.001695875">
        </testcase>
        <testcase classname="src/ui/components/shared/text-buffer.test.ts" name="useTextBuffer &gt; handleInput &gt; should handle inserts that contain delete characters " time="0.001203667">
        </testcase>
        <testcase classname="src/ui/components/shared/text-buffer.test.ts" name="useTextBuffer &gt; handleInput &gt; should handle inserts with a mix of regular and delete characters " time="0.000979417">
        </testcase>
        <testcase classname="src/ui/components/shared/text-buffer.test.ts" name="useTextBuffer &gt; handleInput &gt; should handle arrow keys for movement" time="0.001032375">
        </testcase>
        <testcase classname="src/ui/components/shared/text-buffer.test.ts" name="useTextBuffer &gt; handleInput &gt; should strip ANSI escape codes when pasting text" time="0.002141125">
        </testcase>
        <testcase classname="src/ui/components/shared/text-buffer.test.ts" name="useTextBuffer &gt; handleInput &gt; should handle VSCode terminal Shift+Enter as newline" time="0.002539708">
        </testcase>
        <testcase classname="src/ui/components/shared/text-buffer.test.ts" name="useTextBuffer &gt; handleInput &gt; should correctly handle repeated pasting of long text" time="0.036245875">
        </testcase>
        <testcase classname="src/ui/components/shared/text-buffer.test.ts" name="useTextBuffer &gt; replaceRange &gt; should replace a single-line range with single-line text" time="0.001212375">
        </testcase>
        <testcase classname="src/ui/components/shared/text-buffer.test.ts" name="useTextBuffer &gt; replaceRange &gt; should replace a multi-line range with single-line text" time="0.002436583">
        </testcase>
        <testcase classname="src/ui/components/shared/text-buffer.test.ts" name="useTextBuffer &gt; replaceRange &gt; should delete a range when replacing with an empty string" time="0.002287917">
        </testcase>
        <testcase classname="src/ui/components/shared/text-buffer.test.ts" name="useTextBuffer &gt; replaceRange &gt; should handle replacing at the beginning of the text" time="0.001568917">
        </testcase>
        <testcase classname="src/ui/components/shared/text-buffer.test.ts" name="useTextBuffer &gt; replaceRange &gt; should handle replacing at the end of the text" time="0.002931834">
        </testcase>
        <testcase classname="src/ui/components/shared/text-buffer.test.ts" name="useTextBuffer &gt; replaceRange &gt; should handle replacing the entire buffer content" time="0.002062167">
        </testcase>
        <testcase classname="src/ui/components/shared/text-buffer.test.ts" name="useTextBuffer &gt; replaceRange &gt; should correctly replace with unicode characters" time="0.001412166">
        </testcase>
        <testcase classname="src/ui/components/shared/text-buffer.test.ts" name="useTextBuffer &gt; replaceRange &gt; should handle invalid range by returning false and not changing text" time="0.001234208">
            <system-err>
Invalid range provided to replaceRange {
  startRow: [33m0[39m,
  startCol: [33m5[39m,
  endRow: [33m0[39m,
  endCol: [33m3[39m,
  linesLength: [33m1[39m,
  endRowLineLength: [33m4[39m
}
Invalid range provided to replaceRange {
  startRow: [33m1[39m,
  startCol: [33m0[39m,
  endRow: [33m0[39m,
  endCol: [33m0[39m,
  linesLength: [33m1[39m,
  endRowLineLength: [33m4[39m
}

            </system-err>
        </testcase>
        <testcase classname="src/ui/components/shared/text-buffer.test.ts" name="useTextBuffer &gt; replaceRange &gt; replaceRange: multiple lines with a single character" time="0.000799875">
        </testcase>
        <testcase classname="src/ui/components/shared/text-buffer.test.ts" name="useTextBuffer &gt; Input Sanitization &gt; should strip ANSI escape codes from input" time="0.000758084">
        </testcase>
        <testcase classname="src/ui/components/shared/text-buffer.test.ts" name="useTextBuffer &gt; Input Sanitization &gt; should strip control characters from input" time="0.000700584">
        </testcase>
        <testcase classname="src/ui/components/shared/text-buffer.test.ts" name="useTextBuffer &gt; Input Sanitization &gt; should strip mixed ANSI and control characters from input" time="0.000698166">
        </testcase>
        <testcase classname="src/ui/components/shared/text-buffer.test.ts" name="useTextBuffer &gt; Input Sanitization &gt; should not strip standard characters or newlines" time="0.004465541">
        </testcase>
        <testcase classname="src/ui/components/shared/text-buffer.test.ts" name="useTextBuffer &gt; Input Sanitization &gt; should sanitize pasted text via handleInput" time="0.002118209">
        </testcase>
        <testcase classname="src/ui/components/shared/text-buffer.test.ts" name="offsetToLogicalPos &gt; should return [0,0] for offset 0" time="0.000100958">
        </testcase>
        <testcase classname="src/ui/components/shared/text-buffer.test.ts" name="offsetToLogicalPos &gt; should handle single line text" time="0.000112">
        </testcase>
        <testcase classname="src/ui/components/shared/text-buffer.test.ts" name="offsetToLogicalPos &gt; should handle multi-line text" time="0.000571875">
        </testcase>
        <testcase classname="src/ui/components/shared/text-buffer.test.ts" name="offsetToLogicalPos &gt; should handle empty lines" time="0.000702916">
        </testcase>
        <testcase classname="src/ui/components/shared/text-buffer.test.ts" name="offsetToLogicalPos &gt; should handle text ending with a newline" time="0.001495458">
        </testcase>
        <testcase classname="src/ui/components/shared/text-buffer.test.ts" name="offsetToLogicalPos &gt; should handle text starting with a newline" time="0.000441625">
        </testcase>
        <testcase classname="src/ui/components/shared/text-buffer.test.ts" name="offsetToLogicalPos &gt; should handle empty string input" time="0.000252083">
        </testcase>
        <testcase classname="src/ui/components/shared/text-buffer.test.ts" name="offsetToLogicalPos &gt; should handle multi-byte unicode characters correctly" time="0.000487083">
        </testcase>
        <testcase classname="src/ui/components/shared/text-buffer.test.ts" name="offsetToLogicalPos &gt; should handle offset exactly at newline character" time="0.000089875">
        </testcase>
        <testcase classname="src/ui/components/shared/text-buffer.test.ts" name="offsetToLogicalPos &gt; should handle offset in the middle of a multi-byte character (should place at start of that char)" time="0.000266791">
        </testcase>
    </testsuite>
    <testsuite name="src/ui/components/messages/DiffRenderer.test.js" timestamp="2025-07-02T17:04:50.306Z" hostname="Adarshs-MacBook-Pro.local" tests="1" failures="1" errors="0" skipped="0" time="0">
        <testcase classname="src/ui/components/messages/DiffRenderer.test.js" name="src/ui/components/messages/DiffRenderer.test.js" time="0">
            <failure message="Failed to parse source for import analysis because the content contains invalid JS syntax. If you are using JSX, make sure to name the file with the .jsx or .tsx extension." type="Error">
Error: Failed to parse source for import analysis because the content contains invalid JS syntax. If you are using JSX, make sure to name the file with the .jsx or .tsx extension.
  Plugin: vite:import-analysis
  File: /Users/adarshkant/Desktop/linux-mac-os/linuxos-ai/packages/cli/src/ui/components/messages/DiffRenderer.test.js:41:6
  27 |          render(&lt;OverflowProvider&gt;
  28 |          &lt;DiffRenderer diffContent={newFileDiffContent} filename=&quot;test.py&quot; terminalWidth={80}/&gt;
  29 |        &lt;/OverflowProvider&gt;);
     |                             ^
  30 |          expect(mockColorizeCode).toHaveBeenCalledWith(&apos;print(&quot;hello world&quot;)&apos;, &apos;python&apos;, undefined, 80);
  31 |      });
 ❯ TransformPluginContext._formatLog ../../node_modules/vite/dist/node/chunks/dep-Bsx9IwL8.js:31446:43
 ❯ TransformPluginContext.error ../../node_modules/vite/dist/node/chunks/dep-Bsx9IwL8.js:31443:14
 ❯ TransformPluginContext.transform ../../node_modules/vite/dist/node/chunks/dep-Bsx9IwL8.js:29955:10
 ❯ EnvironmentPluginContainer.transform ../../node_modules/vite/dist/node/chunks/dep-Bsx9IwL8.js:31260:14
 ❯ loadAndTransform ../../node_modules/vite/dist/node/chunks/dep-Bsx9IwL8.js:26434:26
            </failure>
        </testcase>
    </testsuite>
    <testsuite name="src/ui/components/messages/DiffRenderer.test.tsx" timestamp="2025-07-02T17:04:50.306Z" hostname="Adarshs-MacBook-Pro.local" tests="1" failures="1" errors="0" skipped="0" time="0">
        <testcase classname="src/ui/components/messages/DiffRenderer.test.tsx" name="src/ui/components/messages/DiffRenderer.test.tsx" time="0">
            <failure message="Failed to parse source for import analysis because the content contains invalid JS syntax. If you are using JSX, make sure to name the file with the .jsx or .tsx extension." type="Error">
Error: Failed to parse source for import analysis because the content contains invalid JS syntax. If you are using JSX, make sure to name the file with the .jsx or .tsx extension.
  Plugin: vite:import-analysis
  File: /Users/adarshkant/Desktop/linux-mac-os/linuxos-ai/packages/cli/src/ui/contexts/OverflowContext.js:85:4
  41 |        &lt;OverflowActionsContext.Provider value={actionsValue}&gt;
  42 |          {children}
  43 |        &lt;/OverflowActionsContext.Provider&gt;
     |                                          ^
  44 |      &lt;/OverflowStateContext.Provider&gt;);
  45 |  };
 ❯ TransformPluginContext._formatLog ../../node_modules/vite/dist/node/chunks/dep-Bsx9IwL8.js:31446:43
 ❯ TransformPluginContext.error ../../node_modules/vite/dist/node/chunks/dep-Bsx9IwL8.js:31443:14
 ❯ TransformPluginContext.transform ../../node_modules/vite/dist/node/chunks/dep-Bsx9IwL8.js:29955:10
 ❯ EnvironmentPluginContainer.transform ../../node_modules/vite/dist/node/chunks/dep-Bsx9IwL8.js:31260:14
 ❯ loadAndTransform ../../node_modules/vite/dist/node/chunks/dep-Bsx9IwL8.js:26434:26
            </failure>
        </testcase>
    </testsuite>
    <testsuite name="src/ui/components/messages/ToolConfirmationMessage.test.js" timestamp="2025-07-02T17:04:50.306Z" hostname="Adarshs-MacBook-Pro.local" tests="1" failures="1" errors="0" skipped="0" time="0">
        <testcase classname="src/ui/components/messages/ToolConfirmationMessage.test.js" name="src/ui/components/messages/ToolConfirmationMessage.test.js" time="0">
            <failure message="Parse failure: Expression expected
At file: /Users/adarshkant/Desktop/linux-mac-os/linuxos-ai/packages/cli/src/ui/components/messages/ToolConfirmationMessage.test.js:18:37" type="RollupError">
RollupError: Parse failure: Expression expected
At file: /Users/adarshkant/Desktop/linux-mac-os/linuxos-ai/packages/cli/src/ui/components/messages/ToolConfirmationMessage.test.js:18:37
  File: /Users/adarshkant/Desktop/linux-mac-os/linuxos-ai/packages/cli/src/ui/components/messages/ToolConfirmationMessage.test.js:18:37
  16 |              onConfirm: vi.fn(),
  17 |          };
  18 |          const { lastFrame } = render(&lt;ToolConfirmationMessage confirmationDetails={confirmationDetails} availableTerminalHeight={30} terminalWidth={80}/&gt;);
     |                                       ^
  19 |          expect(lastFrame()).not.toContain(&apos;URLs to fetch:&apos;);
  20 |      });
 ❯ getRollupError ../../node_modules/rollup/dist/es/shared/parseAst.js:401:41
 ❯ convertProgram ../../node_modules/rollup/dist/es/shared/parseAst.js:1089:26
 ❯ parseAstAsync ../../node_modules/rollup/dist/es/shared/parseAst.js:2075:106
 ❯ ssrTransformScript ../../node_modules/vite/dist/node/chunks/dep-Bsx9IwL8.js:19135:9
            </failure>
        </testcase>
    </testsuite>
    <testsuite name="src/ui/components/messages/ToolConfirmationMessage.test.tsx" timestamp="2025-07-02T17:04:50.307Z" hostname="Adarshs-MacBook-Pro.local" tests="1" failures="1" errors="0" skipped="0" time="0">
        <testcase classname="src/ui/components/messages/ToolConfirmationMessage.test.tsx" name="src/ui/components/messages/ToolConfirmationMessage.test.tsx" time="0">
            <failure message="Failed to parse source for import analysis because the content contains invalid JS syntax. If you are using JSX, make sure to name the file with the .jsx or .tsx extension." type="Error">
Error: Failed to parse source for import analysis because the content contains invalid JS syntax. If you are using JSX, make sure to name the file with the .jsx or .tsx extension.
  Plugin: vite:import-analysis
  File: /Users/adarshkant/Desktop/linux-mac-os/linuxos-ai/packages/cli/src/ui/components/messages/ToolConfirmationMessage.js:100:10
  52 |          if (confirmationDetails.isModifying) {
  53 |              return (&lt;Box minWidth=&quot;90%&quot; borderStyle=&quot;round&quot; borderColor={Colors.Gray} justifyContent=&quot;space-around&quot; padding={1} overflow=&quot;hidden&quot;&gt;
  54 |            &lt;Text&gt;Modify in progress: &lt;/Text&gt;
     |                                             ^
  55 |            &lt;Text color={Colors.AccentGreen}&gt;
  56 |              Save and close external editor to continue
 ❯ TransformPluginContext._formatLog ../../node_modules/vite/dist/node/chunks/dep-Bsx9IwL8.js:31446:43
 ❯ TransformPluginContext.error ../../node_modules/vite/dist/node/chunks/dep-Bsx9IwL8.js:31443:14
 ❯ TransformPluginContext.transform ../../node_modules/vite/dist/node/chunks/dep-Bsx9IwL8.js:29955:10
 ❯ EnvironmentPluginContainer.transform ../../node_modules/vite/dist/node/chunks/dep-Bsx9IwL8.js:31260:14
 ❯ loadAndTransform ../../node_modules/vite/dist/node/chunks/dep-Bsx9IwL8.js:26434:26
            </failure>
        </testcase>
    </testsuite>
    <testsuite name="src/ui/components/messages/ToolMessage.test.js" timestamp="2025-07-02T17:04:50.307Z" hostname="Adarshs-MacBook-Pro.local" tests="1" failures="1" errors="0" skipped="0" time="0">
        <testcase classname="src/ui/components/messages/ToolMessage.test.js" name="src/ui/components/messages/ToolMessage.test.js" time="0">
            <failure message="Failed to parse source for import analysis because the content contains invalid JS syntax. If you are using JSX, make sure to name the file with the .jsx or .tsx extension." type="Error">
Error: Failed to parse source for import analysis because the content contains invalid JS syntax. If you are using JSX, make sure to name the file with the .jsx or .tsx extension.
  Plugin: vite:import-analysis
  File: /Users/adarshkant/Desktop/linux-mac-os/linuxos-ai/packages/cli/src/ui/components/messages/ToolMessage.test.js:23:48
  15 |          const streamingState = React.useContext(StreamingContext);
  16 |          if (streamingState === StreamingState.Responding) {
  17 |              return &lt;Text&gt;MockRespondingSpinner&lt;/Text&gt;;
     |                                                        ^
  18 |          }
  19 |          return nonRespondingDisplay ? &lt;Text&gt;{nonRespondingDisplay}&lt;/Text&gt; : null;
 ❯ TransformPluginContext._formatLog ../../node_modules/vite/dist/node/chunks/dep-Bsx9IwL8.js:31446:43
 ❯ TransformPluginContext.error ../../node_modules/vite/dist/node/chunks/dep-Bsx9IwL8.js:31443:14
 ❯ TransformPluginContext.transform ../../node_modules/vite/dist/node/chunks/dep-Bsx9IwL8.js:29955:10
 ❯ EnvironmentPluginContainer.transform ../../node_modules/vite/dist/node/chunks/dep-Bsx9IwL8.js:31260:14
 ❯ loadAndTransform ../../node_modules/vite/dist/node/chunks/dep-Bsx9IwL8.js:26434:26
            </failure>
        </testcase>
    </testsuite>
    <testsuite name="src/ui/components/messages/ToolMessage.test.tsx" timestamp="2025-07-02T17:04:50.307Z" hostname="Adarshs-MacBook-Pro.local" tests="1" failures="1" errors="0" skipped="0" time="0">
        <testcase classname="src/ui/components/messages/ToolMessage.test.tsx" name="src/ui/components/messages/ToolMessage.test.tsx" time="0">
            <failure message="Failed to parse source for import analysis because the content contains invalid JS syntax. If you are using JSX, make sure to name the file with the .jsx or .tsx extension." type="Error">
Error: Failed to parse source for import analysis because the content contains invalid JS syntax. If you are using JSX, make sure to name the file with the .jsx or .tsx extension.
  Plugin: vite:import-analysis
  File: /Users/adarshkant/Desktop/linux-mac-os/linuxos-ai/packages/cli/src/ui/components/messages/ToolMessage.js:77:6
  42 |          &lt;ToolInfo name={name} status={status} description={description} emphasis={emphasis}/&gt;
  43 |          {emphasis === &apos;high&apos; &amp;&amp; &lt;TrailingIndicator /&gt;}
  44 |        &lt;/Box&gt;
     |              ^
  45 |        {resultDisplay &amp;&amp; (&lt;Box paddingLeft={STATUS_INDICATOR_WIDTH} width=&quot;100%&quot; marginTop={1}&gt;
  46 |            &lt;Box flexDirection=&quot;column&quot;&gt;
 ❯ TransformPluginContext._formatLog ../../node_modules/vite/dist/node/chunks/dep-Bsx9IwL8.js:31446:43
 ❯ TransformPluginContext.error ../../node_modules/vite/dist/node/chunks/dep-Bsx9IwL8.js:31443:14
 ❯ TransformPluginContext.transform ../../node_modules/vite/dist/node/chunks/dep-Bsx9IwL8.js:29955:10
 ❯ EnvironmentPluginContainer.transform ../../node_modules/vite/dist/node/chunks/dep-Bsx9IwL8.js:31260:14
 ❯ loadAndTransform ../../node_modules/vite/dist/node/chunks/dep-Bsx9IwL8.js:26434:26
            </failure>
        </testcase>
    </testsuite>
</testsuites>
